SF:CommandDotNet/AppConfigBuilder.cs
FN:98,CommandDotNet.AppConfigBuilder CommandDotNet.AppConfigBuilder::UseParameterResolver(System.Func`2<CommandDotNet.CommandContext,T>)
FNDA:28,CommandDotNet.AppConfigBuilder CommandDotNet.AppConfigBuilder::UseParameterResolver(System.Func`2<CommandDotNet.CommandContext,T>)
DA:99,28
DA:100,28
DA:102,28
DA:103,28
DA:104,28
DA:105,28
FN:111,CommandDotNet.AppConfigBuilder CommandDotNet.AppConfigBuilder::UseTokenTransformation(System.String,System.Int32,System.Func`3<CommandDotNet.CommandContext,CommandDotNet.Tokens.TokenCollection,CommandDotNet.Tokens.TokenCollection>)
FNDA:18,CommandDotNet.AppConfigBuilder CommandDotNet.AppConfigBuilder::UseTokenTransformation(System.String,System.Int32,System.Func`3<CommandDotNet.CommandContext,CommandDotNet.Tokens.TokenCollection,CommandDotNet.Tokens.TokenCollection>)
DA:112,18
DA:113,18
DA:114,18
DA:116,18
DA:117,17
DA:119,17
DA:120,17
FN:126,CommandDotNet.AppConfigBuilder CommandDotNet.AppConfigBuilder::UseMiddleware(CommandDotNet.Execution.ExecutionMiddleware,CommandDotNet.Execution.MiddlewareStep,System.Boolean)
FNDA:10602,CommandDotNet.AppConfigBuilder CommandDotNet.AppConfigBuilder::UseMiddleware(CommandDotNet.Execution.ExecutionMiddleware,CommandDotNet.Execution.MiddlewareStep,System.Boolean)
DA:127,10602
DA:128,10602
DA:129,10598
DA:130,10598
DA:131,10590
DA:133,10594
DA:134,10594
DA:136,10594
DA:138,10594
DA:139,10594
BRDA:128,7,0,10598
BRDA:128,7,1,10594
FN:147,CommandDotNet.AppConfigBuilder CommandDotNet.AppConfigBuilder::UseMiddleware(CommandDotNet.Execution.ExecutionMiddleware,CommandDotNet.Execution.MiddlewareStages,System.Nullable`1<System.Int16>,System.Boolean)
FNDA:111,CommandDotNet.AppConfigBuilder CommandDotNet.AppConfigBuilder::UseMiddleware(CommandDotNet.Execution.ExecutionMiddleware,CommandDotNet.Execution.MiddlewareStages,System.Nullable`1<System.Int16>,System.Boolean)
DA:148,111
DA:149,111
DA:150,109
FN:152,CommandDotNet.Execution.AppConfig CommandDotNet.AppConfigBuilder::Build()
FNDA:772,CommandDotNet.Execution.AppConfig CommandDotNet.AppConfigBuilder::Build()
DA:153,772
DA:154,772
DA:156,772
DA:157,772
DA:158,772
DA:159,772
DA:160,772
DA:161,772
DA:162,772
DA:163,772
DA:165,772
DA:166,772
DA:167,772
DA:169,772
DA:170,772
DA:171,772
DA:172,772
DA:173,772
BRDA:154,8,0,772
BRDA:154,8,1,772
FN:20,System.Void CommandDotNet.AppConfigBuilder::.ctor(CommandDotNet.AppSettings)
FNDA:783,System.Void CommandDotNet.AppConfigBuilder::.ctor(CommandDotNet.AppSettings)
DA:21,783
DA:22,783
DA:23,783
DA:24,783
DA:25,783
DA:26,783
DA:28,783
DA:29,783
DA:30,783
DA:32,783
DA:33,783
DA:34,783
DA:35,783
DA:36,783
DA:37,783
DA:38,783
DA:39,783
DA:40,783
DA:42,783
DA:43,783
DA:44,783
DA:45,783
DA:46,783
FN:183,System.Void CommandDotNet.AppConfigBuilder/SingleRegistrationGuard`1::Register(T)
FNDA:10644,System.Void CommandDotNet.AppConfigBuilder/SingleRegistrationGuard`1::Register(T)
DA:184,10644
DA:185,10644
DA:186,9
DA:187,9
DA:188,9
DA:189,7
DA:190,7
DA:191,7
DA:192,7
DA:193,7
DA:194,7
DA:195,9
DA:197,10635
DA:198,10635
BRDA:185,17,0,9
BRDA:187,44,0,0
BRDA:187,44,1,9
BRDA:188,68,0,8
BRDA:188,68,1,1
BRDA:188,81,0,7
BRDA:190,91,0,1
BRDA:190,91,1,7
BRDA:188,81,1,9
BRDA:185,17,1,10635
FN:174,System.Void CommandDotNet.AppConfigBuilder/SingleRegistrationGuard`1::.ctor(System.String,System.Func`2<T,System.String>)
FNDA:2349,System.Void CommandDotNet.AppConfigBuilder/SingleRegistrationGuard`1::.ctor(System.String,System.Func`2<T,System.String>)
DA:175,2349
DA:178,2349
DA:179,2349
DA:181,2349
FN:202,System.Boolean CommandDotNet.AppConfigBuilder/SingleRegistrationGuard`1/SingleRegistrationInfo::get_InUseDefaultMiddleware()
FNDA:8,System.Boolean CommandDotNet.AppConfigBuilder/SingleRegistrationGuard`1/SingleRegistrationInfo::get_InUseDefaultMiddleware()
DA:203,8
FN:201,System.Void CommandDotNet.AppConfigBuilder/SingleRegistrationGuard`1/SingleRegistrationInfo::.ctor()
FNDA:10635,System.Void CommandDotNet.AppConfigBuilder/SingleRegistrationGuard`1/SingleRegistrationInfo::.ctor()
DA:202,10635
LF:87
LH:87
BRF:14
BRH:13
FNF:10
FNH:10
end_of_record
SF:CommandDotNet/AppRunner.cs
FN:31,System.Void CommandDotNet.AppRunner`1::.ctor(CommandDotNet.AppSettings,CommandDotNet.Resources)
FNDA:765,System.Void CommandDotNet.AppRunner`1::.ctor(CommandDotNet.AppSettings,CommandDotNet.Resources)
DA:32,765
FN:78,CommandDotNet.AppRunner CommandDotNet.AppRunner::Configure(System.Action`1<CommandDotNet.AppConfigBuilder>)
FNDA:5258,CommandDotNet.AppRunner CommandDotNet.AppRunner::Configure(System.Action`1<CommandDotNet.AppConfigBuilder>)
DA:79,5258
DA:80,5258
DA:81,5251
DA:82,5251
FN:90,System.Int32 CommandDotNet.AppRunner::Run(System.String[])
FNDA:770,System.Int32 CommandDotNet.AppRunner::Run(System.String[])
DA:91,770
DA:92,770
DA:94,770
DA:95,770
DA:96,770
DA:97,770
DA:98,770
DA:100,40
DA:101,40
DA:102,40
DA:104,761
FN:128,CommandDotNet.AppRunner CommandDotNet.AppRunner::UseErrorHandler(CommandDotNet.HandleErrorDelegate)
FNDA:35,CommandDotNet.AppRunner CommandDotNet.AppRunner::UseErrorHandler(CommandDotNet.HandleErrorDelegate)
DA:129,35
DA:130,35
DA:131,35
DA:132,35
FN:134,CommandDotNet.CommandContext CommandDotNet.AppRunner::BuildCommandContext(System.String[])
FNDA:770,CommandDotNet.CommandContext CommandDotNet.AppRunner::BuildCommandContext(System.String[])
DA:135,770
DA:136,770
DA:137,770
DA:138,770
DA:139,770
DA:140,770
BRDA:137,34,0,770
BRDA:137,34,1,770
FN:142,System.Void CommandDotNet.AppRunner::AddCoreMiddleware()
FNDA:779,System.Void CommandDotNet.AppRunner::AddCoreMiddleware()
DA:143,779
DA:144,779
DA:145,779
DA:146,779
DA:147,779
DA:149,779
DA:150,779
DA:151,779
DA:152,779
DA:158,779
FN:167,System.Int32 CommandDotNet.AppRunner::HandleException(System.Exception,CommandDotNet.CommandContext)
FNDA:40,System.Int32 CommandDotNet.AppRunner::HandleException(System.Exception,CommandDotNet.CommandContext)
DA:168,40
DA:169,40
DA:171,40
DA:173,40
DA:174,1
DA:175,1
DA:176,1
DA:178,39
DA:179,21
DA:180,21
DA:181,21
DA:183,18
DA:184,9
DA:185,9
DA:187,9
DA:188,9
DA:189,9
DA:190,9
DA:192,9
DA:196,0
DA:197,31
BRDA:171,10,0,0
BRDA:171,10,1,40
BRDA:171,22,0,0
BRDA:171,32,0,0
BRDA:171,32,1,0
BRDA:171,44,0,0
BRDA:171,22,1,40
BRDA:171,44,1,40
BRDA:173,63,0,1
BRDA:173,63,1,39
BRDA:178,118,0,21
BRDA:178,118,1,18
BRDA:183,171,0,9
BRDA:183,171,1,9
BRDA:187,199,0,9
BRDA:187,199,1,9
FN:198,System.String CommandDotNet.AppRunner::ToString()
FNDA:0,System.String CommandDotNet.AppRunner::ToString()
DA:199,0
FN:201,System.String CommandDotNet.AppRunner::ToString(CommandDotNet.Indent)
FNDA:0,System.String CommandDotNet.AppRunner::ToString(CommandDotNet.Indent)
DA:202,0
DA:203,0
DA:204,0
BRDA:202,6,0,0
BRDA:202,6,1,0
FN:50,System.Void CommandDotNet.AppRunner::.cctor()
FNDA:1,System.Void CommandDotNet.AppRunner::.cctor()
DA:51,1
FN:52,System.Void CommandDotNet.AppRunner::.ctor(System.Type,CommandDotNet.AppSettings,CommandDotNet.Resources)
FNDA:779,System.Void CommandDotNet.AppRunner::.ctor(System.Type,CommandDotNet.AppSettings,CommandDotNet.Resources)
DA:53,779
DA:54,779
DA:55,779
DA:56,779
DA:57,779
DA:59,779
DA:60,779
DA:62,779
DA:63,779
DA:64,0
DA:65,0
DA:66,0
DA:67,779
DA:68,1
DA:69,1
DA:70,1
DA:71,1
DA:72,1
DA:74,779
DA:75,779
DA:76,779
BRDA:59,18,0,0
BRDA:59,18,1,779
BRDA:60,40,0,565
BRDA:60,40,1,779
BRDA:63,71,0,0
BRDA:63,71,1,779
BRDA:67,94,0,1
BRDA:67,94,1,779
LF:83
LH:75
BRF:28
BRH:19
FNF:11
FNH:9
end_of_record
SF:CommandDotNet/AppRunnerConfigExtensions.cs
FN:21,System.Boolean CommandDotNet.AppRunnerConfigExtensions::get_InUseDefaultMiddleware()
FNDA:9,System.Boolean CommandDotNet.AppRunnerConfigExtensions::get_InUseDefaultMiddleware()
DA:22,9
FN:36,CommandDotNet.AppRunner CommandDotNet.AppRunnerConfigExtensions::UseDefaultMiddleware(CommandDotNet.AppRunner,System.Boolean,System.Boolean,System.Boolean,System.Boolean,System.Boolean,System.Boolean,System.Boolean)
FNDA:8,CommandDotNet.AppRunner CommandDotNet.AppRunnerConfigExtensions::UseDefaultMiddleware(CommandDotNet.AppRunner,System.Boolean,System.Boolean,System.Boolean,System.Boolean,System.Boolean,System.Boolean,System.Boolean)
DA:37,8
DA:38,8
DA:39,8
DA:40,8
DA:41,8
DA:42,8
DA:43,8
DA:44,8
DA:45,8
DA:46,7
DA:47,7
DA:48,7
DA:49,7
DA:50,7
DA:51,7
DA:52,7
DA:53,7
DA:54,7
DA:55,7
DA:56,7
DA:57,7
DA:58,7
DA:59,7
DA:60,7
DA:61,7
DA:62,7
DA:63,7
DA:64,7
DA:65,7
DA:66,7
DA:75,7
FN:78,CommandDotNet.AppRunner CommandDotNet.AppRunnerConfigExtensions::UseTypoSuggestions(CommandDotNet.AppRunner,System.Int32)
FNDA:22,CommandDotNet.AppRunner CommandDotNet.AppRunnerConfigExtensions::UseTypoSuggestions(CommandDotNet.AppRunner,System.Int32)
DA:79,22
FN:82,CommandDotNet.AppRunner CommandDotNet.AppRunnerConfigExtensions::UseVersionMiddleware(CommandDotNet.AppRunner)
FNDA:12,CommandDotNet.AppRunner CommandDotNet.AppRunnerConfigExtensions::UseVersionMiddleware(CommandDotNet.AppRunner)
DA:83,12
FN:89,CommandDotNet.AppRunner CommandDotNet.AppRunnerConfigExtensions::UseDebugDirective(CommandDotNet.AppRunner)
FNDA:11,CommandDotNet.AppRunner CommandDotNet.AppRunnerConfigExtensions::UseDebugDirective(CommandDotNet.AppRunner)
DA:90,11
DA:91,11
DA:92,11
DA:93,9
FN:99,CommandDotNet.AppRunner CommandDotNet.AppRunnerConfigExtensions::UseTimeDirective(CommandDotNet.AppRunner)
FNDA:9,CommandDotNet.AppRunner CommandDotNet.AppRunnerConfigExtensions::UseTimeDirective(CommandDotNet.AppRunner)
DA:100,9
DA:101,9
DA:102,9
DA:103,9
FN:108,CommandDotNet.AppRunner CommandDotNet.AppRunnerConfigExtensions::UseParseDirective(CommandDotNet.AppRunner)
FNDA:48,CommandDotNet.AppRunner CommandDotNet.AppRunnerConfigExtensions::UseParseDirective(CommandDotNet.AppRunner)
DA:109,48
DA:110,48
DA:111,48
DA:112,47
FN:118,CommandDotNet.AppRunner CommandDotNet.AppRunnerConfigExtensions::UseLocalizeDirective(CommandDotNet.AppRunner)
FNDA:0,CommandDotNet.AppRunner CommandDotNet.AppRunnerConfigExtensions::UseLocalizeDirective(CommandDotNet.AppRunner)
DA:119,0
DA:120,0
DA:121,0
DA:122,0
FN:137,CommandDotNet.AppRunner CommandDotNet.AppRunnerConfigExtensions::UseDependencyResolver(CommandDotNet.AppRunner,CommandDotNet.Builders.IDependencyResolver,System.Func`2<CommandDotNet.CommandContext,System.IDisposable>,CommandDotNet.Execution.ResolveStrategy,CommandDotNet.Execution.ResolveStrategy)
FNDA:24,CommandDotNet.AppRunner CommandDotNet.AppRunnerConfigExtensions::UseDependencyResolver(CommandDotNet.AppRunner,CommandDotNet.Builders.IDependencyResolver,System.Func`2<CommandDotNet.CommandContext,System.IDisposable>,CommandDotNet.Execution.ResolveStrategy,CommandDotNet.Execution.ResolveStrategy)
DA:138,24
DA:139,24
DA:140,24
DA:141,24
DA:142,24
FN:159,CommandDotNet.AppRunner CommandDotNet.AppRunnerConfigExtensions::UsePrompter(CommandDotNet.AppRunner,System.Func`2<CommandDotNet.CommandContext,CommandDotNet.Prompts.IPrompter>)
FNDA:1,CommandDotNet.AppRunner CommandDotNet.AppRunnerConfigExtensions::UsePrompter(CommandDotNet.AppRunner,System.Func`2<CommandDotNet.CommandContext,CommandDotNet.Prompts.IPrompter>)
DA:160,1
FN:183,CommandDotNet.AppRunner CommandDotNet.AppRunnerConfigExtensions::UseArgumentPrompter(CommandDotNet.AppRunner,System.Func`3<CommandDotNet.CommandContext,CommandDotNet.Prompts.IPrompter,CommandDotNet.Prompts.IArgumentPrompter>,System.Predicate`1<CommandDotNet.IArgument>)
FNDA:44,CommandDotNet.AppRunner CommandDotNet.AppRunnerConfigExtensions::UseArgumentPrompter(CommandDotNet.AppRunner,System.Func`3<CommandDotNet.CommandContext,CommandDotNet.Prompts.IPrompter,CommandDotNet.Prompts.IArgumentPrompter>,System.Predicate`1<CommandDotNet.IArgument>)
DA:184,44
FN:192,CommandDotNet.AppRunner CommandDotNet.AppRunnerConfigExtensions::UseResponseFiles(CommandDotNet.AppRunner,System.Int32)
FNDA:17,CommandDotNet.AppRunner CommandDotNet.AppRunnerConfigExtensions::UseResponseFiles(CommandDotNet.AppRunner,System.Int32)
DA:193,17
FN:201,CommandDotNet.AppRunner CommandDotNet.AppRunnerConfigExtensions::UseCancellationHandlers(CommandDotNet.AppRunner)
FNDA:24,CommandDotNet.AppRunner CommandDotNet.AppRunnerConfigExtensions::UseCancellationHandlers(CommandDotNet.AppRunner)
DA:202,24
FN:214,CommandDotNet.AppRunner CommandDotNet.AppRunnerConfigExtensions::UseDefaultsFromAppSetting(CommandDotNet.AppRunner,System.Collections.Specialized.NameValueCollection,System.Boolean)
FNDA:86,CommandDotNet.AppRunner CommandDotNet.AppRunnerConfigExtensions::UseDefaultsFromAppSetting(CommandDotNet.AppRunner,System.Collections.Specialized.NameValueCollection,System.Boolean)
DA:215,86
DA:216,86
DA:217,86
DA:218,86
DA:219,86
DA:220,86
DA:221,86
BRDA:215,14,0,13
BRDA:215,14,1,73
FN:227,CommandDotNet.AppRunner CommandDotNet.AppRunnerConfigExtensions::UseDefaultsFromEnvVar(CommandDotNet.AppRunner,System.Collections.IDictionary)
FNDA:15,CommandDotNet.AppRunner CommandDotNet.AppRunnerConfigExtensions::UseDefaultsFromEnvVar(CommandDotNet.AppRunner,System.Collections.IDictionary)
DA:228,15
DA:229,15
FN:233,CommandDotNet.AppRunner CommandDotNet.AppRunnerConfigExtensions::UseDefaultsFromConfig(CommandDotNet.AppRunner,System.Func`2<CommandDotNet.IArgument,CommandDotNet.ArgumentDefault>[])
FNDA:111,CommandDotNet.AppRunner CommandDotNet.AppRunnerConfigExtensions::UseDefaultsFromConfig(CommandDotNet.AppRunner,System.Func`2<CommandDotNet.IArgument,CommandDotNet.ArgumentDefault>[])
DA:234,111
FN:256,CommandDotNet.AppRunner CommandDotNet.AppRunnerConfigExtensions::UseCommandLogger(CommandDotNet.AppRunner,System.Func`2<CommandDotNet.CommandContext,System.Action`1<System.String>>,System.Boolean,System.Boolean,System.Boolean,System.Func`2<CommandDotNet.CommandContext,System.Collections.Generic.IEnumerable`1<System.ValueTuple`2<System.String,System.String>>>)
FNDA:11,CommandDotNet.AppRunner CommandDotNet.AppRunnerConfigExtensions::UseCommandLogger(CommandDotNet.AppRunner,System.Func`2<CommandDotNet.CommandContext,System.Action`1<System.String>>,System.Boolean,System.Boolean,System.Boolean,System.Func`2<CommandDotNet.CommandContext,System.Collections.Generic.IEnumerable`1<System.ValueTuple`2<System.String,System.String>>>)
DA:257,11
DA:258,11
DA:259,11
DA:260,11
DA:261,11
DA:262,11
FN:268,System.Collections.Generic.IEnumerable`1<System.ValueTuple`2<System.Type,CommandDotNet.SubcommandAttribute>> CommandDotNet.AppRunnerConfigExtensions::GetCommandClassTypes(CommandDotNet.AppRunner)
FNDA:2,System.Collections.Generic.IEnumerable`1<System.ValueTuple`2<System.Type,CommandDotNet.SubcommandAttribute>> CommandDotNet.AppRunnerConfigExtensions::GetCommandClassTypes(CommandDotNet.AppRunner)
DA:269,2
FN:271,System.Void CommandDotNet.AppRunnerConfigExtensions::AssertDirectivesAreEnabled(CommandDotNet.AppRunner)
FNDA:68,System.Void CommandDotNet.AppRunnerConfigExtensions::AssertDirectivesAreEnabled(CommandDotNet.AppRunner)
DA:272,68
DA:273,68
DA:274,0
DA:275,0
DA:276,0
DA:277,0
DA:279,68
BRDA:273,14,0,0
BRDA:273,14,1,68
LF:83
LH:75
BRF:4
BRH:3
FNF:19
FNH:18
end_of_record
SF:CommandDotNet/AppSettingAttribute.cs
FN:18,System.Void CommandDotNet.AppSettingAttribute::.ctor(System.String)
FNDA:956,System.Void CommandDotNet.AppSettingAttribute::.ctor(System.String)
DA:19,956
LF:1
LH:1
BRF:0
BRH:0
FNF:1
FNH:1
end_of_record
SF:CommandDotNet/AppSettings.cs
FN:15,CommandDotNet.BooleanMode CommandDotNet.AppSettings::get_BooleanMode()
FNDA:13,CommandDotNet.BooleanMode CommandDotNet.AppSettings::get_BooleanMode()
DA:16,13
FN:16,System.Void CommandDotNet.AppSettings::set_BooleanMode(CommandDotNet.BooleanMode)
FNDA:13,System.Void CommandDotNet.AppSettings::set_BooleanMode(CommandDotNet.BooleanMode)
DA:17,13
FN:22,System.Boolean CommandDotNet.AppSettings::get_IgnoreUnexpectedOperands()
FNDA:13,System.Boolean CommandDotNet.AppSettings::get_IgnoreUnexpectedOperands()
DA:23,13
FN:23,System.Void CommandDotNet.AppSettings::set_IgnoreUnexpectedOperands(System.Boolean)
FNDA:13,System.Void CommandDotNet.AppSettings::set_IgnoreUnexpectedOperands(System.Boolean)
DA:24,13
FN:29,CommandDotNet.ArgumentSeparatorStrategy CommandDotNet.AppSettings::get_DefaultArgumentSeparatorStrategy()
FNDA:13,CommandDotNet.ArgumentSeparatorStrategy CommandDotNet.AppSettings::get_DefaultArgumentSeparatorStrategy()
DA:30,13
FN:30,System.Void CommandDotNet.AppSettings::set_DefaultArgumentSeparatorStrategy(CommandDotNet.ArgumentSeparatorStrategy)
FNDA:13,System.Void CommandDotNet.AppSettings::set_DefaultArgumentSeparatorStrategy(CommandDotNet.ArgumentSeparatorStrategy)
DA:31,13
FN:36,CommandDotNet.ArgumentMode CommandDotNet.AppSettings::get_DefaultArgumentMode()
FNDA:13,CommandDotNet.ArgumentMode CommandDotNet.AppSettings::get_DefaultArgumentMode()
DA:37,13
FN:37,System.Void CommandDotNet.AppSettings::set_DefaultArgumentMode(CommandDotNet.ArgumentMode)
FNDA:13,System.Void CommandDotNet.AppSettings::set_DefaultArgumentMode(CommandDotNet.ArgumentMode)
DA:38,13
FN:64,System.Func`2<System.String,System.String> CommandDotNet.AppSettings::get_Localize()
FNDA:13,System.Func`2<System.String,System.String> CommandDotNet.AppSettings::get_Localize()
DA:65,13
FN:65,System.Void CommandDotNet.AppSettings::set_Localize(System.Func`2<System.String,System.String>)
FNDA:13,System.Void CommandDotNet.AppSettings::set_Localize(System.Func`2<System.String,System.String>)
DA:66,13
FN:76,System.String CommandDotNet.AppSettings::ToString()
FNDA:0,System.String CommandDotNet.AppSettings::ToString()
DA:77,0
FN:78,System.String CommandDotNet.AppSettings::ToString(CommandDotNet.Indent)
FNDA:1,System.String CommandDotNet.AppSettings::ToString(CommandDotNet.Indent)
DA:79,1
LF:12
LH:11
BRF:0
BRH:0
FNF:12
FNH:11
end_of_record
SF:CommandDotNet/ArgumentAppSettings.cs
FN:44,System.String CommandDotNet.ArgumentAppSettings::ToString()
FNDA:0,System.String CommandDotNet.ArgumentAppSettings::ToString()
DA:45,0
FN:46,System.String CommandDotNet.ArgumentAppSettings::ToString(CommandDotNet.Indent)
FNDA:1,System.String CommandDotNet.ArgumentAppSettings::ToString(CommandDotNet.Indent)
DA:47,1
LF:2
LH:1
BRF:0
BRH:0
FNF:2
FNH:1
end_of_record
SF:CommandDotNet/ArgumentArity.cs
FN:39,CommandDotNet.IArgumentArity CommandDotNet.ArgumentArity::get_Zero()
FNDA:4475,CommandDotNet.IArgumentArity CommandDotNet.ArgumentArity::get_Zero()
DA:40,4475
FN:40,CommandDotNet.IArgumentArity CommandDotNet.ArgumentArity::get_ZeroOrOne()
FNDA:1579,CommandDotNet.IArgumentArity CommandDotNet.ArgumentArity::get_ZeroOrOne()
DA:41,1579
FN:41,CommandDotNet.IArgumentArity CommandDotNet.ArgumentArity::get_ExactlyOne()
FNDA:1901,CommandDotNet.IArgumentArity CommandDotNet.ArgumentArity::get_ExactlyOne()
DA:42,1901
FN:42,CommandDotNet.IArgumentArity CommandDotNet.ArgumentArity::get_ZeroOrMore()
FNDA:436,CommandDotNet.IArgumentArity CommandDotNet.ArgumentArity::get_ZeroOrMore()
DA:43,436
FN:43,CommandDotNet.IArgumentArity CommandDotNet.ArgumentArity::get_OneOrMore()
FNDA:473,CommandDotNet.IArgumentArity CommandDotNet.ArgumentArity::get_OneOrMore()
DA:44,473
FN:47,CommandDotNet.IArgumentArity CommandDotNet.ArgumentArity::Default(CommandDotNet.ClassModeling.Definitions.IArgumentDef)
FNDA:4535,CommandDotNet.IArgumentArity CommandDotNet.ArgumentArity::Default(CommandDotNet.ClassModeling.Definitions.IArgumentDef)
DA:48,4535
DA:49,4535
DA:50,4535
DA:51,4535
DA:52,4535
DA:53,4535
DA:54,4535
FN:56,CommandDotNet.IArgumentArity CommandDotNet.ArgumentArity::Default(CommandDotNet.IArgument)
FNDA:0,CommandDotNet.IArgumentArity CommandDotNet.ArgumentArity::Default(CommandDotNet.IArgument)
DA:57,0
DA:58,0
DA:59,0
DA:60,0
DA:61,0
DA:62,0
DA:63,0
DA:64,0
DA:65,0
BRDA:59,20,0,0
BRDA:59,20,1,0
BRDA:60,44,0,0
BRDA:60,53,0,0
BRDA:60,53,1,0
BRDA:60,44,1,0
BRDA:62,88,0,0
BRDA:62,88,1,0
FN:69,CommandDotNet.IArgumentArity CommandDotNet.ArgumentArity::Default(System.Type,System.Boolean,System.Boolean,System.Nullable`1<CommandDotNet.BooleanMode>)
FNDA:4571,CommandDotNet.IArgumentArity CommandDotNet.ArgumentArity::Default(System.Type,System.Boolean,System.Boolean,System.Nullable`1<CommandDotNet.BooleanMode>)
DA:70,4571
DA:71,4571
DA:73,4571
DA:74,909
DA:75,909
DA:78,3662
DA:79,214
DA:80,214
DA:83,3448
DA:84,4571
BRDA:73,16,0,909
BRDA:75,20,0,436
BRDA:75,20,1,473
BRDA:73,16,1,3662
BRDA:78,45,0,214
BRDA:78,63,0,49
BRDA:78,63,1,165
BRDA:78,45,1,3448
BRDA:78,89,0,214
BRDA:78,89,1,3448
BRDA:83,101,0,1572
BRDA:83,101,1,1876
FN:85,System.String CommandDotNet.ArgumentArity::ToString()
FNDA:0,System.String CommandDotNet.ArgumentArity::ToString()
DA:86,0
FN:88,System.Boolean CommandDotNet.ArgumentArity::op_Equality(CommandDotNet.ArgumentArity,CommandDotNet.ArgumentArity)
FNDA:0,System.Boolean CommandDotNet.ArgumentArity::op_Equality(CommandDotNet.ArgumentArity,CommandDotNet.ArgumentArity)
DA:89,0
FN:90,System.Boolean CommandDotNet.ArgumentArity::op_Inequality(CommandDotNet.ArgumentArity,CommandDotNet.ArgumentArity)
FNDA:0,System.Boolean CommandDotNet.ArgumentArity::op_Inequality(CommandDotNet.ArgumentArity,CommandDotNet.ArgumentArity)
DA:91,0
FN:92,System.Boolean CommandDotNet.ArgumentArity::Equals(CommandDotNet.ArgumentArity)
FNDA:1356,System.Boolean CommandDotNet.ArgumentArity::Equals(CommandDotNet.ArgumentArity)
DA:93,1356
BRDA:93,12,0,725
BRDA:93,12,1,631
FN:95,System.Boolean CommandDotNet.ArgumentArity::Equals(System.Object)
FNDA:1356,System.Boolean CommandDotNet.ArgumentArity::Equals(System.Object)
DA:96,1356
DA:97,1356
DA:98,1356
DA:99,1356
BRDA:96,1,0,1356
BRDA:96,5,0,1356
BRDA:96,24,0,1356
BRDA:96,24,1,0
BRDA:96,5,1,0
BRDA:96,1,1,0
FN:101,System.Int32 CommandDotNet.ArgumentArity::GetHashCode()
FNDA:0,System.Int32 CommandDotNet.ArgumentArity::GetHashCode()
DA:102,0
DA:104,0
DA:105,0
DA:107,0
FN:16,System.Void CommandDotNet.ArgumentArity::.ctor(System.Int32,System.Int32)
FNDA:8935,System.Void CommandDotNet.ArgumentArity::.ctor(System.Int32,System.Int32)
DA:17,8935
DA:18,8935
DA:19,8935
DA:20,0
DA:21,0
DA:23,8935
DA:24,0
DA:25,0
DA:26,0
DA:29,8935
DA:30,8935
DA:31,8935
BRDA:19,14,0,0
BRDA:19,14,1,8935
BRDA:23,34,0,0
BRDA:23,34,1,8935
FN:11,System.Void CommandDotNet.ArgumentArity::.cctor()
FNDA:1,System.Void CommandDotNet.ArgumentArity::.cctor()
DA:12,1
LF:56
LH:35
BRF:32
BRH:19
FNF:16
FNH:11
end_of_record
SF:CommandDotNet/ArgumentArityExtensions.cs
FN:9,System.Boolean CommandDotNet.ArgumentArityExtensions::AllowsMany(CommandDotNet.IArgumentArity)
FNDA:3267,System.Boolean CommandDotNet.ArgumentArityExtensions::AllowsMany(CommandDotNet.IArgumentArity)
DA:10,3267
FN:12,System.Boolean CommandDotNet.ArgumentArityExtensions::AllowsOneOrMore(CommandDotNet.IArgumentArity)
FNDA:72,System.Boolean CommandDotNet.ArgumentArityExtensions::AllowsOneOrMore(CommandDotNet.IArgumentArity)
DA:13,72
FN:15,System.Boolean CommandDotNet.ArgumentArityExtensions::RequiresAtLeastOne(CommandDotNet.IArgumentArity)
FNDA:271,System.Boolean CommandDotNet.ArgumentArityExtensions::RequiresAtLeastOne(CommandDotNet.IArgumentArity)
DA:16,271
FN:18,System.Boolean CommandDotNet.ArgumentArityExtensions::RequiresExactlyOne(CommandDotNet.IArgumentArity)
FNDA:8,System.Boolean CommandDotNet.ArgumentArityExtensions::RequiresExactlyOne(CommandDotNet.IArgumentArity)
DA:19,8
BRDA:19,7,0,3
BRDA:19,7,1,5
FN:24,System.Boolean CommandDotNet.ArgumentArityExtensions::RequiresNone(CommandDotNet.IArgumentArity)
FNDA:778,System.Boolean CommandDotNet.ArgumentArityExtensions::RequiresNone(CommandDotNet.IArgumentArity)
DA:25,778
FN:30,System.Boolean CommandDotNet.ArgumentArityExtensions::AllowsNone(CommandDotNet.IArgumentArity)
FNDA:850,System.Boolean CommandDotNet.ArgumentArityExtensions::AllowsNone(CommandDotNet.IArgumentArity)
DA:31,850
FN:36,System.Boolean CommandDotNet.ArgumentArityExtensions::AllowsUnlimited(CommandDotNet.IArgumentArity)
FNDA:379,System.Boolean CommandDotNet.ArgumentArityExtensions::AllowsUnlimited(CommandDotNet.IArgumentArity)
DA:37,379
LF:7
LH:7
BRF:2
BRH:2
FNF:7
FNH:7
end_of_record
SF:CommandDotNet/ArgumentDefault.cs
FN:20,System.String CommandDotNet.ArgumentDefault::ToString()
FNDA:0,System.String CommandDotNet.ArgumentDefault::ToString()
DA:21,0
FN:7,System.Void CommandDotNet.ArgumentDefault::.ctor(System.String,System.String,System.Object)
FNDA:1016,System.Void CommandDotNet.ArgumentDefault::.ctor(System.String,System.String,System.Object)
DA:8,1016
LF:2
LH:1
BRF:0
BRH:0
FNF:2
FNH:1
end_of_record
SF:CommandDotNet/Builders/Resources.cs
FN:6,System.String CommandDotNet.Resources::get_ValueSource_EnvVar()
FNDA:16,System.String CommandDotNet.Resources::get_ValueSource_EnvVar()
DA:7,16
FN:7,System.String CommandDotNet.Resources::get_ValueSource_AppSetting()
FNDA:87,System.String CommandDotNet.Resources::get_ValueSource_AppSetting()
DA:8,87
LF:2
LH:2
BRF:0
BRH:0
FNF:2
FNH:2
end_of_record
SF:CommandDotNet/Diagnostics/Resources.cs
FN:9,System.String CommandDotNet.Resources::get_Command_version()
FNDA:15,System.String CommandDotNet.Resources::get_Command_version()
DA:10,15
FN:10,System.String CommandDotNet.Resources::get_Command_version_description()
FNDA:6,System.String CommandDotNet.Resources::get_Command_version_description()
DA:11,6
FN:12,System.String CommandDotNet.Resources::get_CommandLogger_Original_input()
FNDA:10,System.String CommandDotNet.Resources::get_CommandLogger_Original_input()
DA:13,10
FN:13,System.String CommandDotNet.Resources::get_CommandLogger_Tool_version()
FNDA:5,System.String CommandDotNet.Resources::get_CommandLogger_Tool_version()
DA:14,5
FN:14,System.String CommandDotNet.Resources::get_CommandLogger_DotNet_version()
FNDA:5,System.String CommandDotNet.Resources::get_CommandLogger_DotNet_version()
DA:15,5
FN:15,System.String CommandDotNet.Resources::get_CommandLogger_OS_version()
FNDA:5,System.String CommandDotNet.Resources::get_CommandLogger_OS_version()
DA:16,5
FN:16,System.String CommandDotNet.Resources::get_CommandLogger_Machine()
FNDA:2,System.String CommandDotNet.Resources::get_CommandLogger_Machine()
DA:17,2
FN:17,System.String CommandDotNet.Resources::get_CommandLogger_Username()
FNDA:2,System.String CommandDotNet.Resources::get_CommandLogger_Username()
DA:18,2
FN:19,System.String CommandDotNet.Resources::get_Exceptions_Data()
FNDA:6,System.String CommandDotNet.Resources::get_Exceptions_Data()
DA:20,6
FN:20,System.String CommandDotNet.Resources::get_Exceptions_Properties()
FNDA:6,System.String CommandDotNet.Resources::get_Exceptions_Properties()
DA:21,6
FN:21,System.String CommandDotNet.Resources::get_Exceptions_StackTrace()
FNDA:5,System.String CommandDotNet.Resources::get_Exceptions_StackTrace()
DA:22,5
FN:22,System.String CommandDotNet.Resources::get_Exceptions_StackTrace_at()
FNDA:9,System.String CommandDotNet.Resources::get_Exceptions_StackTrace_at()
DA:23,9
FN:25,System.String CommandDotNet.Resources::ParseReport_Raw_command_line(System.String)
FNDA:1,System.String CommandDotNet.Resources::ParseReport_Raw_command_line(System.String)
DA:26,1
FN:27,System.String CommandDotNet.Resources::get_ParseReport_root_lc()
FNDA:3,System.String CommandDotNet.Resources::get_ParseReport_root_lc()
DA:28,3
FN:30,System.String CommandDotNet.Resources::get_ParseDirective_Help_was_requested()
FNDA:3,System.String CommandDotNet.Resources::get_ParseDirective_Help_was_requested()
DA:31,3
FN:33,System.String CommandDotNet.Resources::get_ParseDirective_Unable_to_map_tokens_to_arguments()
FNDA:12,System.String CommandDotNet.Resources::get_ParseDirective_Unable_to_map_tokens_to_arguments()
DA:34,12
FN:36,System.String CommandDotNet.Resources::ParseDirective_Usage(System.String,System.String)
FNDA:16,System.String CommandDotNet.Resources::ParseDirective_Usage(System.String,System.String)
DA:37,16
DA:38,16
DA:39,16
FN:40,System.String CommandDotNet.Resources::get_ParseDirective_parse_lc()
FNDA:42,System.String CommandDotNet.Resources::get_ParseDirective_parse_lc()
DA:41,42
FN:41,System.String CommandDotNet.Resources::get_ParseDirective_token_transformations_lc()
FNDA:41,System.String CommandDotNet.Resources::get_ParseDirective_token_transformations_lc()
DA:42,41
FN:42,System.String CommandDotNet.Resources::get_ParseDirective_from_shell_lc()
FNDA:41,System.String CommandDotNet.Resources::get_ParseDirective_from_shell_lc()
DA:43,41
FN:43,System.String CommandDotNet.Resources::ParseDirective_after(System.String)
FNDA:3,System.String CommandDotNet.Resources::ParseDirective_after(System.String)
DA:44,3
FN:44,System.String CommandDotNet.Resources::ParseDirective_after_no_changes(System.String)
FNDA:1,System.String CommandDotNet.Resources::ParseDirective_after_no_changes(System.String)
DA:45,1
FN:46,System.String CommandDotNet.Resources::get_Debugger_debug_lc()
FNDA:3,System.String CommandDotNet.Resources::get_Debugger_debug_lc()
DA:47,3
FN:49,System.String CommandDotNet.Resources::Debugger_Attach_debugger(System.String,System.String)
FNDA:2,System.String CommandDotNet.Resources::Debugger_Attach_debugger(System.String,System.String)
DA:50,2
FN:51,System.String CommandDotNet.Resources::get_Time_time()
FNDA:5,System.String CommandDotNet.Resources::get_Time_time()
DA:52,5
LF:27
LH:27
BRF:0
BRH:0
FNF:25
FNH:25
end_of_record
SF:CommandDotNet/Execution/Resources.cs
FN:5,System.String CommandDotNet.Resources::Arity_is_required(System.String)
FNDA:22,System.String CommandDotNet.Resources::Arity_is_required(System.String)
DA:6,22
FN:7,System.String CommandDotNet.Resources::Arity_min_not_reached(System.String,System.String,System.String)
FNDA:1,System.String CommandDotNet.Resources::Arity_min_not_reached(System.String,System.String,System.String)
DA:8,1
FN:9,System.String CommandDotNet.Resources::Arity_max_exceeded(System.String,System.String,System.String)
FNDA:1,System.String CommandDotNet.Resources::Arity_max_exceeded(System.String,System.String,System.String)
DA:10,1
LF:3
LH:3
BRF:0
BRH:0
FNF:3
FNH:3
end_of_record
SF:CommandDotNet/Help/Resources.cs
FN:6,System.String CommandDotNet.Resources::get_Command_help()
FNDA:4249,System.String CommandDotNet.Resources::get_Command_help()
DA:7,4249
FN:7,System.String CommandDotNet.Resources::get_Command_help_description()
FNDA:2980,System.String CommandDotNet.Resources::get_Command_help_description()
DA:8,2980
FN:9,System.String CommandDotNet.Resources::get_Help_Allowed_values()
FNDA:39,System.String CommandDotNet.Resources::get_Help_Allowed_values()
DA:10,39
FN:10,System.String CommandDotNet.Resources::get_Help_arg()
FNDA:2,System.String CommandDotNet.Resources::get_Help_arg()
DA:11,2
FN:11,System.String CommandDotNet.Resources::get_Help_Arguments()
FNDA:325,System.String CommandDotNet.Resources::get_Help_Arguments()
DA:12,325
FN:12,System.String CommandDotNet.Resources::get_Help_Commands()
FNDA:325,System.String CommandDotNet.Resources::get_Help_Commands()
DA:13,325
FN:13,System.String CommandDotNet.Resources::get_Help_for_more_information_about_a_command()
FNDA:71,System.String CommandDotNet.Resources::get_Help_for_more_information_about_a_command()
DA:14,71
FN:14,System.String CommandDotNet.Resources::get_Help_Multiple()
FNDA:49,System.String CommandDotNet.Resources::get_Help_Multiple()
DA:15,49
FN:15,System.String CommandDotNet.Resources::get_Help_Options()
FNDA:325,System.String CommandDotNet.Resources::get_Help_Options()
DA:16,325
FN:16,System.String CommandDotNet.Resources::get_Help_Options_also_available_for_subcommands()
FNDA:325,System.String CommandDotNet.Resources::get_Help_Options_also_available_for_subcommands()
DA:17,325
FN:17,System.String CommandDotNet.Resources::get_Help_Usage()
FNDA:325,System.String CommandDotNet.Resources::get_Help_Usage()
DA:18,325
FN:18,System.String CommandDotNet.Resources::get_Help_usage_lc()
FNDA:627,System.String CommandDotNet.Resources::get_Help_usage_lc()
DA:19,627
FN:19,System.String CommandDotNet.Resources::get_Help_Use()
FNDA:71,System.String CommandDotNet.Resources::get_Help_Use()
DA:20,71
LF:13
LH:13
BRF:0
BRH:0
FNF:13
FNH:13
end_of_record
SF:CommandDotNet/Parsing/Resources.cs
FN:9,System.String CommandDotNet.Resources::get_Input_inputs_lc()
FNDA:68,System.String CommandDotNet.Resources::get_Input_inputs_lc()
DA:10,68
FN:10,System.String CommandDotNet.Resources::get_Input_stream_lc()
FNDA:3,System.String CommandDotNet.Resources::get_Input_stream_lc()
DA:11,3
FN:11,System.String CommandDotNet.Resources::get_Input_piped_lc()
FNDA:20,System.String CommandDotNet.Resources::get_Input_piped_lc()
DA:12,20
FN:12,System.String CommandDotNet.Resources::get_Input_prompt_lc()
FNDA:49,System.String CommandDotNet.Resources::get_Input_prompt_lc()
DA:13,49
FN:15,System.String CommandDotNet.Resources::get_Parse_Required_command_was_not_provided()
FNDA:9,System.String CommandDotNet.Resources::get_Parse_Required_command_was_not_provided()
DA:16,9
FN:18,System.String CommandDotNet.Resources::Parse_ArgumentArity_Expected_single_value(System.String)
FNDA:1,System.String CommandDotNet.Resources::Parse_ArgumentArity_Expected_single_value(System.String)
DA:19,1
FN:21,System.String CommandDotNet.Resources::Parse_Assigning_value_to_argument(System.String,System.String)
FNDA:6,System.String CommandDotNet.Resources::Parse_Assigning_value_to_argument(System.String,System.String)
DA:22,6
FN:23,System.String CommandDotNet.Resources::get_Parse_Did_you_mean()
FNDA:11,System.String CommandDotNet.Resources::get_Parse_Did_you_mean()
DA:24,11
FN:26,System.String CommandDotNet.Resources::Parse_See_usage(System.String,System.String)
FNDA:11,System.String CommandDotNet.Resources::Parse_See_usage(System.String,System.String)
DA:27,11
FN:29,System.String CommandDotNet.Resources::Parse_Is_not_a_valid(System.String)
FNDA:13,System.String CommandDotNet.Resources::Parse_Is_not_a_valid(System.String)
DA:30,13
FN:32,System.String CommandDotNet.Resources::Parse_Missing_value_for_option(System.String)
FNDA:3,System.String CommandDotNet.Resources::Parse_Missing_value_for_option(System.String)
DA:33,3
FN:35,System.String CommandDotNet.Resources::Parse_Unrecognized_value_for(System.String,System.String,System.String)
FNDA:6,System.String CommandDotNet.Resources::Parse_Unrecognized_value_for(System.String,System.String,System.String)
DA:36,6
FN:38,System.String CommandDotNet.Resources::Parse_Unexpected_value_for_option(System.String,System.String)
FNDA:1,System.String CommandDotNet.Resources::Parse_Unexpected_value_for_option(System.String,System.String)
DA:39,1
FN:41,System.String CommandDotNet.Resources::Parse_Intended_command_instead_of_option(System.String,System.String,System.String)
FNDA:2,System.String CommandDotNet.Resources::Parse_Intended_command_instead_of_option(System.String,System.String,System.String)
DA:42,2
DA:43,2
DA:44,2
FN:46,System.String CommandDotNet.Resources::Parse_Clubbed_options_with_values_must_be_last_option(System.String,System.String)
FNDA:3,System.String CommandDotNet.Resources::Parse_Clubbed_options_with_values_must_be_last_option(System.String,System.String)
DA:47,3
FN:49,System.String CommandDotNet.Resources::Parse_Unrecognized_command_or_argument(System.String)
FNDA:15,System.String CommandDotNet.Resources::Parse_Unrecognized_command_or_argument(System.String)
DA:50,15
FN:51,System.String CommandDotNet.Resources::Parse_Unrecognized_option(System.String)
FNDA:19,System.String CommandDotNet.Resources::Parse_Unrecognized_option(System.String)
DA:52,19
FN:54,System.String CommandDotNet.Resources::Input_Piped_targetted_multiple_arguments(System.String)
FNDA:2,System.String CommandDotNet.Resources::Input_Piped_targetted_multiple_arguments(System.String)
DA:55,2
LF:20
LH:20
BRF:0
BRH:0
FNF:18
FNH:18
end_of_record
SF:CommandDotNet/Prompts/Resources.cs
FN:7,System.String CommandDotNet.Resources::get_Prompt_Enter_once_for_new_value_twice_to_finish()
FNDA:1,System.String CommandDotNet.Resources::get_Prompt_Enter_once_for_new_value_twice_to_finish()
DA:8,1
LF:1
LH:1
BRF:0
BRH:0
FNF:1
FNH:1
end_of_record
SF:CommandDotNet/Resources.cs
FN:11,System.String CommandDotNet.Resources::get_Common_default_lc()
FNDA:68,System.String CommandDotNet.Resources::get_Common_default_lc()
DA:12,68
FN:12,System.String CommandDotNet.Resources::get_Common_from_lc()
FNDA:19,System.String CommandDotNet.Resources::get_Common_from_lc()
DA:13,19
FN:13,System.String CommandDotNet.Resources::get_Common_key_lc()
FNDA:6,System.String CommandDotNet.Resources::get_Common_key_lc()
DA:14,6
FN:14,System.String CommandDotNet.Resources::get_Common_value_lc()
FNDA:68,System.String CommandDotNet.Resources::get_Common_value_lc()
DA:15,68
FN:15,System.String CommandDotNet.Resources::get_Common_source_lc()
FNDA:6,System.String CommandDotNet.Resources::get_Common_source_lc()
DA:16,6
FN:16,System.String CommandDotNet.Resources::get_Common_command_lc()
FNDA:199,System.String CommandDotNet.Resources::get_Common_command_lc()
DA:17,199
FN:17,System.String CommandDotNet.Resources::get_Common_argument_lc()
FNDA:1012,System.String CommandDotNet.Resources::get_Common_argument_lc()
DA:18,1012
FN:18,System.String CommandDotNet.Resources::get_Common_option_lc()
FNDA:40,System.String CommandDotNet.Resources::get_Common_option_lc()
DA:19,40
FN:19,System.String CommandDotNet.Resources::get_Common_Flag()
FNDA:9,System.String CommandDotNet.Resources::get_Common_Flag()
DA:20,9
FN:20,System.String CommandDotNet.Resources::get_Common_commands_lc()
FNDA:1,System.String CommandDotNet.Resources::get_Common_commands_lc()
DA:21,1
FN:21,System.String CommandDotNet.Resources::get_Common_arguments_lc()
FNDA:18,System.String CommandDotNet.Resources::get_Common_arguments_lc()
DA:22,18
FN:22,System.String CommandDotNet.Resources::get_Common_options_lc()
FNDA:197,System.String CommandDotNet.Resources::get_Common_options_lc()
DA:23,197
FN:24,System.String CommandDotNet.Resources::Error_File_not_found(System.String)
FNDA:2,System.String CommandDotNet.Resources::Error_File_not_found(System.String)
DA:25,2
FN:9,System.Void CommandDotNet.Resources::.cctor()
FNDA:1,System.Void CommandDotNet.Resources::.cctor()
DA:10,1
LF:14
LH:14
BRF:0
BRH:0
FNF:14
FNH:14
end_of_record
SF:CommandDotNet/TypeDescriptors/Resources.cs
FN:7,System.String CommandDotNet.Resources::get_Type_Boolean()
FNDA:175,System.String CommandDotNet.Resources::get_Type_Boolean()
DA:8,175
FN:8,System.String CommandDotNet.Resources::get_Type_Character()
FNDA:754,System.String CommandDotNet.Resources::get_Type_Character()
DA:9,754
FN:9,System.String CommandDotNet.Resources::get_Type_Decimal()
FNDA:2260,System.String CommandDotNet.Resources::get_Type_Decimal()
DA:10,2260
FN:10,System.String CommandDotNet.Resources::get_Type_Double()
FNDA:1,System.String CommandDotNet.Resources::get_Type_Double()
DA:11,1
FN:11,System.String CommandDotNet.Resources::get_Type_Number()
FNDA:4519,System.String CommandDotNet.Resources::get_Type_Number()
DA:12,4519
FN:12,System.String CommandDotNet.Resources::get_Type_Text()
FNDA:1507,System.String CommandDotNet.Resources::get_Type_Text()
DA:13,1507
FN:15,System.String CommandDotNet.Resources::Error_Value_is_not_valid_for_type(System.String,System.String)
FNDA:1,System.String CommandDotNet.Resources::Error_Value_is_not_valid_for_type(System.String,System.String)
DA:16,1
FN:18,System.String CommandDotNet.Resources::Error_Failed_parsing_value_for_type(System.String,System.String)
FNDA:1,System.String CommandDotNet.Resources::Error_Failed_parsing_value_for_type(System.String,System.String)
DA:19,1
LF:8
LH:8
BRF:0
BRH:0
FNF:8
FNH:8
end_of_record
SF:CommandDotNet/CharExtensions.cs
FN:4,System.Boolean CommandDotNet.CharExtensions::IsAlphaNumeric(System.Char)
FNDA:3707,System.Boolean CommandDotNet.CharExtensions::IsAlphaNumeric(System.Char)
DA:5,3707
LF:1
LH:1
BRF:0
BRH:0
FNF:1
FNH:1
end_of_record
SF:CommandDotNet/Command.cs
FN:60,System.Collections.Generic.IReadOnlyCollection`1<CommandDotNet.Operand> CommandDotNet.Command::get_Operands()
FNDA:5458,System.Collections.Generic.IReadOnlyCollection`1<CommandDotNet.Operand> CommandDotNet.Command::get_Operands()
DA:61,5458
FN:63,System.Collections.Generic.IReadOnlyCollection`1<CommandDotNet.Option> CommandDotNet.Command::get_Options()
FNDA:1851,System.Collections.Generic.IReadOnlyCollection`1<CommandDotNet.Option> CommandDotNet.Command::get_Options()
DA:64,1851
FN:72,CommandDotNet.Command CommandDotNet.Command::get_Parent()
FNDA:23198,CommandDotNet.Command CommandDotNet.Command::get_Parent()
DA:73,23198
FN:74,System.Void CommandDotNet.Command::set_Parent(CommandDotNet.Command)
FNDA:4469,System.Void CommandDotNet.Command::set_Parent(CommandDotNet.Command)
DA:75,4469
DA:76,4469
DA:77,0
DA:78,0
DA:80,4469
DA:81,2242
DA:82,2242
DA:83,2242
DA:84,2227
DA:85,0
DA:86,0
DA:88,4469
BRDA:76,7,0,0
BRDA:76,7,1,4469
BRDA:80,32,0,2242
BRDA:80,32,1,2227
BRDA:84,59,0,0
BRDA:84,59,1,4469
FN:110,System.Collections.Generic.IReadOnlyCollection`1<CommandDotNet.Command> CommandDotNet.Command::get_Subcommands()
FNDA:662,System.Collections.Generic.IReadOnlyCollection`1<CommandDotNet.Command> CommandDotNet.Command::get_Subcommands()
DA:111,662
FN:119,CommandDotNet.Builders.IArgumentNode CommandDotNet.Command::FindArgumentNode(System.String)
FNDA:6119,CommandDotNet.Builders.IArgumentNode CommandDotNet.Command::FindArgumentNode(System.String)
DA:120,6119
BRDA:120,8,0,0
BRDA:120,8,1,6119
FN:123,TArgumentNode CommandDotNet.Command::Find(System.String)
FNDA:1267,TArgumentNode CommandDotNet.Command::Find(System.String)
DA:124,1267
FN:126,System.Void CommandDotNet.Command::AddArgumentNode(CommandDotNet.Builders.IArgumentNode)
FNDA:9783,System.Void CommandDotNet.Command::AddArgumentNode(CommandDotNet.Builders.IArgumentNode)
DA:127,9783
DA:128,9783
DA:130,9783
DA:133,2227
DA:134,2224
DA:136,2309
DA:137,2308
DA:139,5247
DA:140,5245
DA:142,0
DA:143,0
DA:144,0
DA:145,0
DA:147,9777
BRDA:130,27,0,7556
BRDA:130,37,0,5247
BRDA:130,27,1,2227
BRDA:130,37,1,2309
BRDA:130,47,1,5247
BRDA:130,47,0,0
FN:149,System.Void CommandDotNet.Command::AddSubcommand(CommandDotNet.Command)
FNDA:2227,System.Void CommandDotNet.Command::AddSubcommand(CommandDotNet.Command)
DA:150,2227
DA:151,2227
DA:152,2227
DA:153,2227
DA:154,2225
DA:155,2066
DA:156,2066
DA:157,2066
DA:158,2066
DA:159,2065
DA:160,2224
BRDA:154,38,0,2066
BRDA:154,38,1,2224
FN:162,System.Void CommandDotNet.Command::AddOperand(CommandDotNet.Operand)
FNDA:2309,System.Void CommandDotNet.Command::AddOperand(CommandDotNet.Operand)
DA:163,2309
DA:164,2309
DA:165,2309
DA:166,2309
DA:167,1
DA:168,1
DA:169,1
DA:170,1
DA:172,2308
DA:173,2308
DA:174,2308
BRDA:166,22,0,1110
BRDA:166,22,1,1199
BRDA:166,40,0,1
BRDA:166,40,1,2308
FN:176,System.Void CommandDotNet.Command::AddOption(CommandDotNet.Option)
FNDA:5247,System.Void CommandDotNet.Command::AddOption(CommandDotNet.Option)
DA:177,5247
DA:178,5247
DA:179,5216
DA:180,5216
DA:181,5216
DA:183,5247
DA:184,53
DA:185,53
DA:186,22
DA:187,22
DA:188,22
DA:189,22
DA:190,22
DA:191,22
DA:192,53
DA:193,40
DA:194,40
DA:195,40
DA:196,39
DA:197,52
DA:199,5194
DA:200,5194
DA:201,5194
DA:202,5193
DA:203,5245
BRDA:178,25,0,53
BRDA:178,25,1,5194
BRDA:178,46,0,5216
BRDA:178,46,1,5247
BRDA:183,76,0,53
BRDA:185,101,0,22
BRDA:185,101,1,53
BRDA:192,204,0,40
BRDA:192,204,1,52
BRDA:183,76,1,5194
FN:205,System.Void CommandDotNet.Command::RegisterArgumentByAliases(CommandDotNet.Builders.IArgumentNode)
FNDA:9769,System.Void CommandDotNet.Command::RegisterArgumentByAliases(CommandDotNet.Builders.IArgumentNode)
DA:206,9769
DA:207,63151
DA:208,16924
DA:209,16924
DA:210,16924
DA:212,16924
DA:213,4
DA:214,4
DA:215,4
DA:216,4
DA:220,16920
DA:222,9765
DA:223,9765
BRDA:207,299,1,16924
BRDA:212,105,0,4
BRDA:212,105,1,16920
BRDA:212,118,0,4
BRDA:212,118,1,16920
BRDA:207,299,0,9765
FN:224,System.String CommandDotNet.Command::ToString()
FNDA:7,System.String CommandDotNet.Command::ToString()
DA:225,7
FN:227,System.String CommandDotNet.Command::ToString(System.Boolean)
FNDA:0,System.String CommandDotNet.Command::ToString(System.Boolean)
DA:228,0
DA:229,0
DA:230,0
DA:231,0
DA:232,0
DA:233,0
BRDA:228,1,0,0
BRDA:228,1,1,0
FN:235,System.Boolean CommandDotNet.Command::op_Equality(CommandDotNet.Command,CommandDotNet.Command)
FNDA:2280,System.Boolean CommandDotNet.Command::op_Equality(CommandDotNet.Command,CommandDotNet.Command)
DA:236,2280
FN:237,System.Boolean CommandDotNet.Command::op_Inequality(CommandDotNet.Command,CommandDotNet.Command)
FNDA:2227,System.Boolean CommandDotNet.Command::op_Inequality(CommandDotNet.Command,CommandDotNet.Command)
DA:238,2227
FN:240,System.Boolean CommandDotNet.Command::Equals(CommandDotNet.Command)
FNDA:0,System.Boolean CommandDotNet.Command::Equals(CommandDotNet.Command)
DA:241,0
BRDA:241,17,0,0
BRDA:241,17,1,0
FN:243,System.Boolean CommandDotNet.Command::Equals(System.Object)
FNDA:0,System.Boolean CommandDotNet.Command::Equals(System.Object)
DA:244,0
DA:245,0
DA:246,0
DA:247,0
BRDA:244,1,0,0
BRDA:244,5,0,0
BRDA:244,24,0,0
BRDA:244,24,1,0
BRDA:244,5,1,0
BRDA:244,1,1,0
FN:249,System.Int32 CommandDotNet.Command::GetHashCode()
FNDA:0,System.Int32 CommandDotNet.Command::GetHashCode()
DA:250,0
DA:252,0
DA:253,0
DA:255,0
BRDA:253,25,0,0
BRDA:253,25,1,0
FN:20,System.Void CommandDotNet.Command::.ctor(System.String,System.Reflection.ICustomAttributeProvider,System.Boolean,CommandDotNet.Command,System.String)
FNDA:3011,System.Void CommandDotNet.Command::.ctor(System.String,System.Reflection.ICustomAttributeProvider,System.Boolean,CommandDotNet.Command,System.String)
DA:21,3011
DA:22,3011
DA:23,3011
DA:24,3011
DA:26,3011
DA:29,3011
DA:30,3011
DA:31,3011
DA:32,3011
DA:33,3011
DA:34,3011
DA:35,3011
DA:37,3011
DA:38,3011
DA:39,3011
DA:40,3011
DA:41,2242
DA:42,2242
DA:43,2242
DA:44,3011
DA:45,3011
DA:46,3011
BRDA:38,97,0,1
BRDA:38,97,1,3011
BRDA:40,124,0,2242
BRDA:40,124,1,3011
LF:132
LH:109
BRF:52
BRH:36
FNF:20
FNH:16
end_of_record
SF:CommandDotNet/CommandAppSettings.cs
FN:11,System.String CommandDotNet.CommandAppSettings::ToString()
FNDA:0,System.String CommandDotNet.CommandAppSettings::ToString()
DA:12,0
FN:13,System.String CommandDotNet.CommandAppSettings::ToString(CommandDotNet.Indent)
FNDA:1,System.String CommandDotNet.CommandAppSettings::ToString(CommandDotNet.Indent)
DA:14,1
LF:2
LH:1
BRF:0
BRH:0
FNF:2
FNH:1
end_of_record
SF:CommandDotNet/CommandAttribute.cs
FN:41,System.Boolean CommandDotNet.CommandAttribute::get_IgnoreUnexpectedOperands()
FNDA:0,System.Boolean CommandDotNet.CommandAttribute::get_IgnoreUnexpectedOperands()
DA:42,0
FN:42,System.Void CommandDotNet.CommandAttribute::set_IgnoreUnexpectedOperands(System.Boolean)
FNDA:24,System.Void CommandDotNet.CommandAttribute::set_IgnoreUnexpectedOperands(System.Boolean)
DA:43,24
FN:50,CommandDotNet.ArgumentSeparatorStrategy CommandDotNet.CommandAttribute::get_ArgumentSeparatorStrategy()
FNDA:0,CommandDotNet.ArgumentSeparatorStrategy CommandDotNet.CommandAttribute::get_ArgumentSeparatorStrategy()
DA:51,0
FN:51,System.Void CommandDotNet.CommandAttribute::set_ArgumentSeparatorStrategy(CommandDotNet.ArgumentSeparatorStrategy)
FNDA:24,System.Void CommandDotNet.CommandAttribute::set_ArgumentSeparatorStrategy(CommandDotNet.ArgumentSeparatorStrategy)
DA:52,24
FN:55,System.Void CommandDotNet.CommandAttribute::.ctor()
FNDA:246,System.Void CommandDotNet.CommandAttribute::.ctor()
DA:56,246
FN:62,System.Void CommandDotNet.CommandAttribute::.ctor(System.String)
FNDA:604,System.Void CommandDotNet.CommandAttribute::.ctor(System.String)
DA:63,604
LF:6
LH:4
BRF:0
BRH:0
FNF:6
FNH:4
end_of_record
SF:CommandDotNet/CommandContext.cs
FN:83,CommandDotNet.Builders.IDependencyResolver CommandDotNet.CommandContext::get_DependencyResolver()
FNDA:2,CommandDotNet.Builders.IDependencyResolver CommandDotNet.CommandContext::get_DependencyResolver()
DA:84,2
FN:87,System.String CommandDotNet.CommandContext::ToString()
FNDA:0,System.String CommandDotNet.CommandContext::ToString()
DA:88,0
FN:93,System.String CommandDotNet.CommandContext::ToString(CommandDotNet.Indent)
FNDA:0,System.String CommandDotNet.CommandContext::ToString(CommandDotNet.Indent)
DA:94,0
FN:100,System.String CommandDotNet.CommandContext::ToString(CommandDotNet.Indent,System.Boolean)
FNDA:4,System.String CommandDotNet.CommandContext::ToString(CommandDotNet.Indent,System.Boolean)
DA:101,4
DA:106,4
DA:108,4
DA:109,4
DA:110,4
DA:111,4
DA:113,4
DA:114,4
DA:115,4
DA:116,4
DA:117,4
DA:118,4
DA:119,4
BRDA:108,10,0,0
BRDA:108,10,1,4
BRDA:113,407,0,1
BRDA:113,407,1,3
FN:13,System.Void CommandDotNet.CommandContext::.ctor(System.String[],CommandDotNet.Tokens.TokenCollection,CommandDotNet.Execution.AppConfig)
FNDA:771,System.Void CommandDotNet.CommandContext::.ctor(System.String[],CommandDotNet.Tokens.TokenCollection,CommandDotNet.Execution.AppConfig)
DA:14,771
DA:15,771
DA:16,771
DA:17,771
LF:20
LH:18
BRF:4
BRH:3
FNF:5
FNH:3
end_of_record
SF:CommandDotNet/CommandContextExtensions.cs
FN:8,System.Void CommandDotNet.CommandContextExtensions::PrintHelp(CommandDotNet.CommandContext,CommandDotNet.Command)
FNDA:324,System.Void CommandDotNet.CommandContextExtensions::PrintHelp(CommandDotNet.CommandContext,CommandDotNet.Command)
DA:9,324
DA:10,324
DA:11,324
DA:12,324
DA:13,324
BRDA:10,2,0,324
BRDA:10,11,0,0
BRDA:10,11,1,324
BRDA:10,23,0,0
BRDA:10,23,1,324
BRDA:10,2,1,324
LF:5
LH:5
BRF:6
BRH:4
FNF:1
FNH:1
end_of_record
SF:CommandDotNet/CommandExtensions.cs
FN:12,System.Boolean CommandDotNet.CommandExtensions::IsRootCommand(CommandDotNet.Command)
FNDA:9,System.Boolean CommandDotNet.CommandExtensions::IsRootCommand(CommandDotNet.Command)
DA:13,9
FN:15,CommandDotNet.Command CommandDotNet.CommandExtensions::GetRootCommand(CommandDotNet.Command)
FNDA:0,CommandDotNet.Command CommandDotNet.CommandExtensions::GetRootCommand(CommandDotNet.Command)
DA:16,0
FN:23,System.Collections.Generic.IEnumerable`1<CommandDotNet.IArgument> CommandDotNet.CommandExtensions::AllArguments(CommandDotNet.Command,System.Boolean,System.Boolean)
FNDA:187,System.Collections.Generic.IEnumerable`1<CommandDotNet.IArgument> CommandDotNet.CommandExtensions::AllArguments(CommandDotNet.Command,System.Boolean,System.Boolean)
DA:24,187
DA:25,187
FN:32,System.Collections.Generic.IEnumerable`1<CommandDotNet.Option> CommandDotNet.CommandExtensions::AllOptions(CommandDotNet.Command,System.Boolean,System.Boolean)
FNDA:222,System.Collections.Generic.IEnumerable`1<CommandDotNet.Option> CommandDotNet.CommandExtensions::AllOptions(CommandDotNet.Command,System.Boolean,System.Boolean)
DA:33,222
DA:34,222
DA:35,222
DA:36,222
DA:37,222
DA:38,222
DA:39,222
DA:40,222
DA:41,222
DA:42,35
DA:43,35
DA:44,35
DA:45,222
DA:46,222
BRDA:34,2,0,0
BRDA:34,2,1,222
BRDA:41,77,0,35
BRDA:41,77,1,222
FN:59,System.String CommandDotNet.CommandExtensions::GetPath(CommandDotNet.Command,System.String)
FNDA:793,System.String CommandDotNet.CommandExtensions::GetPath(CommandDotNet.Command,System.String)
DA:60,793
DA:61,793
DA:62,793
FN:65,TArgumentNode CommandDotNet.CommandExtensions::FindOrThrow(CommandDotNet.Command,System.String)
FNDA:0,TArgumentNode CommandDotNet.CommandExtensions::FindOrThrow(CommandDotNet.Command,System.String)
DA:66,0
DA:67,0
DA:68,0
DA:69,0
DA:70,0
DA:72,0
DA:73,0
BRDA:68,20,0,0
BRDA:68,20,1,0
FN:99,System.Boolean CommandDotNet.CommandExtensions::HelpWasRequested(CommandDotNet.Command)
FNDA:1193,System.Boolean CommandDotNet.CommandExtensions::HelpWasRequested(CommandDotNet.Command)
DA:100,1193
FN:103,System.Boolean CommandDotNet.CommandExtensions::ContainsArgumentNode(CommandDotNet.Command,System.String)
FNDA:2980,System.Boolean CommandDotNet.CommandExtensions::ContainsArgumentNode(CommandDotNet.Command,System.String)
DA:104,2980
FN:107,System.Boolean CommandDotNet.CommandExtensions::HasInputValues(CommandDotNet.Command,System.String)
FNDA:1197,System.Boolean CommandDotNet.CommandExtensions::HasInputValues(CommandDotNet.Command,System.String)
DA:108,1197
BRDA:108,8,0,0
BRDA:108,8,1,1197
FN:111,System.Collections.Generic.ICollection`1<CommandDotNet.InputValue> CommandDotNet.CommandExtensions::FindInputValues(CommandDotNet.Command,System.String)
FNDA:1197,System.Collections.Generic.ICollection`1<CommandDotNet.InputValue> CommandDotNet.CommandExtensions::FindInputValues(CommandDotNet.Command,System.String)
DA:112,1197
BRDA:112,8,0,0
BRDA:112,8,1,1197
LF:32
LH:24
BRF:10
BRH:5
FNF:10
FNH:8
end_of_record
SF:CommandDotNet/CommandNodeType.cs
FN:17,System.Boolean CommandDotNet.CommandNodeType::get_IsArgument()
FNDA:0,System.Boolean CommandDotNet.CommandNodeType::get_IsArgument()
DA:18,0
BRDA:18,6,0,0
BRDA:18,6,1,0
FN:21,System.String CommandDotNet.CommandNodeType::ToString()
FNDA:0,System.String CommandDotNet.CommandNodeType::ToString()
DA:22,0
FN:19,System.Void CommandDotNet.CommandNodeType::.ctor(System.String)
FNDA:6,System.Void CommandDotNet.CommandNodeType::.ctor(System.String)
DA:20,6
FN:8,System.Void CommandDotNet.CommandNodeType::.cctor()
FNDA:1,System.Void CommandDotNet.CommandNodeType::.cctor()
DA:9,1
DA:10,1
DA:11,1
LF:6
LH:4
BRF:2
BRH:0
FNF:4
FNH:2
end_of_record
SF:CommandDotNet/ConsoleExtensions.cs
FN:4,System.Void CommandDotNet.ConsoleExtensions::Write(CommandDotNet.IConsole,System.Object)
FNDA:8,System.Void CommandDotNet.ConsoleExtensions::Write(CommandDotNet.IConsole,System.Object)
DA:5,8
FN:6,System.Void CommandDotNet.ConsoleExtensions::WriteLine(CommandDotNet.IConsole,System.Object)
FNDA:3,System.Void CommandDotNet.ConsoleExtensions::WriteLine(CommandDotNet.IConsole,System.Object)
DA:7,3
LF:2
LH:2
BRF:0
BRH:0
FNF:2
FNH:2
end_of_record
SF:CommandDotNet/EnvVarAttribute.cs
FN:18,System.Void CommandDotNet.EnvVarAttribute::.ctor(System.String)
FNDA:270,System.Void CommandDotNet.EnvVarAttribute::.ctor(System.String)
DA:19,270
LF:1
LH:1
BRF:0
BRH:0
FNF:1
FNH:1
end_of_record
SF:CommandDotNet/ExitCodes.cs
FN:7,System.Int32 CommandDotNet.ExitCodes::get_Success()
FNDA:367,System.Int32 CommandDotNet.ExitCodes::get_Success()
DA:8,367
FN:8,System.Int32 CommandDotNet.ExitCodes::get_Error()
FNDA:80,System.Int32 CommandDotNet.ExitCodes::get_Error()
DA:9,80
FN:9,System.Int32 CommandDotNet.ExitCodes::get_ValidationError()
FNDA:26,System.Int32 CommandDotNet.ExitCodes::get_ValidationError()
DA:10,26
FN:11,System.Threading.Tasks.Task`1<System.Int32> CommandDotNet.ExitCodes::get_SuccessAsync()
FNDA:367,System.Threading.Tasks.Task`1<System.Int32> CommandDotNet.ExitCodes::get_SuccessAsync()
DA:12,367
FN:12,System.Threading.Tasks.Task`1<System.Int32> CommandDotNet.ExitCodes::get_ErrorAsync()
FNDA:78,System.Threading.Tasks.Task`1<System.Int32> CommandDotNet.ExitCodes::get_ErrorAsync()
DA:13,78
FN:13,System.Threading.Tasks.Task`1<System.Int32> CommandDotNet.ExitCodes::get_ValidationErrorAsync()
FNDA:26,System.Threading.Tasks.Task`1<System.Int32> CommandDotNet.ExitCodes::get_ValidationErrorAsync()
DA:14,26
LF:6
LH:6
BRF:0
BRH:0
FNF:6
FNH:6
end_of_record
SF:CommandDotNet/Indent.cs
FN:47,CommandDotNet.Indent CommandDotNet.Indent::IncrementBy(System.Int32)
FNDA:0,CommandDotNet.Indent CommandDotNet.Indent::IncrementBy(System.Int32)
DA:48,0
DA:49,0
DA:50,0
DA:51,0
DA:52,0
DA:53,0
DA:54,0
DA:55,0
BRDA:50,26,1,0
BRDA:50,26,0,0
FN:57,CommandDotNet.Indent CommandDotNet.Indent::Increment()
FNDA:187,CommandDotNet.Indent CommandDotNet.Indent::Increment()
DA:58,187
BRDA:58,7,0,72
BRDA:58,7,1,187
FN:60,CommandDotNet.Indent CommandDotNet.Indent::Decrement()
FNDA:14,CommandDotNet.Indent CommandDotNet.Indent::Decrement()
DA:61,14
BRDA:61,7,0,0
BRDA:61,7,1,14
FN:62,System.String CommandDotNet.Indent::ToString()
FNDA:556,System.String CommandDotNet.Indent::ToString()
DA:63,556
FN:29,System.Void CommandDotNet.Indent::.ctor(CommandDotNet.Indent)
FNDA:72,System.Void CommandDotNet.Indent::.ctor(CommandDotNet.Indent)
DA:30,72
DA:31,72
DA:32,72
DA:33,72
DA:34,72
DA:35,72
DA:36,72
FN:37,System.Void CommandDotNet.Indent::.ctor(System.String,System.Int32,System.String)
FNDA:72,System.Void CommandDotNet.Indent::.ctor(System.String,System.Int32,System.String)
DA:38,72
DA:39,72
DA:40,72
DA:41,72
DA:42,72
DA:43,72
DA:44,72
LF:25
LH:17
BRF:6
BRH:3
FNF:6
FNH:5
end_of_record
SF:CommandDotNet/InputValue.cs
FN:27,System.Collections.Generic.IEnumerable`1<System.String> CommandDotNet.InputValue::get_Values()
FNDA:1313,System.Collections.Generic.IEnumerable`1<System.String> CommandDotNet.InputValue::get_Values()
DA:28,1313
BRDA:28,7,0,1176
BRDA:28,17,0,0
BRDA:28,17,1,1176
BRDA:28,7,1,1313
FN:28,System.Void CommandDotNet.InputValue::set_Values(System.Collections.Generic.IEnumerable`1<System.String>)
FNDA:68,System.Void CommandDotNet.InputValue::set_Values(System.Collections.Generic.IEnumerable`1<System.String>)
DA:29,68
FN:34,System.Void CommandDotNet.InputValue::.ctor(System.String,System.Boolean,System.Collections.Generic.IEnumerable`1<System.String>)
FNDA:67,System.Void CommandDotNet.InputValue::.ctor(System.String,System.Boolean,System.Collections.Generic.IEnumerable`1<System.String>)
DA:35,67
DA:36,67
DA:37,67
DA:38,67
DA:39,67
DA:40,67
FN:41,System.Void CommandDotNet.InputValue::.ctor(System.String,System.Boolean,System.Collections.Generic.IEnumerable`1<CommandDotNet.ValueFromToken>)
FNDA:877,System.Void CommandDotNet.InputValue::.ctor(System.String,System.Boolean,System.Collections.Generic.IEnumerable`1<CommandDotNet.ValueFromToken>)
DA:42,877
DA:43,877
DA:44,877
DA:45,877
DA:46,877
DA:47,877
LF:14
LH:14
BRF:4
BRH:3
FNF:4
FNH:4
end_of_record
SF:CommandDotNet/InvalidConfigurationException.cs
FN:12,System.Void CommandDotNet.InvalidConfigurationException::.ctor(System.String)
FNDA:37,System.Void CommandDotNet.InvalidConfigurationException::.ctor(System.String)
DA:13,37
DA:14,37
DA:15,37
FN:16,System.Void CommandDotNet.InvalidConfigurationException::.ctor(System.String,System.Exception)
FNDA:0,System.Void CommandDotNet.InvalidConfigurationException::.ctor(System.String,System.Exception)
DA:17,0
DA:18,0
DA:19,0
LF:6
LH:3
BRF:0
BRH:0
FNF:2
FNH:1
end_of_record
SF:CommandDotNet/LocalizationAppSettings.cs
FN:22,System.String CommandDotNet.LocalizationAppSettings::ToString()
FNDA:0,System.String CommandDotNet.LocalizationAppSettings::ToString()
DA:23,0
FN:24,System.String CommandDotNet.LocalizationAppSettings::ToString(CommandDotNet.Indent)
FNDA:1,System.String CommandDotNet.LocalizationAppSettings::ToString(CommandDotNet.Indent)
DA:25,1
LF:2
LH:1
BRF:0
BRH:0
FNF:2
FNH:1
end_of_record
SF:CommandDotNet/NamedAttribute.cs
FN:27,System.Void CommandDotNet.NamedAttribute::.ctor(System.Int32)
FNDA:0,System.Void CommandDotNet.NamedAttribute::.ctor(System.Int32)
DA:28,0
DA:29,0
DA:30,0
FN:41,System.Void CommandDotNet.NamedAttribute::.ctor(System.Char,System.Int32)
FNDA:0,System.Void CommandDotNet.NamedAttribute::.ctor(System.Char,System.Int32)
DA:42,0
DA:43,0
DA:44,0
FN:57,System.Void CommandDotNet.NamedAttribute::.ctor(System.String,System.Int32)
FNDA:0,System.Void CommandDotNet.NamedAttribute::.ctor(System.String,System.Int32)
DA:58,0
DA:59,0
DA:60,0
FN:74,System.Void CommandDotNet.NamedAttribute::.ctor(System.Char,System.String,System.Int32)
FNDA:0,System.Void CommandDotNet.NamedAttribute::.ctor(System.Char,System.String,System.Int32)
DA:75,0
DA:76,0
DA:77,0
LF:12
LH:0
BRF:0
BRH:0
FNF:4
FNH:0
end_of_record
SF:CommandDotNet/Operand.cs
FN:70,System.Object CommandDotNet.Operand::get_Value()
FNDA:358,System.Object CommandDotNet.Operand::get_Value()
DA:71,358
FN:71,System.Void CommandDotNet.Operand::set_Value(System.Object)
FNDA:340,System.Void CommandDotNet.Operand::set_Value(System.Object)
DA:72,340
FN:77,CommandDotNet.Command CommandDotNet.Operand::get_Parent()
FNDA:136,CommandDotNet.Command CommandDotNet.Operand::get_Parent()
DA:78,136
FN:79,System.Void CommandDotNet.Operand::set_Parent(CommandDotNet.Command)
FNDA:2309,System.Void CommandDotNet.Operand::set_Parent(CommandDotNet.Command)
DA:80,2309
DA:81,2309
DA:82,0
DA:83,0
DA:85,2309
DA:86,2309
DA:87,2309
DA:88,2309
DA:89,0
DA:90,0
DA:91,0
DA:93,2309
BRDA:81,7,0,0
BRDA:81,7,1,2309
BRDA:85,32,0,2309
BRDA:85,32,1,0
BRDA:89,59,0,0
BRDA:89,59,1,2309
FN:107,System.String CommandDotNet.Operand::ToString()
FNDA:0,System.String CommandDotNet.Operand::ToString()
DA:108,0
FN:110,System.Boolean CommandDotNet.Operand::op_Equality(CommandDotNet.Operand,CommandDotNet.Operand)
FNDA:0,System.Boolean CommandDotNet.Operand::op_Equality(CommandDotNet.Operand,CommandDotNet.Operand)
DA:111,0
FN:112,System.Boolean CommandDotNet.Operand::op_Inequality(CommandDotNet.Operand,CommandDotNet.Operand)
FNDA:0,System.Boolean CommandDotNet.Operand::op_Inequality(CommandDotNet.Operand,CommandDotNet.Operand)
DA:113,0
FN:114,System.Boolean CommandDotNet.Operand::Equals(CommandDotNet.Operand)
FNDA:0,System.Boolean CommandDotNet.Operand::Equals(CommandDotNet.Operand)
DA:115,0
FN:117,System.Boolean CommandDotNet.Operand::Equals(System.Object)
FNDA:0,System.Boolean CommandDotNet.Operand::Equals(System.Object)
DA:118,0
DA:119,0
DA:120,0
DA:121,0
BRDA:118,1,0,0
BRDA:118,5,0,0
BRDA:118,24,0,0
BRDA:118,24,1,0
BRDA:118,5,1,0
BRDA:118,1,1,0
FN:122,System.Int32 CommandDotNet.Operand::GetHashCode()
FNDA:7,System.Int32 CommandDotNet.Operand::GetHashCode()
DA:123,7
FN:21,System.Void CommandDotNet.Operand::.ctor(System.String,CommandDotNet.TypeInfo,CommandDotNet.IArgumentArity,System.Nullable`1<CommandDotNet.BooleanMode>,System.String,System.Reflection.ICustomAttributeProvider,CommandDotNet.ValueProxy)
FNDA:2314,System.Void CommandDotNet.Operand::.ctor(System.String,CommandDotNet.TypeInfo,CommandDotNet.IArgumentArity,System.Nullable`1<CommandDotNet.BooleanMode>,System.String,System.Reflection.ICustomAttributeProvider,CommandDotNet.ValueProxy)
DA:22,2314
DA:23,2314
DA:24,2314
DA:25,2314
DA:26,2314
DA:27,2314
DA:28,2314
DA:29,2314
DA:30,2314
DA:32,2314
DA:33,2314
DA:34,2314
DA:35,2314
DA:36,2314
DA:37,2314
DA:38,2314
DA:39,2314
BRDA:31,46,0,9
BRDA:31,46,1,2314
BRDA:32,86,0,0
BRDA:32,86,1,2314
BRDA:33,108,0,0
BRDA:33,108,1,2314
BRDA:34,131,0,0
BRDA:34,131,1,2314
BRDA:38,184,0,9
BRDA:38,184,1,2314
LF:41
LH:28
BRF:22
BRH:10
FNF:11
FNH:6
end_of_record
SF:CommandDotNet/OperandAttribute.cs
FN:37,System.Void CommandDotNet.OperandAttribute::.ctor(System.Int32)
FNDA:4200,System.Void CommandDotNet.OperandAttribute::.ctor(System.Int32)
DA:38,4200
DA:39,4200
DA:40,4200
DA:41,4200
FN:52,System.Void CommandDotNet.OperandAttribute::.ctor(System.String,System.Int32)
FNDA:2,System.Void CommandDotNet.OperandAttribute::.ctor(System.String,System.Int32)
DA:53,2
DA:54,2
DA:55,2
DA:56,2
DA:57,2
LF:9
LH:9
BRF:0
BRH:0
FNF:2
FNH:2
end_of_record
SF:CommandDotNet/Option.cs
FN:68,System.String CommandDotNet.Option::get_Name()
FNDA:185,System.String CommandDotNet.Option::get_Name()
DA:69,185
BRDA:69,7,0,22
BRDA:69,7,1,185
FN:79,CommandDotNet.Command CommandDotNet.Option::get_Parent()
FNDA:585,CommandDotNet.Command CommandDotNet.Option::get_Parent()
DA:80,585
FN:81,System.Void CommandDotNet.Option::set_Parent(CommandDotNet.Command)
FNDA:5216,System.Void CommandDotNet.Option::set_Parent(CommandDotNet.Command)
DA:82,5216
DA:83,5216
DA:84,0
DA:85,0
DA:87,5216
DA:88,5216
DA:89,5216
DA:90,5216
DA:91,0
DA:92,0
DA:93,0
DA:95,5216
BRDA:83,7,0,0
BRDA:83,7,1,5216
BRDA:87,32,0,5216
BRDA:87,32,1,0
BRDA:91,59,0,0
BRDA:91,59,1,5216
FN:98,System.Collections.Generic.IReadOnlyCollection`1<System.String> CommandDotNet.Option::get_Aliases()
FNDA:15123,System.Collections.Generic.IReadOnlyCollection`1<System.String> CommandDotNet.Option::get_Aliases()
DA:99,15123
FN:137,System.Object CommandDotNet.Option::get_Value()
FNDA:520,System.Object CommandDotNet.Option::get_Value()
DA:138,520
FN:138,System.Void CommandDotNet.Option::set_Value(System.Object)
FNDA:411,System.Void CommandDotNet.Option::set_Value(System.Object)
DA:139,411
FN:170,System.Boolean CommandDotNet.Option::get_IsFlag()
FNDA:1281,System.Boolean CommandDotNet.Option::get_IsFlag()
DA:171,1281
BRDA:171,16,0,383
BRDA:171,16,1,898
FN:178,System.String CommandDotNet.Option::ToString()
FNDA:1,System.String CommandDotNet.Option::ToString()
DA:179,1
FN:181,System.Boolean CommandDotNet.Option::op_Equality(CommandDotNet.Option,CommandDotNet.Option)
FNDA:0,System.Boolean CommandDotNet.Option::op_Equality(CommandDotNet.Option,CommandDotNet.Option)
DA:182,0
FN:183,System.Boolean CommandDotNet.Option::op_Inequality(CommandDotNet.Option,CommandDotNet.Option)
FNDA:0,System.Boolean CommandDotNet.Option::op_Inequality(CommandDotNet.Option,CommandDotNet.Option)
DA:184,0
FN:186,System.Boolean CommandDotNet.Option::Equals(CommandDotNet.Option)
FNDA:7,System.Boolean CommandDotNet.Option::Equals(CommandDotNet.Option)
DA:187,7
DA:188,7
BRDA:187,17,0,7
BRDA:187,17,1,0
FN:190,System.Boolean CommandDotNet.Option::Equals(System.Object)
FNDA:7,System.Boolean CommandDotNet.Option::Equals(System.Object)
DA:191,7
DA:192,7
DA:193,7
DA:194,7
BRDA:191,1,0,7
BRDA:191,5,0,7
BRDA:191,24,0,7
BRDA:191,24,1,0
BRDA:191,5,1,0
BRDA:191,1,1,0
FN:196,System.Int32 CommandDotNet.Option::GetHashCode()
FNDA:50,System.Int32 CommandDotNet.Option::GetHashCode()
DA:197,50
DA:199,50
DA:200,50
DA:201,50
DA:202,50
DA:204,50
BRDA:200,8,0,0
BRDA:200,8,1,50
BRDA:201,46,0,36
BRDA:201,46,1,14
FN:22,System.Void CommandDotNet.Option::.ctor(System.String,System.Nullable`1<System.Char>,CommandDotNet.TypeInfo,CommandDotNet.IArgumentArity,System.Nullable`1<CommandDotNet.BooleanMode>,System.String,System.Collections.Generic.IEnumerable`1<System.String>,System.Reflection.ICustomAttributeProvider,System.Boolean,System.Boolean,CommandDotNet.ValueProxy)
FNDA:5231,System.Void CommandDotNet.Option::.ctor(System.String,System.Nullable`1<System.Char>,CommandDotNet.TypeInfo,CommandDotNet.IArgumentArity,System.Nullable`1<CommandDotNet.BooleanMode>,System.String,System.Collections.Generic.IEnumerable`1<System.String>,System.Reflection.ICustomAttributeProvider,System.Boolean,System.Boolean,CommandDotNet.ValueProxy)
DA:23,5231
DA:24,5231
DA:25,5231
DA:26,5231
DA:27,5231
DA:28,5231
DA:29,5231
DA:30,5231
DA:31,5231
DA:32,5231
DA:33,5231
DA:34,5231
DA:35,5231
DA:36,5231
DA:37,1
DA:38,1
DA:41,5230
DA:42,5
DA:43,5
DA:46,5225
DA:47,0
DA:48,0
DA:49,0
DA:54,5225
DA:55,5225
DA:56,5225
DA:57,5225
DA:58,5225
DA:59,5225
DA:60,5225
DA:61,5225
DA:62,5225
DA:64,5225
DA:65,10332
DA:66,8927
DA:67,5225
BRDA:36,49,0,1524
BRDA:36,49,1,3707
BRDA:36,62,0,1
BRDA:36,62,1,5230
BRDA:41,90,0,3707
BRDA:41,90,1,1523
BRDA:41,112,0,5
BRDA:41,112,1,5225
BRDA:46,196,0,0
BRDA:52,301,0,2997
BRDA:52,301,1,5225
BRDA:54,341,0,0
BRDA:54,341,1,5225
BRDA:55,365,0,0
BRDA:55,365,1,5225
BRDA:60,422,0,2997
BRDA:60,422,1,5225
BRDA:64,451,0,2250
BRDA:64,451,1,2975
BRDA:64,506,1,2975
BRDA:64,506,0,2975
BRDA:65,553,0,5107
BRDA:65,553,1,5225
BRDA:66,592,0,3702
BRDA:66,592,1,5225
LF:69
LH:59
BRF:47
BRH:36
FNF:14
FNH:12
end_of_record
SF:CommandDotNet/OptionAttribute.cs
FN:35,System.String CommandDotNet.OptionAttribute::CommandDotNet.INameAndDescription.get_Name()
FNDA:1886,System.String CommandDotNet.OptionAttribute::CommandDotNet.INameAndDescription.get_Name()
DA:36,1886
FN:51,CommandDotNet.BooleanMode CommandDotNet.OptionAttribute::get_BooleanMode()
FNDA:0,CommandDotNet.BooleanMode CommandDotNet.OptionAttribute::get_BooleanMode()
DA:52,0
FN:52,System.Void CommandDotNet.OptionAttribute::set_BooleanMode(CommandDotNet.BooleanMode)
FNDA:0,System.Void CommandDotNet.OptionAttribute::set_BooleanMode(CommandDotNet.BooleanMode)
DA:53,0
FN:70,System.Char CommandDotNet.OptionAttribute::get_Split()
FNDA:0,System.Char CommandDotNet.OptionAttribute::get_Split()
DA:71,0
FN:71,System.Void CommandDotNet.OptionAttribute::set_Split(System.Char)
FNDA:29,System.Void CommandDotNet.OptionAttribute::set_Split(System.Char)
DA:72,29
FN:145,System.Void CommandDotNet.OptionAttribute::SetLongName(System.String)
FNDA:1773,System.Void CommandDotNet.OptionAttribute::SetLongName(System.String)
DA:146,1773
DA:147,1773
DA:148,0
DA:149,0
DA:150,0
DA:151,0
DA:154,1773
DA:155,66
DA:156,66
DA:157,66
DA:159,1773
DA:160,1773
DA:161,1773
BRDA:147,2,0,330
BRDA:147,2,1,1443
BRDA:147,18,0,0
BRDA:147,18,1,1773
BRDA:154,124,0,66
BRDA:154,124,1,1773
FN:85,System.Void CommandDotNet.OptionAttribute::.ctor(System.Int32)
FNDA:3684,System.Void CommandDotNet.OptionAttribute::.ctor(System.Int32)
DA:86,3684
DA:87,3684
DA:88,3684
DA:89,3684
FN:100,System.Void CommandDotNet.OptionAttribute::.ctor(System.Char,System.Int32)
FNDA:724,System.Void CommandDotNet.OptionAttribute::.ctor(System.Char,System.Int32)
DA:101,724
DA:102,724
DA:103,724
DA:104,724
DA:105,724
FN:118,System.Void CommandDotNet.OptionAttribute::.ctor(System.String,System.Int32)
FNDA:217,System.Void CommandDotNet.OptionAttribute::.ctor(System.String,System.Int32)
DA:119,217
DA:120,217
DA:121,217
DA:122,217
DA:123,217
FN:137,System.Void CommandDotNet.OptionAttribute::.ctor(System.Char,System.String,System.Int32)
FNDA:1556,System.Void CommandDotNet.OptionAttribute::.ctor(System.Char,System.String,System.Int32)
DA:138,1556
DA:139,1556
DA:140,1556
DA:141,1556
DA:142,1556
DA:143,1556
LF:38
LH:31
BRF:6
BRH:5
FNF:10
FNH:7
end_of_record
SF:CommandDotNet/OptionTemplate.cs
FN:14,System.String CommandDotNet.OptionTemplate::BuildTemplate(CommandDotNet.Option,System.String)
FNDA:0,System.String CommandDotNet.OptionTemplate::BuildTemplate(CommandDotNet.Option,System.String)
DA:15,0
FN:17,System.String CommandDotNet.OptionTemplate::Build(System.String,System.Nullable`1<System.Char>,System.String)
FNDA:460,System.String CommandDotNet.OptionTemplate::Build(System.String,System.Nullable`1<System.Char>,System.String)
DA:18,460
DA:19,460
DA:22,460
DA:23,460
DA:25,460
DA:26,0
DA:27,0
DA:28,0
DA:31,460
DA:40,460
BRDA:22,33,0,238
BRDA:22,33,1,222
BRDA:25,91,0,0
BRDA:25,91,1,460
LF:11
LH:7
BRF:4
BRH:3
FNF:2
FNH:1
end_of_record
SF:CommandDotNet/OrderByPositionInClassAttribute.cs
FN:15,System.Void CommandDotNet.OrderByPositionInClassAttribute::.ctor(System.Int32)
FNDA:45,System.Void CommandDotNet.OrderByPositionInClassAttribute::.ctor(System.Int32)
DA:16,45
LF:1
LH:1
BRF:0
BRH:0
FNF:1
FNH:1
end_of_record
SF:CommandDotNet/OriginalInput.cs
FN:7,System.Void CommandDotNet.OriginalInput::.ctor(System.String[],CommandDotNet.Tokens.TokenCollection)
FNDA:771,System.Void CommandDotNet.OriginalInput::.ctor(System.String[],CommandDotNet.Tokens.TokenCollection)
DA:8,771
LF:1
LH:1
BRF:0
BRH:0
FNF:1
FNH:1
end_of_record
SF:CommandDotNet/ParseAppSettings.cs
FN:25,System.String CommandDotNet.ParseAppSettings::ToString()
FNDA:0,System.String CommandDotNet.ParseAppSettings::ToString()
DA:26,0
FN:27,System.String CommandDotNet.ParseAppSettings::ToString(CommandDotNet.Indent)
FNDA:1,System.String CommandDotNet.ParseAppSettings::ToString(CommandDotNet.Indent)
DA:28,1
LF:2
LH:1
BRF:0
BRH:0
FNF:2
FNH:1
end_of_record
SF:CommandDotNet/Password.cs
FN:20,System.String CommandDotNet.Password::GetPassword()
FNDA:3,System.String CommandDotNet.Password::GetPassword()
DA:21,3
FN:22,System.String CommandDotNet.Password::ToString()
FNDA:0,System.String CommandDotNet.Password::ToString()
DA:23,0
BRDA:23,11,0,0
BRDA:23,11,1,0
FN:24,System.Boolean CommandDotNet.Password::Equals(CommandDotNet.Password)
FNDA:5,System.Boolean CommandDotNet.Password::Equals(CommandDotNet.Password)
DA:25,5
FN:27,System.Boolean CommandDotNet.Password::Equals(System.Object)
FNDA:5,System.Boolean CommandDotNet.Password::Equals(System.Object)
DA:28,5
DA:29,5
DA:30,5
DA:31,5
BRDA:28,1,0,5
BRDA:28,5,0,5
BRDA:28,24,0,5
BRDA:28,24,1,0
BRDA:28,5,1,0
BRDA:28,1,1,0
FN:32,System.Int32 CommandDotNet.Password::GetHashCode()
FNDA:0,System.Int32 CommandDotNet.Password::GetHashCode()
DA:33,0
FN:14,System.Void CommandDotNet.Password::.ctor(System.String)
FNDA:24,System.Void CommandDotNet.Password::.ctor(System.String)
DA:15,24
DA:19,24
FN:16,System.Void CommandDotNet.Password::.cctor()
FNDA:1,System.Void CommandDotNet.Password::.cctor()
DA:17,1
LF:11
LH:9
BRF:8
BRH:3
FNF:7
FNH:5
end_of_record
SF:CommandDotNet/PositionalAttribute.cs
FN:30,System.Void CommandDotNet.PositionalAttribute::.ctor(System.Int32)
FNDA:0,System.Void CommandDotNet.PositionalAttribute::.ctor(System.Int32)
DA:31,0
DA:32,0
DA:33,0
FN:45,System.Void CommandDotNet.PositionalAttribute::.ctor(System.String,System.Int32)
FNDA:0,System.Void CommandDotNet.PositionalAttribute::.ctor(System.String,System.Int32)
DA:46,0
DA:47,0
DA:48,0
LF:6
LH:0
BRF:0
BRH:0
FNF:2
FNH:0
end_of_record
SF:CommandDotNet/ResourcesProxy.cs
FN:14,System.String CommandDotNet.ResourcesProxy::Format(System.String,System.Object[])
FNDA:25,System.String CommandDotNet.ResourcesProxy::Format(System.String,System.Object[])
DA:15,25
BRDA:15,1,0,24
BRDA:15,1,1,1
FN:17,System.String CommandDotNet.ResourcesProxy::get_ValueSource_EnvVar()
FNDA:1,System.String CommandDotNet.ResourcesProxy::get_ValueSource_EnvVar()
DA:18,1
DA:19,1
DA:20,1
DA:21,1
BRDA:18,12,0,1
BRDA:18,12,1,0
BRDA:18,33,0,0
BRDA:18,33,1,1
FN:23,System.String CommandDotNet.ResourcesProxy::get_ValueSource_AppSetting()
FNDA:1,System.String CommandDotNet.ResourcesProxy::get_ValueSource_AppSetting()
DA:24,1
DA:25,1
DA:26,1
DA:27,1
BRDA:24,12,0,1
BRDA:24,12,1,0
BRDA:24,33,0,0
BRDA:24,33,1,1
FN:29,System.String CommandDotNet.ResourcesProxy::get_Command_version()
FNDA:1,System.String CommandDotNet.ResourcesProxy::get_Command_version()
DA:30,1
DA:31,1
DA:32,1
DA:33,1
BRDA:30,12,0,1
BRDA:30,12,1,0
BRDA:30,33,0,0
BRDA:30,33,1,1
FN:35,System.String CommandDotNet.ResourcesProxy::get_Command_version_description()
FNDA:1,System.String CommandDotNet.ResourcesProxy::get_Command_version_description()
DA:36,1
DA:37,1
DA:38,1
DA:39,1
BRDA:36,12,0,1
BRDA:36,12,1,0
BRDA:36,33,0,0
BRDA:36,33,1,1
FN:41,System.String CommandDotNet.ResourcesProxy::get_CommandLogger_Original_input()
FNDA:1,System.String CommandDotNet.ResourcesProxy::get_CommandLogger_Original_input()
DA:42,1
DA:43,1
DA:44,1
DA:45,1
BRDA:42,12,0,1
BRDA:42,12,1,0
BRDA:42,33,0,0
BRDA:42,33,1,1
FN:47,System.String CommandDotNet.ResourcesProxy::get_CommandLogger_Tool_version()
FNDA:1,System.String CommandDotNet.ResourcesProxy::get_CommandLogger_Tool_version()
DA:48,1
DA:49,1
DA:50,1
DA:51,1
BRDA:48,12,0,1
BRDA:48,12,1,0
BRDA:48,33,0,0
BRDA:48,33,1,1
FN:53,System.String CommandDotNet.ResourcesProxy::get_CommandLogger_DotNet_version()
FNDA:1,System.String CommandDotNet.ResourcesProxy::get_CommandLogger_DotNet_version()
DA:54,1
DA:55,1
DA:56,1
DA:57,1
BRDA:54,12,0,1
BRDA:54,12,1,0
BRDA:54,33,0,0
BRDA:54,33,1,1
FN:59,System.String CommandDotNet.ResourcesProxy::get_CommandLogger_OS_version()
FNDA:1,System.String CommandDotNet.ResourcesProxy::get_CommandLogger_OS_version()
DA:60,1
DA:61,1
DA:62,1
DA:63,1
BRDA:60,12,0,1
BRDA:60,12,1,0
BRDA:60,33,0,0
BRDA:60,33,1,1
FN:65,System.String CommandDotNet.ResourcesProxy::get_CommandLogger_Machine()
FNDA:1,System.String CommandDotNet.ResourcesProxy::get_CommandLogger_Machine()
DA:66,1
DA:67,1
DA:68,1
DA:69,1
BRDA:66,12,0,1
BRDA:66,12,1,0
BRDA:66,33,0,0
BRDA:66,33,1,1
FN:71,System.String CommandDotNet.ResourcesProxy::get_CommandLogger_Username()
FNDA:1,System.String CommandDotNet.ResourcesProxy::get_CommandLogger_Username()
DA:72,1
DA:73,1
DA:74,1
DA:75,1
BRDA:72,12,0,1
BRDA:72,12,1,0
BRDA:72,33,0,0
BRDA:72,33,1,1
FN:77,System.String CommandDotNet.ResourcesProxy::get_Exceptions_Data()
FNDA:1,System.String CommandDotNet.ResourcesProxy::get_Exceptions_Data()
DA:78,1
DA:79,1
DA:80,1
DA:81,1
BRDA:78,12,0,1
BRDA:78,12,1,0
BRDA:78,33,0,0
BRDA:78,33,1,1
FN:83,System.String CommandDotNet.ResourcesProxy::get_Exceptions_Properties()
FNDA:1,System.String CommandDotNet.ResourcesProxy::get_Exceptions_Properties()
DA:84,1
DA:85,1
DA:86,1
DA:87,1
BRDA:84,12,0,1
BRDA:84,12,1,0
BRDA:84,33,0,0
BRDA:84,33,1,1
FN:89,System.String CommandDotNet.ResourcesProxy::get_Exceptions_StackTrace()
FNDA:1,System.String CommandDotNet.ResourcesProxy::get_Exceptions_StackTrace()
DA:90,1
DA:91,1
DA:92,1
DA:93,1
BRDA:90,12,0,1
BRDA:90,12,1,0
BRDA:90,33,0,0
BRDA:90,33,1,1
FN:95,System.String CommandDotNet.ResourcesProxy::get_Exceptions_StackTrace_at()
FNDA:1,System.String CommandDotNet.ResourcesProxy::get_Exceptions_StackTrace_at()
DA:96,1
DA:97,1
DA:98,1
DA:99,1
BRDA:96,12,0,1
BRDA:96,12,1,0
BRDA:96,33,0,0
BRDA:96,33,1,1
FN:101,System.String CommandDotNet.ResourcesProxy::get_ParseReport_root_lc()
FNDA:1,System.String CommandDotNet.ResourcesProxy::get_ParseReport_root_lc()
DA:102,1
DA:103,1
DA:104,1
DA:105,1
BRDA:102,12,0,1
BRDA:102,12,1,0
BRDA:102,33,0,0
BRDA:102,33,1,1
FN:107,System.String CommandDotNet.ResourcesProxy::get_ParseDirective_Help_was_requested()
FNDA:1,System.String CommandDotNet.ResourcesProxy::get_ParseDirective_Help_was_requested()
DA:108,1
DA:109,1
DA:110,1
DA:111,1
BRDA:108,12,0,1
BRDA:108,12,1,0
BRDA:108,33,0,0
BRDA:108,33,1,1
FN:113,System.String CommandDotNet.ResourcesProxy::get_ParseDirective_Unable_to_map_tokens_to_arguments()
FNDA:1,System.String CommandDotNet.ResourcesProxy::get_ParseDirective_Unable_to_map_tokens_to_arguments()
DA:114,1
DA:115,1
DA:116,1
DA:117,1
BRDA:114,12,0,1
BRDA:114,12,1,0
BRDA:114,33,0,0
BRDA:114,33,1,1
FN:119,System.String CommandDotNet.ResourcesProxy::get_ParseDirective_parse_lc()
FNDA:1,System.String CommandDotNet.ResourcesProxy::get_ParseDirective_parse_lc()
DA:120,1
DA:121,1
DA:122,1
DA:123,1
BRDA:120,12,0,1
BRDA:120,12,1,0
BRDA:120,33,0,0
BRDA:120,33,1,1
FN:125,System.String CommandDotNet.ResourcesProxy::get_ParseDirective_token_transformations_lc()
FNDA:1,System.String CommandDotNet.ResourcesProxy::get_ParseDirective_token_transformations_lc()
DA:126,1
DA:127,1
DA:128,1
DA:129,1
BRDA:126,12,0,1
BRDA:126,12,1,0
BRDA:126,33,0,0
BRDA:126,33,1,1
FN:131,System.String CommandDotNet.ResourcesProxy::get_ParseDirective_from_shell_lc()
FNDA:1,System.String CommandDotNet.ResourcesProxy::get_ParseDirective_from_shell_lc()
DA:132,1
DA:133,1
DA:134,1
DA:135,1
BRDA:132,12,0,1
BRDA:132,12,1,0
BRDA:132,33,0,0
BRDA:132,33,1,1
FN:137,System.String CommandDotNet.ResourcesProxy::get_Debugger_debug_lc()
FNDA:1,System.String CommandDotNet.ResourcesProxy::get_Debugger_debug_lc()
DA:138,1
DA:139,1
DA:140,1
DA:141,1
BRDA:138,12,0,1
BRDA:138,12,1,0
BRDA:138,33,0,0
BRDA:138,33,1,1
FN:143,System.String CommandDotNet.ResourcesProxy::get_Time_time()
FNDA:1,System.String CommandDotNet.ResourcesProxy::get_Time_time()
DA:144,1
DA:145,1
DA:146,1
DA:147,1
BRDA:144,12,0,1
BRDA:144,12,1,0
BRDA:144,33,0,0
BRDA:144,33,1,1
FN:149,System.String CommandDotNet.ResourcesProxy::get_Command_help()
FNDA:4,System.String CommandDotNet.ResourcesProxy::get_Command_help()
DA:150,4
DA:151,4
DA:152,4
DA:153,4
BRDA:150,12,0,4
BRDA:150,12,1,0
BRDA:150,33,0,0
BRDA:150,33,1,4
FN:155,System.String CommandDotNet.ResourcesProxy::get_Command_help_description()
FNDA:5,System.String CommandDotNet.ResourcesProxy::get_Command_help_description()
DA:156,5
DA:157,5
DA:158,5
DA:159,5
BRDA:156,12,0,5
BRDA:156,12,1,0
BRDA:156,33,0,1
BRDA:156,33,1,5
FN:161,System.String CommandDotNet.ResourcesProxy::get_Help_Allowed_values()
FNDA:1,System.String CommandDotNet.ResourcesProxy::get_Help_Allowed_values()
DA:162,1
DA:163,1
DA:164,1
DA:165,1
BRDA:162,12,0,1
BRDA:162,12,1,0
BRDA:162,33,0,0
BRDA:162,33,1,1
FN:167,System.String CommandDotNet.ResourcesProxy::get_Help_arg()
FNDA:1,System.String CommandDotNet.ResourcesProxy::get_Help_arg()
DA:168,1
DA:169,1
DA:170,1
DA:171,1
BRDA:168,12,0,1
BRDA:168,12,1,0
BRDA:168,33,0,0
BRDA:168,33,1,1
FN:173,System.String CommandDotNet.ResourcesProxy::get_Help_Arguments()
FNDA:2,System.String CommandDotNet.ResourcesProxy::get_Help_Arguments()
DA:174,2
DA:175,2
DA:176,2
DA:177,2
BRDA:174,12,0,2
BRDA:174,12,1,0
BRDA:174,33,0,0
BRDA:174,33,1,2
FN:179,System.String CommandDotNet.ResourcesProxy::get_Help_Commands()
FNDA:2,System.String CommandDotNet.ResourcesProxy::get_Help_Commands()
DA:180,2
DA:181,2
DA:182,2
DA:183,2
BRDA:180,12,0,2
BRDA:180,12,1,0
BRDA:180,33,0,0
BRDA:180,33,1,2
FN:185,System.String CommandDotNet.ResourcesProxy::get_Help_for_more_information_about_a_command()
FNDA:1,System.String CommandDotNet.ResourcesProxy::get_Help_for_more_information_about_a_command()
DA:186,1
DA:187,1
DA:188,1
DA:189,1
BRDA:186,12,0,1
BRDA:186,12,1,0
BRDA:186,33,0,0
BRDA:186,33,1,1
FN:191,System.String CommandDotNet.ResourcesProxy::get_Help_Multiple()
FNDA:1,System.String CommandDotNet.ResourcesProxy::get_Help_Multiple()
DA:192,1
DA:193,1
DA:194,1
DA:195,1
BRDA:192,12,0,1
BRDA:192,12,1,0
BRDA:192,33,0,0
BRDA:192,33,1,1
FN:197,System.String CommandDotNet.ResourcesProxy::get_Help_Options()
FNDA:2,System.String CommandDotNet.ResourcesProxy::get_Help_Options()
DA:198,2
DA:199,2
DA:200,2
DA:201,2
BRDA:198,12,0,2
BRDA:198,12,1,0
BRDA:198,33,0,0
BRDA:198,33,1,2
FN:203,System.String CommandDotNet.ResourcesProxy::get_Help_Options_also_available_for_subcommands()
FNDA:2,System.String CommandDotNet.ResourcesProxy::get_Help_Options_also_available_for_subcommands()
DA:204,2
DA:205,2
DA:206,2
DA:207,2
BRDA:204,12,0,2
BRDA:204,12,1,0
BRDA:204,33,0,0
BRDA:204,33,1,2
FN:209,System.String CommandDotNet.ResourcesProxy::get_Help_Usage()
FNDA:2,System.String CommandDotNet.ResourcesProxy::get_Help_Usage()
DA:210,2
DA:211,2
DA:212,2
DA:213,2
BRDA:210,12,0,2
[...]
DA:41,1280
DA:42,0
DA:43,0
DA:46,1280
DA:48,1280
DA:49,1280
DA:50,1280
DA:52,1280
DA:53,1280
DA:55,1280
DA:56,1280
DA:57,1280
DA:58,1280
DA:59,1280
DA:60,1280
DA:61,1280
DA:62,1280
DA:63,1280
DA:64,1280
DA:65,1280
BRDA:41,40,0,0
BRDA:41,40,1,1280
BRDA:46,57,0,0
BRDA:46,57,1,1280
BRDA:61,216,0,554
BRDA:61,225,0,122
BRDA:61,225,1,432
BRDA:61,216,1,726
LF:31
LH:28
BRF:8
BRH:6
FNF:6
FNH:5
end_of_record
SF:CommandDotNet/ClassModeling/Definitions/ServicesContainerExtensions.cs
FN:5,CommandDotNet.ClassModeling.Definitions.ICommandDef CommandDotNet.ClassModeling.Definitions.ServicesContainerExtensions::GetCommandDef(CommandDotNet.Command)
FNDA:2329,CommandDotNet.ClassModeling.Definitions.ICommandDef CommandDotNet.ClassModeling.Definitions.ServicesContainerExtensions::GetCommandDef(CommandDotNet.Command)
DA:6,2329
FN:8,CommandDotNet.ClassModeling.Definitions.IArgumentDef CommandDotNet.ClassModeling.Definitions.ServicesContainerExtensions::GetArgumentDef(CommandDotNet.IArgument)
FNDA:0,CommandDotNet.ClassModeling.Definitions.IArgumentDef CommandDotNet.ClassModeling.Definitions.ServicesContainerExtensions::GetArgumentDef(CommandDotNet.IArgument)
DA:9,0
LF:2
LH:1
BRF:0
BRH:0
FNF:2
FNH:1
end_of_record
SF:CommandDotNet/Builders/AppInfo.cs
FN:37,CommandDotNet.Builders.AppInfo CommandDotNet.Builders.AppInfo::get_Instance()
FNDA:343,CommandDotNet.Builders.AppInfo CommandDotNet.Builders.AppInfo::get_Instance()
DA:38,343
BRDA:38,6,0,1
BRDA:38,6,1,342
BRDA:38,18,0,1
BRDA:38,27,0,1
BRDA:38,18,1,343
BRDA:38,27,1,343
FN:45,System.IDisposable CommandDotNet.Builders.AppInfo::SetResolver(System.Func`1<CommandDotNet.Builders.AppInfo>)
FNDA:728,System.IDisposable CommandDotNet.Builders.AppInfo::SetResolver(System.Func`1<CommandDotNet.Builders.AppInfo>)
DA:46,728
DA:47,728
DA:48,728
DA:49,728
FN:70,System.String CommandDotNet.Builders.AppInfo::get_Version()
FNDA:8,System.String CommandDotNet.Builders.AppInfo::get_Version()
DA:71,8
BRDA:71,7,0,2
BRDA:71,7,1,8
FN:73,CommandDotNet.Builders.AppInfo CommandDotNet.Builders.AppInfo::BuildAppInfo()
FNDA:1,CommandDotNet.Builders.AppInfo CommandDotNet.Builders.AppInfo::BuildAppInfo()
DA:74,1
DA:75,1
DA:76,1
DA:77,0
DA:78,0
DA:79,0
DA:80,0
DA:81,0
DA:82,0
DA:86,1
DA:87,1
DA:92,1
DA:93,1
DA:94,0
DA:96,0
DA:102,0
DA:104,1
DA:105,1
DA:107,1
DA:108,1
DA:117,1
DA:118,1
DA:119,1
DA:120,1
DA:121,1
DA:123,1
DA:124,0
DA:125,0
DA:126,0
DA:127,0
DA:128,1
DA:130,1
DA:132,1
DA:133,1
DA:134,1
DA:136,1
DA:138,1
DA:139,1
DA:140,1
DA:141,1
DA:143,1
DA:144,1
BRDA:76,18,0,0
BRDA:76,18,1,1
BRDA:87,44,0,0
BRDA:87,44,1,1
BRDA:93,73,0,0
BRDA:93,73,1,1
BRDA:120,177,0,1
BRDA:123,192,0,1
BRDA:123,192,1,0
BRDA:123,219,0,0
BRDA:123,219,1,1
BRDA:120,177,1,1
BRDA:130,259,0,1
BRDA:130,259,1,0
BRDA:132,280,0,1
BRDA:132,280,1,0
FN:146,System.String CommandDotNet.Builders.AppInfo::GetVersion(System.Reflection.Assembly)
FNDA:2,System.String CommandDotNet.Builders.AppInfo::GetVersion(System.Reflection.Assembly)
DA:147,2
DA:149,2
DA:150,2
DA:151,0
DA:152,0
DA:154,2
DA:155,2
DA:156,2
BRDA:149,8,0,0
BRDA:149,8,1,2
BRDA:150,26,0,0
BRDA:150,26,1,2
BRDA:155,44,0,0
BRDA:155,44,1,2
FN:157,System.Object CommandDotNet.Builders.AppInfo::Clone()
FNDA:644,System.Object CommandDotNet.Builders.AppInfo::Clone()
DA:158,644
FN:159,System.String CommandDotNet.Builders.AppInfo::ToString()
FNDA:0,System.String CommandDotNet.Builders.AppInfo::ToString()
DA:160,0
FN:161,System.String CommandDotNet.Builders.AppInfo::ToString(CommandDotNet.Indent)
FNDA:0,System.String CommandDotNet.Builders.AppInfo::ToString(CommandDotNet.Indent)
DA:162,0
FN:18,System.Void CommandDotNet.Builders.AppInfo::.ctor(System.Boolean,System.Boolean,System.Boolean,System.Reflection.Assembly,System.String,System.String,System.String)
FNDA:649,System.Void CommandDotNet.Builders.AppInfo::.ctor(System.Boolean,System.Boolean,System.Boolean,System.Reflection.Assembly,System.String,System.String,System.String)
DA:19,649
DA:20,649
DA:21,649
DA:22,649
DA:23,649
DA:24,649
DA:25,649
DA:26,649
DA:51,649
FN:28,System.Void CommandDotNet.Builders.AppInfo::.cctor()
FNDA:1,System.Void CommandDotNet.Builders.AppInfo::.cctor()
DA:29,1
LF:69
LH:52
BRF:30
BRH:20
FNF:10
FNH:8
end_of_record
SF:CommandDotNet/Builders/BuildEvents.cs
FN:18,System.Void CommandDotNet.Builders.BuildEvents::CommandCreated(CommandDotNet.CommandContext,CommandDotNet.Builders.ICommandBuilder)
FNDA:2975,System.Void CommandDotNet.Builders.BuildEvents::CommandCreated(CommandDotNet.CommandContext,CommandDotNet.Builders.ICommandBuilder)
DA:19,2975
DA:20,2975
DA:21,2975
BRDA:20,8,0,0
BRDA:20,8,1,2975
FN:23,System.Void CommandDotNet.Builders.BuildEvents/CommandCreatedEventArgs::.ctor(CommandDotNet.CommandContext,CommandDotNet.Builders.ICommandBuilder)
FNDA:2975,System.Void CommandDotNet.Builders.BuildEvents/CommandCreatedEventArgs::.ctor(CommandDotNet.CommandContext,CommandDotNet.Builders.ICommandBuilder)
DA:24,2975
BRDA:27,3,0,0
BRDA:27,3,1,2975
BRDA:28,25,0,0
BRDA:28,25,1,2975
LF:4
LH:4
BRF:6
BRH:3
FNF:2
FNH:2
end_of_record
SF:CommandDotNet/Builders/CommandBuilder.cs
FN:9,System.Void CommandDotNet.Builders.CommandBuilder::AddSubCommand(CommandDotNet.Command)
FNDA:2227,System.Void CommandDotNet.Builders.CommandBuilder::AddSubCommand(CommandDotNet.Command)
DA:10,2227
FN:11,System.Void CommandDotNet.Builders.CommandBuilder::AddArgument(CommandDotNet.IArgument)
FNDA:7519,System.Void CommandDotNet.Builders.CommandBuilder::AddArgument(CommandDotNet.IArgument)
DA:12,7519
FN:5,System.Void CommandDotNet.Builders.CommandBuilder::.ctor(CommandDotNet.Command)
FNDA:3007,System.Void CommandDotNet.Builders.CommandBuilder::.ctor(CommandDotNet.Command)
DA:6,3007
LF:3
LH:3
BRF:0
BRH:0
FNF:3
FNH:3
end_of_record
SF:CommandDotNet/Builders/DependencyResolverExtensions.cs
FN:9,T CommandDotNet.Builders.DependencyResolverExtensions::Resolve(CommandDotNet.Builders.IDependencyResolver)
FNDA:1,T CommandDotNet.Builders.DependencyResolverExtensions::Resolve(CommandDotNet.Builders.IDependencyResolver)
DA:10,1
FN:14,System.Boolean CommandDotNet.Builders.DependencyResolverExtensions::TryResolve(CommandDotNet.Builders.IDependencyResolver,T&)
FNDA:4,System.Boolean CommandDotNet.Builders.DependencyResolverExtensions::TryResolve(CommandDotNet.Builders.IDependencyResolver,T&)
DA:15,4
DA:16,4
DA:17,4
DA:18,4
DA:19,4
FN:21,T CommandDotNet.Builders.DependencyResolverExtensions::ResolveOrDefault(CommandDotNet.Builders.IDependencyResolver)
FNDA:2,T CommandDotNet.Builders.DependencyResolverExtensions::ResolveOrDefault(CommandDotNet.Builders.IDependencyResolver)
DA:22,2
BRDA:22,8,0,1
BRDA:22,8,1,1
LF:7
LH:7
BRF:2
BRH:2
FNF:3
FNH:3
end_of_record
SF:CommandDotNet/Builders/DependencyResolverMiddleware.cs
FN:13,CommandDotNet.AppRunner CommandDotNet.Builders.DependencyResolverMiddleware::UseDependencyResolver(CommandDotNet.AppRunner,CommandDotNet.Builders.IDependencyResolver,System.Func`2<CommandDotNet.CommandContext,System.IDisposable>,CommandDotNet.Execution.ResolveStrategy,CommandDotNet.Execution.ResolveStrategy)
FNDA:24,CommandDotNet.AppRunner CommandDotNet.Builders.DependencyResolverMiddleware::UseDependencyResolver(CommandDotNet.AppRunner,CommandDotNet.Builders.IDependencyResolver,System.Func`2<CommandDotNet.CommandContext,System.IDisposable>,CommandDotNet.Execution.ResolveStrategy,CommandDotNet.Execution.ResolveStrategy)
DA:14,24
DA:15,24
DA:16,24
DA:17,24
DA:18,24
DA:19,24
DA:20,24
DA:21,24
DA:22,24
DA:23,24
DA:24,24
DA:25,24
DA:26,24
DA:27,24
DA:28,24
DA:29,24
FN:31,System.Threading.Tasks.Task`1<System.Int32> CommandDotNet.Builders.DependencyResolverMiddleware::RunInScope(CommandDotNet.CommandContext,CommandDotNet.Execution.ExecutionDelegate)
FNDA:4,System.Threading.Tasks.Task`1<System.Int32> CommandDotNet.Builders.DependencyResolverMiddleware::RunInScope(CommandDotNet.CommandContext,CommandDotNet.Execution.ExecutionDelegate)
DA:32,4
DA:33,4
DA:34,4
DA:35,4
DA:36,4
DA:38,3
FN:39,System.Void CommandDotNet.Builders.DependencyResolverMiddleware/Config::.ctor(System.Func`2<CommandDotNet.CommandContext,System.IDisposable>)
FNDA:4,System.Void CommandDotNet.Builders.DependencyResolverMiddleware/Config::.ctor(System.Func`2<CommandDotNet.CommandContext,System.IDisposable>)
DA:40,4
DA:42,4
BRDA:42,3,0,0
BRDA:42,3,1,4
LF:24
LH:24
BRF:2
BRH:1
FNF:3
FNH:3
end_of_record
SF:CommandDotNet/Builders/ArgumentDefaults/DefaultSources.cs
FN:153,System.Func`2<CommandDotNet.IArgument,CommandDotNet.ArgumentDefault> CommandDotNet.Builders.ArgumentDefaults.DefaultSources::GetValueFunc(System.String,System.Func`2<System.String,System.String>,CommandDotNet.Builders.ArgumentDefaults.GetArgumentKeysDelegate[])
FNDA:101,System.Func`2<CommandDotNet.IArgument,CommandDotNet.ArgumentDefault> CommandDotNet.Builders.ArgumentDefaults.DefaultSources::GetValueFunc(System.String,System.Func`2<System.String,System.String>,CommandDotNet.Builders.ArgumentDefaults.GetArgumentKeysDelegate[])
DA:154,101
DA:155,101
DA:156,0
DA:157,0
DA:160,101
DA:161,0
DA:162,0
DA:165,101
DA:166,0
DA:167,0
DA:170,101
DA:171,101
DA:172,101
DA:173,101
DA:174,101
DA:175,101
DA:176,101
DA:177,101
DA:178,101
DA:179,101
DA:180,101
DA:181,101
DA:182,101
DA:183,101
DA:184,101
DA:185,101
DA:186,101
DA:187,101
DA:188,101
DA:189,101
DA:190,101
DA:191,101
DA:192,101
DA:193,101
DA:194,101
DA:195,101
DA:196,101
DA:197,101
DA:198,101
DA:199,101
DA:200,101
DA:201,101
DA:202,101
DA:203,101
DA:204,101
BRDA:155,39,0,0
BRDA:155,39,1,101
BRDA:160,64,0,0
BRDA:160,64,1,101
BRDA:165,89,0,0
BRDA:165,89,1,101
FN:14,System.Void CommandDotNet.Builders.ArgumentDefaults.DefaultSources::.cctor()
FNDA:1,System.Void CommandDotNet.Builders.ArgumentDefaults.DefaultSources::.cctor()
DA:15,1
FN:43,System.Func`2<CommandDotNet.IArgument,CommandDotNet.ArgumentDefault> CommandDotNet.Builders.ArgumentDefaults.DefaultSources/EnvVar::GetDefaultValue(CommandDotNet.AppRunner,System.Collections.IDictionary,CommandDotNet.Builders.ArgumentDefaults.GetArgumentKeysDelegate[])
FNDA:15,System.Func`2<CommandDotNet.IArgument,CommandDotNet.ArgumentDefault> CommandDotNet.Builders.ArgumentDefaults.DefaultSources/EnvVar::GetDefaultValue(CommandDotNet.AppRunner,System.Collections.IDictionary,CommandDotNet.Builders.ArgumentDefaults.GetArgumentKeysDelegate[])
DA:44,15
DA:45,15
DA:47,15
DA:48,15
DA:49,15
DA:61,15
BRDA:47,45,0,0
BRDA:47,45,1,15
FN:109,System.Func`2<CommandDotNet.IArgument,CommandDotNet.ArgumentDefault> CommandDotNet.Builders.ArgumentDefaults.DefaultSources/AppSetting::GetDefaultValue(System.Collections.Specialized.NameValueCollection,CommandDotNet.Builders.ArgumentDefaults.GetArgumentKeysDelegate[])
FNDA:86,System.Func`2<CommandDotNet.IArgument,CommandDotNet.ArgumentDefault> CommandDotNet.Builders.ArgumentDefaults.DefaultSources/AppSetting::GetDefaultValue(System.Collections.Specialized.NameValueCollection,CommandDotNet.Builders.ArgumentDefaults.GetArgumentKeysDelegate[])
DA:110,86
DA:111,86
DA:112,86
DA:113,86
DA:114,86
BRDA:111,38,0,0
BRDA:111,38,1,86
LF:57
LH:51
BRF:10
BRH:5
FNF:4
FNH:4
end_of_record
SF:CommandDotNet/Builders/ArgumentDefaults/SetArgumentDefaultsMiddleware.cs
FN:11,CommandDotNet.AppRunner CommandDotNet.Builders.ArgumentDefaults.SetArgumentDefaultsMiddleware::SetArgumentDefaultsFrom(CommandDotNet.AppRunner,System.Func`2<CommandDotNet.IArgument,CommandDotNet.ArgumentDefault>[])
FNDA:111,CommandDotNet.AppRunner CommandDotNet.Builders.ArgumentDefaults.SetArgumentDefaultsMiddleware::SetArgumentDefaultsFrom(CommandDotNet.AppRunner,System.Func`2<CommandDotNet.IArgument,CommandDotNet.ArgumentDefault>[])
DA:12,111
DA:13,111
DA:14,0
DA:15,0
DA:19,111
DA:20,111
DA:21,111
DA:22,111
DA:23,111
DA:24,111
DA:25,111
DA:26,111
DA:27,111
DA:28,111
DA:29,111
DA:30,111
DA:31,111
DA:32,111
DA:33,111
DA:34,111
BRDA:13,25,0,0
BRDA:13,25,1,111
FN:36,System.Threading.Tasks.Task`1<System.Int32> CommandDotNet.Builders.ArgumentDefaults.SetArgumentDefaultsMiddleware::SetDefaults(CommandDotNet.CommandContext,CommandDotNet.Execution.ExecutionDelegate)
FNDA:105,System.Threading.Tasks.Task`1<System.Int32> CommandDotNet.Builders.ArgumentDefaults.SetArgumentDefaultsMiddleware::SetDefaults(CommandDotNet.CommandContext,CommandDotNet.Execution.ExecutionDelegate)
DA:37,105
DA:38,105
DA:39,0
DA:40,0
DA:43,105
DA:44,105
DA:46,1297
DA:47,491
DA:48,491
DA:49,491
DA:50,491
DA:51,491
DA:52,68
DA:53,68
DA:54,68
DA:55,491
DA:57,105
DA:58,105
BRDA:38,17,0,0
BRDA:38,17,1,105
BRDA:46,200,1,491
BRDA:51,173,0,68
BRDA:51,173,1,491
BRDA:46,200,0,105
FN:59,System.Void CommandDotNet.Builders.ArgumentDefaults.SetArgumentDefaultsMiddleware/Config::.ctor(System.Func`2<CommandDotNet.IArgument,CommandDotNet.ArgumentDefault>[])
FNDA:105,System.Void CommandDotNet.Builders.ArgumentDefaults.SetArgumentDefaultsMiddleware/Config::.ctor(System.Func`2<CommandDotNet.IArgument,CommandDotNet.ArgumentDefault>[])
DA:60,105
DA:63,105
BRDA:63,3,0,0
BRDA:63,3,1,105
LF:40
LH:36
BRF:10
BRH:7
FNF:3
FNH:3
end_of_record
SF:/Users/drewburlingame/.nuget/packages/nullability.source/2.3.0/contentFiles/cs/net6.0/Nullability.Source/NullabilityInfoExtensions.cs
FN:18,System.Reflection.NullabilityInfo System.Reflection.NullabilityInfoExtensions::GetNullabilityInfo(System.Reflection.MemberInfo)
FNDA:0,System.Reflection.NullabilityInfo System.Reflection.NullabilityInfoExtensions::GetNullabilityInfo(System.Reflection.MemberInfo)
DA:19,0
DA:20,0
DA:21,0
DA:22,0
DA:25,0
DA:26,0
DA:27,0
DA:30,0
DA:31,0
DA:32,0
DA:35,0
DA:36,0
BRDA:20,14,0,0
BRDA:20,14,1,0
BRDA:25,42,0,0
BRDA:25,42,1,0
BRDA:30,70,0,0
BRDA:30,70,1,0
FN:38,System.Reflection.NullabilityState System.Reflection.NullabilityInfoExtensions::GetNullability(System.Reflection.MemberInfo)
FNDA:0,System.Reflection.NullabilityState System.Reflection.NullabilityInfoExtensions::GetNullability(System.Reflection.MemberInfo)
DA:39,0
DA:40,0
DA:41,0
FN:43,System.Boolean System.Reflection.NullabilityInfoExtensions::IsNullable(System.Reflection.MemberInfo)
FNDA:0,System.Boolean System.Reflection.NullabilityInfoExtensions::IsNullable(System.Reflection.MemberInfo)
DA:44,0
DA:45,0
DA:46,0
DA:47,0
FN:49,System.Reflection.NullabilityInfo System.Reflection.NullabilityInfoExtensions::GetNullabilityInfo(System.Reflection.FieldInfo)
FNDA:0,System.Reflection.NullabilityInfo System.Reflection.NullabilityInfoExtensions::GetNullabilityInfo(System.Reflection.FieldInfo)
DA:50,0
DA:51,0
DA:52,0
DA:53,0
DA:54,0
DA:55,0
DA:56,0
FN:58,System.Reflection.NullabilityState System.Reflection.NullabilityInfoExtensions::GetNullability(System.Reflection.FieldInfo)
FNDA:0,System.Reflection.NullabilityState System.Reflection.NullabilityInfoExtensions::GetNullability(System.Reflection.FieldInfo)
DA:59,0
DA:60,0
DA:61,0
FN:63,System.Boolean System.Reflection.NullabilityInfoExtensions::IsNullable(System.Reflection.FieldInfo)
FNDA:0,System.Boolean System.Reflection.NullabilityInfoExtensions::IsNullable(System.Reflection.FieldInfo)
DA:64,0
DA:65,0
DA:66,0
DA:67,0
FN:69,System.Reflection.NullabilityInfo System.Reflection.NullabilityInfoExtensions::GetNullabilityInfo(System.Reflection.EventInfo)
FNDA:0,System.Reflection.NullabilityInfo System.Reflection.NullabilityInfoExtensions::GetNullabilityInfo(System.Reflection.EventInfo)
DA:70,0
DA:71,0
DA:72,0
DA:73,0
DA:74,0
DA:75,0
DA:76,0
FN:78,System.Reflection.NullabilityState System.Reflection.NullabilityInfoExtensions::GetNullability(System.Reflection.EventInfo)
FNDA:0,System.Reflection.NullabilityState System.Reflection.NullabilityInfoExtensions::GetNullability(System.Reflection.EventInfo)
DA:79,0
DA:80,0
DA:81,0
FN:83,System.Boolean System.Reflection.NullabilityInfoExtensions::IsNullable(System.Reflection.EventInfo)
FNDA:0,System.Boolean System.Reflection.NullabilityInfoExtensions::IsNullable(System.Reflection.EventInfo)
DA:84,0
DA:85,0
DA:86,0
DA:87,0
FN:89,System.Reflection.NullabilityInfo System.Reflection.NullabilityInfoExtensions::GetNullabilityInfo(System.Reflection.PropertyInfo)
FNDA:1157,System.Reflection.NullabilityInfo System.Reflection.NullabilityInfoExtensions::GetNullabilityInfo(System.Reflection.PropertyInfo)
DA:90,1157
DA:91,1157
DA:92,1157
DA:93,1157
DA:94,1157
DA:95,1157
DA:96,1157
FN:98,System.Reflection.NullabilityState System.Reflection.NullabilityInfoExtensions::GetNullability(System.Reflection.PropertyInfo)
FNDA:1157,System.Reflection.NullabilityState System.Reflection.NullabilityInfoExtensions::GetNullability(System.Reflection.PropertyInfo)
DA:99,1157
DA:100,1157
DA:101,1157
FN:103,System.Boolean System.Reflection.NullabilityInfoExtensions::IsNullable(System.Reflection.PropertyInfo)
FNDA:0,System.Boolean System.Reflection.NullabilityInfoExtensions::IsNullable(System.Reflection.PropertyInfo)
DA:104,0
DA:105,0
DA:106,0
DA:107,0
FN:109,System.Reflection.NullabilityInfo System.Reflection.NullabilityInfoExtensions::GetNullabilityInfo(System.Reflection.ParameterInfo)
FNDA:2351,System.Reflection.NullabilityInfo System.Reflection.NullabilityInfoExtensions::GetNullabilityInfo(System.Reflection.ParameterInfo)
DA:110,2351
DA:111,2351
DA:112,2351
DA:113,2351
DA:114,2351
DA:115,2351
DA:116,2351
FN:118,System.Reflection.NullabilityState System.Reflection.NullabilityInfoExtensions::GetNullability(System.Reflection.ParameterInfo)
FNDA:2308,System.Reflection.NullabilityState System.Reflection.NullabilityInfoExtensions::GetNullability(System.Reflection.ParameterInfo)
DA:119,2308
DA:120,2308
DA:121,2308
FN:123,System.Boolean System.Reflection.NullabilityInfoExtensions::IsNullable(System.Reflection.ParameterInfo)
FNDA:43,System.Boolean System.Reflection.NullabilityInfoExtensions::IsNullable(System.Reflection.ParameterInfo)
DA:124,43
DA:125,43
DA:126,43
DA:127,43
FN:129,System.Reflection.NullabilityState System.Reflection.NullabilityInfoExtensions::GetReadOrWriteState(System.Reflection.NullabilityInfo)
FNDA:3465,System.Reflection.NullabilityState System.Reflection.NullabilityInfoExtensions::GetReadOrWriteState(System.Reflection.NullabilityInfo)
DA:130,3465
DA:131,3465
DA:132,0
DA:133,0
DA:136,3465
DA:137,3465
BRDA:131,12,0,0
BRDA:131,12,1,3465
FN:139,System.Reflection.NullabilityState System.Reflection.NullabilityInfoExtensions::GetKnownState(System.String,System.Reflection.NullabilityInfo)
FNDA:43,System.Reflection.NullabilityState System.Reflection.NullabilityInfoExtensions::GetKnownState(System.String,System.Reflection.NullabilityInfo)
DA:140,43
DA:141,43
DA:142,43
DA:143,43
DA:144,43
DA:147,0
DA:148,0
DA:149,0
DA:150,0
DA:153,0
DA:154,43
BRDA:142,14,0,43
BRDA:142,14,1,0
BRDA:148,39,0,0
BRDA:148,39,1,0
FN:156,System.Boolean System.Reflection.NullabilityInfoExtensions::IsNullable(System.String,System.Reflection.NullabilityInfo)
FNDA:43,System.Boolean System.Reflection.NullabilityInfoExtensions::IsNullable(System.String,System.Reflection.NullabilityInfo)
DA:157,43
DA:158,43
DA:159,43
FN:162,System.Reflection.MemberInfo System.Reflection.NullabilityInfoExtensions::GetMemberWithSameMetadataDefinitionAs(System.Type,System.Reflection.MemberInfo)
FNDA:0,System.Reflection.MemberInfo System.Reflection.NullabilityInfoExtensions::GetMemberWithSameMetadataDefinitionAs(System.Type,System.Reflection.MemberInfo)
DA:163,0
DA:165,0
DA:166,0
DA:167,0
DA:168,0
DA:169,0
DA:171,0
DA:173,0
DA:174,0
BRDA:165,46,1,0
BRDA:167,29,0,0
BRDA:167,29,1,0
BRDA:165,46,0,0
FN:177,System.Boolean System.Reflection.NullabilityInfoExtensions::HasSameMetadataDefinitionAs(System.Reflection.MemberInfo,System.Reflection.MemberInfo)
FNDA:0,System.Boolean System.Reflection.NullabilityInfoExtensions::HasSameMetadataDefinitionAs(System.Reflection.MemberInfo,System.Reflection.MemberInfo)
DA:178,0
DA:179,0
DA:180,0
DA:181,0
BRDA:179,13,0,0
BRDA:179,13,1,0
FN:184,System.Boolean System.Reflection.NullabilityInfoExtensions::IsGenericMethodParameter(System.Type)
FNDA:0,System.Boolean System.Reflection.NullabilityInfoExtensions::IsGenericMethodParameter(System.Type)
DA:185,0
DA:186,0
DA:187,0
DA:188,0
BRDA:186,7,0,0
BRDA:186,7,1,0
FN:12,System.Void System.Reflection.NullabilityInfoExtensions::.cctor()
FNDA:1,System.Void System.Reflection.NullabilityInfoExtensions::.cctor()
DA:13,1
DA:14,1
DA:15,1
DA:16,1
LF:116
LH:41
BRF:20
BRH:2
FNF:22
FNH:9
end_of_record