SF:CommandDotNet/AppConfigBuilder.cs
FN:98,CommandDotNet.AppConfigBuilder CommandDotNet.AppConfigBuilder::UseParameterResolver(System.Func`2<CommandDotNet.CommandContext,T>)
FNDA:6,CommandDotNet.AppConfigBuilder CommandDotNet.AppConfigBuilder::UseParameterResolver(System.Func`2<CommandDotNet.CommandContext,T>)
DA:99,6
DA:100,6
DA:102,6
DA:103,6
DA:104,6
DA:105,6
FN:111,CommandDotNet.AppConfigBuilder CommandDotNet.AppConfigBuilder::UseTokenTransformation(System.String,System.Int32,System.Func`3<CommandDotNet.CommandContext,CommandDotNet.Tokens.TokenCollection,CommandDotNet.Tokens.TokenCollection>)
FNDA:2,CommandDotNet.AppConfigBuilder CommandDotNet.AppConfigBuilder::UseTokenTransformation(System.String,System.Int32,System.Func`3<CommandDotNet.CommandContext,CommandDotNet.Tokens.TokenCollection,CommandDotNet.Tokens.TokenCollection>)
DA:112,2
DA:113,2
DA:114,2
DA:116,2
DA:117,2
DA:119,2
DA:120,2
FN:126,CommandDotNet.AppConfigBuilder CommandDotNet.AppConfigBuilder::UseMiddleware(CommandDotNet.Execution.ExecutionMiddleware,CommandDotNet.Execution.MiddlewareStep,System.Boolean)
FNDA:78,CommandDotNet.AppConfigBuilder CommandDotNet.AppConfigBuilder::UseMiddleware(CommandDotNet.Execution.ExecutionMiddleware,CommandDotNet.Execution.MiddlewareStep,System.Boolean)
DA:127,78
DA:128,78
DA:129,78
DA:130,78
DA:131,78
DA:133,78
DA:134,78
DA:136,78
DA:138,78
DA:139,78
BRDA:128,7,0,78
BRDA:128,7,1,78
FN:147,CommandDotNet.AppConfigBuilder CommandDotNet.AppConfigBuilder::UseMiddleware(CommandDotNet.Execution.ExecutionMiddleware,CommandDotNet.Execution.MiddlewareStages,System.Nullable`1<System.Int16>,System.Boolean)
FNDA:0,CommandDotNet.AppConfigBuilder CommandDotNet.AppConfigBuilder::UseMiddleware(CommandDotNet.Execution.ExecutionMiddleware,CommandDotNet.Execution.MiddlewareStages,System.Nullable`1<System.Int16>,System.Boolean)
DA:148,0
DA:149,0
DA:150,0
FN:152,CommandDotNet.Execution.AppConfig CommandDotNet.AppConfigBuilder::Build()
FNDA:4,CommandDotNet.Execution.AppConfig CommandDotNet.AppConfigBuilder::Build()
DA:153,4
DA:154,4
DA:156,4
DA:157,4
DA:158,4
DA:159,4
DA:160,4
DA:161,4
DA:162,4
DA:163,4
DA:165,4
DA:166,4
DA:167,4
DA:169,4
DA:170,4
DA:171,4
DA:172,4
DA:173,4
BRDA:154,8,0,4
BRDA:154,8,1,4
FN:20,System.Void CommandDotNet.AppConfigBuilder::.ctor(CommandDotNet.AppSettings)
FNDA:4,System.Void CommandDotNet.AppConfigBuilder::.ctor(CommandDotNet.AppSettings)
DA:21,4
DA:22,4
DA:23,4
DA:24,4
DA:25,4
DA:26,4
DA:28,4
DA:29,4
DA:30,4
DA:32,4
DA:33,4
DA:34,4
DA:35,4
DA:36,4
DA:37,4
DA:38,4
DA:39,4
DA:40,4
DA:42,4
DA:43,4
DA:44,4
DA:45,4
DA:46,4
FN:183,System.Void CommandDotNet.AppConfigBuilder/SingleRegistrationGuard`1::Register(T)
FNDA:86,System.Void CommandDotNet.AppConfigBuilder/SingleRegistrationGuard`1::Register(T)
DA:184,86
DA:185,86
DA:186,0
DA:187,0
DA:188,0
DA:189,0
DA:190,0
DA:191,0
DA:192,0
DA:193,0
DA:194,0
DA:195,0
DA:197,86
DA:198,86
BRDA:185,17,0,0
BRDA:187,44,0,0
BRDA:187,44,1,0
BRDA:188,68,0,0
BRDA:188,68,1,0
BRDA:188,81,0,0
BRDA:190,91,0,0
BRDA:190,91,1,0
BRDA:188,81,1,0
BRDA:185,17,1,86
FN:174,System.Void CommandDotNet.AppConfigBuilder/SingleRegistrationGuard`1::.ctor(System.String,System.Func`2<T,System.String>)
FNDA:12,System.Void CommandDotNet.AppConfigBuilder/SingleRegistrationGuard`1::.ctor(System.String,System.Func`2<T,System.String>)
DA:175,12
DA:178,12
DA:179,12
DA:181,12
FN:202,System.Boolean CommandDotNet.AppConfigBuilder/SingleRegistrationGuard`1/SingleRegistrationInfo::get_InUseDefaultMiddleware()
FNDA:0,System.Boolean CommandDotNet.AppConfigBuilder/SingleRegistrationGuard`1/SingleRegistrationInfo::get_InUseDefaultMiddleware()
DA:203,0
FN:201,System.Void CommandDotNet.AppConfigBuilder/SingleRegistrationGuard`1/SingleRegistrationInfo::.ctor()
FNDA:86,System.Void CommandDotNet.AppConfigBuilder/SingleRegistrationGuard`1/SingleRegistrationInfo::.ctor()
DA:202,86
LF:87
LH:73
BRF:14
BRH:5
FNF:10
FNH:8
end_of_record
SF:CommandDotNet/AppRunner.cs
FN:31,System.Void CommandDotNet.AppRunner`1::.ctor(CommandDotNet.AppSettings,CommandDotNet.Resources)
FNDA:4,System.Void CommandDotNet.AppRunner`1::.ctor(CommandDotNet.AppSettings,CommandDotNet.Resources)
DA:32,4
FN:78,CommandDotNet.AppRunner CommandDotNet.AppRunner::Configure(System.Action`1<CommandDotNet.AppConfigBuilder>)
FNDA:62,CommandDotNet.AppRunner CommandDotNet.AppRunner::Configure(System.Action`1<CommandDotNet.AppConfigBuilder>)
DA:79,62
DA:80,62
DA:81,62
DA:82,62
FN:90,System.Int32 CommandDotNet.AppRunner::Run(System.String[])
FNDA:4,System.Int32 CommandDotNet.AppRunner::Run(System.String[])
DA:91,4
DA:92,4
DA:94,4
DA:95,4
DA:96,4
DA:97,4
DA:98,4
DA:100,0
DA:101,0
DA:102,0
DA:104,4
FN:128,CommandDotNet.AppRunner CommandDotNet.AppRunner::UseErrorHandler(CommandDotNet.HandleErrorDelegate)
FNDA:0,CommandDotNet.AppRunner CommandDotNet.AppRunner::UseErrorHandler(CommandDotNet.HandleErrorDelegate)
DA:129,0
DA:130,0
DA:131,0
DA:132,0
FN:134,CommandDotNet.CommandContext CommandDotNet.AppRunner::BuildCommandContext(System.String[])
FNDA:4,CommandDotNet.CommandContext CommandDotNet.AppRunner::BuildCommandContext(System.String[])
DA:135,4
DA:136,4
DA:137,4
DA:138,4
DA:139,4
DA:140,4
BRDA:137,34,0,4
BRDA:137,34,1,4
FN:142,System.Void CommandDotNet.AppRunner::AddCoreMiddleware()
FNDA:4,System.Void CommandDotNet.AppRunner::AddCoreMiddleware()
DA:143,4
DA:144,4
DA:145,4
DA:146,4
DA:147,4
DA:149,4
DA:150,4
DA:151,4
DA:152,4
DA:158,4
FN:167,System.Int32 CommandDotNet.AppRunner::HandleException(System.Exception,CommandDotNet.CommandContext)
FNDA:0,System.Int32 CommandDotNet.AppRunner::HandleException(System.Exception,CommandDotNet.CommandContext)
DA:168,0
DA:169,0
DA:171,0
DA:173,0
DA:174,0
DA:175,0
DA:176,0
DA:178,0
DA:179,0
DA:180,0
DA:181,0
DA:183,0
DA:184,0
DA:185,0
DA:187,0
DA:188,0
DA:189,0
DA:190,0
DA:192,0
DA:196,0
DA:197,0
BRDA:171,10,0,0
BRDA:171,10,1,0
BRDA:171,22,0,0
BRDA:171,32,0,0
BRDA:171,32,1,0
BRDA:171,44,0,0
BRDA:171,22,1,0
BRDA:171,44,1,0
BRDA:173,63,0,0
BRDA:173,63,1,0
BRDA:178,118,0,0
BRDA:178,118,1,0
BRDA:183,171,0,0
BRDA:183,171,1,0
BRDA:187,199,0,0
BRDA:187,199,1,0
FN:198,System.String CommandDotNet.AppRunner::ToString()
FNDA:0,System.String CommandDotNet.AppRunner::ToString()
DA:199,0
FN:201,System.String CommandDotNet.AppRunner::ToString(CommandDotNet.Indent)
FNDA:0,System.String CommandDotNet.AppRunner::ToString(CommandDotNet.Indent)
DA:202,0
DA:203,0
DA:204,0
BRDA:202,6,0,0
BRDA:202,6,1,0
FN:50,System.Void CommandDotNet.AppRunner::.cctor()
FNDA:1,System.Void CommandDotNet.AppRunner::.cctor()
DA:51,1
FN:52,System.Void CommandDotNet.AppRunner::.ctor(System.Type,CommandDotNet.AppSettings,CommandDotNet.Resources)
FNDA:4,System.Void CommandDotNet.AppRunner::.ctor(System.Type,CommandDotNet.AppSettings,CommandDotNet.Resources)
DA:53,4
DA:54,4
DA:55,4
DA:56,4
DA:57,4
DA:59,4
DA:60,4
DA:62,4
DA:63,4
DA:64,0
DA:65,0
DA:66,0
DA:67,4
DA:68,0
DA:69,0
DA:70,0
DA:71,0
DA:72,0
DA:74,4
DA:75,4
DA:76,4
BRDA:59,18,0,0
BRDA:59,18,1,4
BRDA:60,40,0,2
BRDA:60,40,1,4
BRDA:63,71,0,0
BRDA:63,71,1,4
BRDA:67,94,0,0
BRDA:67,94,1,4
LF:83
LH:43
BRF:28
BRH:7
FNF:11
FNH:7
end_of_record
SF:CommandDotNet/AppRunnerConfigExtensions.cs
FN:21,System.Boolean CommandDotNet.AppRunnerConfigExtensions::get_InUseDefaultMiddleware()
FNDA:0,System.Boolean CommandDotNet.AppRunnerConfigExtensions::get_InUseDefaultMiddleware()
DA:22,0
FN:36,CommandDotNet.AppRunner CommandDotNet.AppRunnerConfigExtensions::UseDefaultMiddleware(CommandDotNet.AppRunner,System.Boolean,System.Boolean,System.Boolean,System.Boolean,System.Boolean,System.Boolean,System.Boolean)
FNDA:2,CommandDotNet.AppRunner CommandDotNet.AppRunnerConfigExtensions::UseDefaultMiddleware(CommandDotNet.AppRunner,System.Boolean,System.Boolean,System.Boolean,System.Boolean,System.Boolean,System.Boolean,System.Boolean)
DA:37,2
DA:38,2
DA:39,2
DA:40,2
DA:41,2
DA:42,2
DA:43,2
DA:44,2
DA:45,2
DA:46,2
DA:47,2
DA:48,2
DA:49,2
DA:50,2
DA:51,2
DA:52,2
DA:53,2
DA:54,2
DA:55,2
DA:56,2
DA:57,2
DA:58,2
DA:59,2
DA:60,2
DA:61,2
DA:62,2
DA:63,2
DA:64,2
DA:65,2
DA:66,2
DA:75,2
FN:78,CommandDotNet.AppRunner CommandDotNet.AppRunnerConfigExtensions::UseTypoSuggestions(CommandDotNet.AppRunner,System.Int32)
FNDA:2,CommandDotNet.AppRunner CommandDotNet.AppRunnerConfigExtensions::UseTypoSuggestions(CommandDotNet.AppRunner,System.Int32)
DA:79,2
FN:82,CommandDotNet.AppRunner CommandDotNet.AppRunnerConfigExtensions::UseVersionMiddleware(CommandDotNet.AppRunner)
FNDA:2,CommandDotNet.AppRunner CommandDotNet.AppRunnerConfigExtensions::UseVersionMiddleware(CommandDotNet.AppRunner)
DA:83,2
FN:89,CommandDotNet.AppRunner CommandDotNet.AppRunnerConfigExtensions::UseDebugDirective(CommandDotNet.AppRunner)
FNDA:2,CommandDotNet.AppRunner CommandDotNet.AppRunnerConfigExtensions::UseDebugDirective(CommandDotNet.AppRunner)
DA:90,2
DA:91,2
DA:92,2
DA:93,2
FN:99,CommandDotNet.AppRunner CommandDotNet.AppRunnerConfigExtensions::UseTimeDirective(CommandDotNet.AppRunner)
FNDA:2,CommandDotNet.AppRunner CommandDotNet.AppRunnerConfigExtensions::UseTimeDirective(CommandDotNet.AppRunner)
DA:100,2
DA:101,2
DA:102,2
DA:103,2
FN:108,CommandDotNet.AppRunner CommandDotNet.AppRunnerConfigExtensions::UseParseDirective(CommandDotNet.AppRunner)
FNDA:2,CommandDotNet.AppRunner CommandDotNet.AppRunnerConfigExtensions::UseParseDirective(CommandDotNet.AppRunner)
DA:109,2
DA:110,2
DA:111,2
DA:112,2
FN:118,CommandDotNet.AppRunner CommandDotNet.AppRunnerConfigExtensions::UseLocalizeDirective(CommandDotNet.AppRunner)
FNDA:2,CommandDotNet.AppRunner CommandDotNet.AppRunnerConfigExtensions::UseLocalizeDirective(CommandDotNet.AppRunner)
DA:119,2
DA:120,2
DA:121,2
DA:122,2
FN:137,CommandDotNet.AppRunner CommandDotNet.AppRunnerConfigExtensions::UseDependencyResolver(CommandDotNet.AppRunner,CommandDotNet.Builders.IDependencyResolver,System.Func`2<CommandDotNet.CommandContext,System.IDisposable>,CommandDotNet.Execution.ResolveStrategy,CommandDotNet.Execution.ResolveStrategy)
FNDA:0,CommandDotNet.AppRunner CommandDotNet.AppRunnerConfigExtensions::UseDependencyResolver(CommandDotNet.AppRunner,CommandDotNet.Builders.IDependencyResolver,System.Func`2<CommandDotNet.CommandContext,System.IDisposable>,CommandDotNet.Execution.ResolveStrategy,CommandDotNet.Execution.ResolveStrategy)
DA:138,0
DA:139,0
DA:140,0
DA:141,0
DA:142,0
FN:159,CommandDotNet.AppRunner CommandDotNet.AppRunnerConfigExtensions::UsePrompter(CommandDotNet.AppRunner,System.Func`2<CommandDotNet.CommandContext,CommandDotNet.Prompts.IPrompter>)
FNDA:2,CommandDotNet.AppRunner CommandDotNet.AppRunnerConfigExtensions::UsePrompter(CommandDotNet.AppRunner,System.Func`2<CommandDotNet.CommandContext,CommandDotNet.Prompts.IPrompter>)
DA:160,2
FN:183,CommandDotNet.AppRunner CommandDotNet.AppRunnerConfigExtensions::UseArgumentPrompter(CommandDotNet.AppRunner,System.Func`3<CommandDotNet.CommandContext,CommandDotNet.Prompts.IPrompter,CommandDotNet.Prompts.IArgumentPrompter>,System.Predicate`1<CommandDotNet.IArgument>)
FNDA:2,CommandDotNet.AppRunner CommandDotNet.AppRunnerConfigExtensions::UseArgumentPrompter(CommandDotNet.AppRunner,System.Func`3<CommandDotNet.CommandContext,CommandDotNet.Prompts.IPrompter,CommandDotNet.Prompts.IArgumentPrompter>,System.Predicate`1<CommandDotNet.IArgument>)
DA:184,2
FN:192,CommandDotNet.AppRunner CommandDotNet.AppRunnerConfigExtensions::UseResponseFiles(CommandDotNet.AppRunner,System.Int32)
FNDA:2,CommandDotNet.AppRunner CommandDotNet.AppRunnerConfigExtensions::UseResponseFiles(CommandDotNet.AppRunner,System.Int32)
DA:193,2
FN:201,CommandDotNet.AppRunner CommandDotNet.AppRunnerConfigExtensions::UseCancellationHandlers(CommandDotNet.AppRunner)
FNDA:2,CommandDotNet.AppRunner CommandDotNet.AppRunnerConfigExtensions::UseCancellationHandlers(CommandDotNet.AppRunner)
DA:202,2
FN:214,CommandDotNet.AppRunner CommandDotNet.AppRunnerConfigExtensions::UseDefaultsFromAppSetting(CommandDotNet.AppRunner,System.Collections.Specialized.NameValueCollection,System.Boolean)
FNDA:2,CommandDotNet.AppRunner CommandDotNet.AppRunnerConfigExtensions::UseDefaultsFromAppSetting(CommandDotNet.AppRunner,System.Collections.Specialized.NameValueCollection,System.Boolean)
DA:215,2
DA:216,2
DA:217,2
DA:218,2
DA:219,2
DA:220,2
DA:221,2
BRDA:215,14,0,0
BRDA:215,14,1,2
FN:227,CommandDotNet.AppRunner CommandDotNet.AppRunnerConfigExtensions::UseDefaultsFromEnvVar(CommandDotNet.AppRunner,System.Collections.IDictionary)
FNDA:0,CommandDotNet.AppRunner CommandDotNet.AppRunnerConfigExtensions::UseDefaultsFromEnvVar(CommandDotNet.AppRunner,System.Collections.IDictionary)
DA:228,0
DA:229,0
FN:233,CommandDotNet.AppRunner CommandDotNet.AppRunnerConfigExtensions::UseDefaultsFromConfig(CommandDotNet.AppRunner,System.Func`2<CommandDotNet.IArgument,CommandDotNet.ArgumentDefault>[])
FNDA:2,CommandDotNet.AppRunner CommandDotNet.AppRunnerConfigExtensions::UseDefaultsFromConfig(CommandDotNet.AppRunner,System.Func`2<CommandDotNet.IArgument,CommandDotNet.ArgumentDefault>[])
DA:234,2
FN:256,CommandDotNet.AppRunner CommandDotNet.AppRunnerConfigExtensions::UseCommandLogger(CommandDotNet.AppRunner,System.Func`2<CommandDotNet.CommandContext,System.Action`1<System.String>>,System.Boolean,System.Boolean,System.Boolean,System.Func`2<CommandDotNet.CommandContext,System.Collections.Generic.IEnumerable`1<System.ValueTuple`2<System.String,System.String>>>)
FNDA:2,CommandDotNet.AppRunner CommandDotNet.AppRunnerConfigExtensions::UseCommandLogger(CommandDotNet.AppRunner,System.Func`2<CommandDotNet.CommandContext,System.Action`1<System.String>>,System.Boolean,System.Boolean,System.Boolean,System.Func`2<CommandDotNet.CommandContext,System.Collections.Generic.IEnumerable`1<System.ValueTuple`2<System.String,System.String>>>)
DA:257,2
DA:258,2
DA:259,2
DA:260,2
DA:261,2
DA:262,2
FN:268,System.Collections.Generic.IEnumerable`1<System.ValueTuple`2<System.Type,CommandDotNet.SubcommandAttribute>> CommandDotNet.AppRunnerConfigExtensions::GetCommandClassTypes(CommandDotNet.AppRunner)
FNDA:0,System.Collections.Generic.IEnumerable`1<System.ValueTuple`2<System.Type,CommandDotNet.SubcommandAttribute>> CommandDotNet.AppRunnerConfigExtensions::GetCommandClassTypes(CommandDotNet.AppRunner)
DA:269,0
FN:271,System.Void CommandDotNet.AppRunnerConfigExtensions::AssertDirectivesAreEnabled(CommandDotNet.AppRunner)
FNDA:8,System.Void CommandDotNet.AppRunnerConfigExtensions::AssertDirectivesAreEnabled(CommandDotNet.AppRunner)
DA:272,8
DA:273,8
DA:274,0
DA:275,0
DA:276,0
DA:277,0
DA:279,8
BRDA:273,14,0,0
BRDA:273,14,1,8
LF:83
LH:70
BRF:4
BRH:2
FNF:19
FNH:15
end_of_record
SF:CommandDotNet/AppSettingAttribute.cs
FN:18,System.Void CommandDotNet.AppSettingAttribute::.ctor(System.String)
FNDA:0,System.Void CommandDotNet.AppSettingAttribute::.ctor(System.String)
DA:19,0
LF:1
LH:0
BRF:0
BRH:0
FNF:1
FNH:0
end_of_record
SF:CommandDotNet/AppSettings.cs
FN:15,CommandDotNet.BooleanMode CommandDotNet.AppSettings::get_BooleanMode()
FNDA:0,CommandDotNet.BooleanMode CommandDotNet.AppSettings::get_BooleanMode()
DA:16,0
FN:16,System.Void CommandDotNet.AppSettings::set_BooleanMode(CommandDotNet.BooleanMode)
FNDA:0,System.Void CommandDotNet.AppSettings::set_BooleanMode(CommandDotNet.BooleanMode)
DA:17,0
FN:22,System.Boolean CommandDotNet.AppSettings::get_IgnoreUnexpectedOperands()
FNDA:0,System.Boolean CommandDotNet.AppSettings::get_IgnoreUnexpectedOperands()
DA:23,0
FN:23,System.Void CommandDotNet.AppSettings::set_IgnoreUnexpectedOperands(System.Boolean)
FNDA:0,System.Void CommandDotNet.AppSettings::set_IgnoreUnexpectedOperands(System.Boolean)
DA:24,0
FN:29,CommandDotNet.ArgumentSeparatorStrategy CommandDotNet.AppSettings::get_DefaultArgumentSeparatorStrategy()
FNDA:0,CommandDotNet.ArgumentSeparatorStrategy CommandDotNet.AppSettings::get_DefaultArgumentSeparatorStrategy()
DA:30,0
FN:30,System.Void CommandDotNet.AppSettings::set_DefaultArgumentSeparatorStrategy(CommandDotNet.ArgumentSeparatorStrategy)
FNDA:0,System.Void CommandDotNet.AppSettings::set_DefaultArgumentSeparatorStrategy(CommandDotNet.ArgumentSeparatorStrategy)
DA:31,0
FN:36,CommandDotNet.ArgumentMode CommandDotNet.AppSettings::get_DefaultArgumentMode()
FNDA:0,CommandDotNet.ArgumentMode CommandDotNet.AppSettings::get_DefaultArgumentMode()
DA:37,0
FN:37,System.Void CommandDotNet.AppSettings::set_DefaultArgumentMode(CommandDotNet.ArgumentMode)
FNDA:0,System.Void CommandDotNet.AppSettings::set_DefaultArgumentMode(CommandDotNet.ArgumentMode)
DA:38,0
FN:64,System.Func`2<System.String,System.String> CommandDotNet.AppSettings::get_Localize()
FNDA:0,System.Func`2<System.String,System.String> CommandDotNet.AppSettings::get_Localize()
DA:65,0
FN:65,System.Void CommandDotNet.AppSettings::set_Localize(System.Func`2<System.String,System.String>)
FNDA:0,System.Void CommandDotNet.AppSettings::set_Localize(System.Func`2<System.String,System.String>)
DA:66,0
FN:76,System.String CommandDotNet.AppSettings::ToString()
FNDA:0,System.String CommandDotNet.AppSettings::ToString()
DA:77,0
FN:78,System.String CommandDotNet.AppSettings::ToString(CommandDotNet.Indent)
FNDA:0,System.String CommandDotNet.AppSettings::ToString(CommandDotNet.Indent)
DA:79,0
LF:12
LH:0
BRF:0
BRH:0
FNF:12
FNH:0
end_of_record
SF:CommandDotNet/ArgumentAppSettings.cs
FN:44,System.String CommandDotNet.ArgumentAppSettings::ToString()
FNDA:0,System.String CommandDotNet.ArgumentAppSettings::ToString()
DA:45,0
FN:46,System.String CommandDotNet.ArgumentAppSettings::ToString(CommandDotNet.Indent)
FNDA:0,System.String CommandDotNet.ArgumentAppSettings::ToString(CommandDotNet.Indent)
DA:47,0
LF:2
LH:0
BRF:0
BRH:0
FNF:2
FNH:0
end_of_record
SF:CommandDotNet/ArgumentArity.cs
FN:39,CommandDotNet.IArgumentArity CommandDotNet.ArgumentArity::get_Zero()
FNDA:74,CommandDotNet.IArgumentArity CommandDotNet.ArgumentArity::get_Zero()
DA:40,74
FN:40,CommandDotNet.IArgumentArity CommandDotNet.ArgumentArity::get_ZeroOrOne()
FNDA:20,CommandDotNet.IArgumentArity CommandDotNet.ArgumentArity::get_ZeroOrOne()
DA:41,20
FN:41,CommandDotNet.IArgumentArity CommandDotNet.ArgumentArity::get_ExactlyOne()
FNDA:22,CommandDotNet.IArgumentArity CommandDotNet.ArgumentArity::get_ExactlyOne()
DA:42,22
FN:42,CommandDotNet.IArgumentArity CommandDotNet.ArgumentArity::get_ZeroOrMore()
FNDA:6,CommandDotNet.IArgumentArity CommandDotNet.ArgumentArity::get_ZeroOrMore()
DA:43,6
FN:43,CommandDotNet.IArgumentArity CommandDotNet.ArgumentArity::get_OneOrMore()
FNDA:8,CommandDotNet.IArgumentArity CommandDotNet.ArgumentArity::get_OneOrMore()
DA:44,8
FN:47,CommandDotNet.IArgumentArity CommandDotNet.ArgumentArity::Default(CommandDotNet.ClassModeling.Definitions.IArgumentDef)
FNDA:64,CommandDotNet.IArgumentArity CommandDotNet.ArgumentArity::Default(CommandDotNet.ClassModeling.Definitions.IArgumentDef)
DA:48,64
DA:49,64
DA:50,64
DA:51,64
DA:52,64
DA:53,64
DA:54,64
FN:56,CommandDotNet.IArgumentArity CommandDotNet.ArgumentArity::Default(CommandDotNet.IArgument)
FNDA:0,CommandDotNet.IArgumentArity CommandDotNet.ArgumentArity::Default(CommandDotNet.IArgument)
DA:57,0
DA:58,0
DA:59,0
DA:60,0
DA:61,0
DA:62,0
DA:63,0
DA:64,0
DA:65,0
BRDA:59,20,0,0
BRDA:59,20,1,0
BRDA:60,44,0,0
BRDA:60,53,0,0
BRDA:60,53,1,0
BRDA:60,44,1,0
BRDA:62,88,0,0
BRDA:62,88,1,0
FN:69,CommandDotNet.IArgumentArity CommandDotNet.ArgumentArity::Default(System.Type,System.Boolean,System.Boolean,System.Nullable`1<CommandDotNet.BooleanMode>)
FNDA:64,CommandDotNet.IArgumentArity CommandDotNet.ArgumentArity::Default(System.Type,System.Boolean,System.Boolean,System.Nullable`1<CommandDotNet.BooleanMode>)
DA:70,64
DA:71,64
DA:73,64
DA:74,14
DA:75,14
DA:78,50
DA:79,8
DA:80,8
DA:83,42
DA:84,64
BRDA:73,16,0,14
BRDA:75,20,0,6
BRDA:75,20,1,8
BRDA:73,16,1,50
BRDA:78,45,0,8
BRDA:78,63,0,0
BRDA:78,63,1,8
BRDA:78,45,1,42
BRDA:78,89,0,8
BRDA:78,89,1,42
BRDA:83,101,0,20
BRDA:83,101,1,22
FN:85,System.String CommandDotNet.ArgumentArity::ToString()
FNDA:0,System.String CommandDotNet.ArgumentArity::ToString()
DA:86,0
FN:88,System.Boolean CommandDotNet.ArgumentArity::op_Equality(CommandDotNet.ArgumentArity,CommandDotNet.ArgumentArity)
FNDA:0,System.Boolean CommandDotNet.ArgumentArity::op_Equality(CommandDotNet.ArgumentArity,CommandDotNet.ArgumentArity)
DA:89,0
FN:90,System.Boolean CommandDotNet.ArgumentArity::op_Inequality(CommandDotNet.ArgumentArity,CommandDotNet.ArgumentArity)
FNDA:0,System.Boolean CommandDotNet.ArgumentArity::op_Inequality(CommandDotNet.ArgumentArity,CommandDotNet.ArgumentArity)
DA:91,0
FN:92,System.Boolean CommandDotNet.ArgumentArity::Equals(CommandDotNet.ArgumentArity)
FNDA:0,System.Boolean CommandDotNet.ArgumentArity::Equals(CommandDotNet.ArgumentArity)
DA:93,0
BRDA:93,12,0,0
BRDA:93,12,1,0
FN:95,System.Boolean CommandDotNet.ArgumentArity::Equals(System.Object)
FNDA:0,System.Boolean CommandDotNet.ArgumentArity::Equals(System.Object)
DA:96,0
DA:97,0
DA:98,0
DA:99,0
BRDA:96,1,0,0
BRDA:96,5,0,0
BRDA:96,24,0,0
BRDA:96,24,1,0
BRDA:96,5,1,0
BRDA:96,1,1,0
FN:101,System.Int32 CommandDotNet.ArgumentArity::GetHashCode()
FNDA:0,System.Int32 CommandDotNet.ArgumentArity::GetHashCode()
DA:102,0
DA:104,0
DA:105,0
DA:107,0
FN:16,System.Void CommandDotNet.ArgumentArity::.ctor(System.Int32,System.Int32)
FNDA:130,System.Void CommandDotNet.ArgumentArity::.ctor(System.Int32,System.Int32)
DA:17,130
DA:18,130
DA:19,130
DA:20,0
DA:21,0
DA:23,130
DA:24,0
DA:25,0
DA:26,0
DA:29,130
DA:30,130
DA:31,130
BRDA:19,14,0,0
BRDA:19,14,1,130
BRDA:23,34,0,0
BRDA:23,34,1,130
FN:11,System.Void CommandDotNet.ArgumentArity::.cctor()
FNDA:1,System.Void CommandDotNet.ArgumentArity::.cctor()
DA:12,1
LF:56
LH:30
BRF:32
BRH:13
FNF:16
FNH:9
end_of_record
SF:CommandDotNet/ArgumentArityExtensions.cs
FN:9,System.Boolean CommandDotNet.ArgumentArityExtensions::AllowsMany(CommandDotNet.IArgumentArity)
FNDA:18,System.Boolean CommandDotNet.ArgumentArityExtensions::AllowsMany(CommandDotNet.IArgumentArity)
DA:10,18
FN:12,System.Boolean CommandDotNet.ArgumentArityExtensions::AllowsOneOrMore(CommandDotNet.IArgumentArity)
FNDA:4,System.Boolean CommandDotNet.ArgumentArityExtensions::AllowsOneOrMore(CommandDotNet.IArgumentArity)
DA:13,4
FN:15,System.Boolean CommandDotNet.ArgumentArityExtensions::RequiresAtLeastOne(CommandDotNet.IArgumentArity)
FNDA:8,System.Boolean CommandDotNet.ArgumentArityExtensions::RequiresAtLeastOne(CommandDotNet.IArgumentArity)
DA:16,8
FN:18,System.Boolean CommandDotNet.ArgumentArityExtensions::RequiresExactlyOne(CommandDotNet.IArgumentArity)
FNDA:0,System.Boolean CommandDotNet.ArgumentArityExtensions::RequiresExactlyOne(CommandDotNet.IArgumentArity)
DA:19,0
BRDA:19,7,0,0
BRDA:19,7,1,0
FN:24,System.Boolean CommandDotNet.ArgumentArityExtensions::RequiresNone(CommandDotNet.IArgumentArity)
FNDA:20,System.Boolean CommandDotNet.ArgumentArityExtensions::RequiresNone(CommandDotNet.IArgumentArity)
DA:25,20
FN:30,System.Boolean CommandDotNet.ArgumentArityExtensions::AllowsNone(CommandDotNet.IArgumentArity)
FNDA:4,System.Boolean CommandDotNet.ArgumentArityExtensions::AllowsNone(CommandDotNet.IArgumentArity)
DA:31,4
FN:36,System.Boolean CommandDotNet.ArgumentArityExtensions::AllowsUnlimited(CommandDotNet.IArgumentArity)
FNDA:2,System.Boolean CommandDotNet.ArgumentArityExtensions::AllowsUnlimited(CommandDotNet.IArgumentArity)
DA:37,2
LF:7
LH:6
BRF:2
BRH:0
FNF:7
FNH:6
end_of_record
SF:CommandDotNet/ArgumentDefault.cs
FN:20,System.String CommandDotNet.ArgumentDefault::ToString()
FNDA:0,System.String CommandDotNet.ArgumentDefault::ToString()
DA:21,0
FN:7,System.Void CommandDotNet.ArgumentDefault::.ctor(System.String,System.String,System.Object)
FNDA:12,System.Void CommandDotNet.ArgumentDefault::.ctor(System.String,System.String,System.Object)
DA:8,12
LF:2
LH:1
BRF:0
BRH:0
FNF:2
FNH:1
end_of_record
SF:CommandDotNet/Builders/Resources.cs
FN:6,System.String CommandDotNet.Resources::get_ValueSource_EnvVar()
FNDA:0,System.String CommandDotNet.Resources::get_ValueSource_EnvVar()
DA:7,0
FN:7,System.String CommandDotNet.Resources::get_ValueSource_AppSetting()
FNDA:2,System.String CommandDotNet.Resources::get_ValueSource_AppSetting()
DA:8,2
LF:2
LH:1
BRF:0
BRH:0
FNF:2
FNH:1
end_of_record
SF:CommandDotNet/Diagnostics/Resources.cs
FN:9,System.String CommandDotNet.Resources::get_Command_version()
FNDA:6,System.String CommandDotNet.Resources::get_Command_version()
DA:10,6
FN:10,System.String CommandDotNet.Resources::get_Command_version_description()
FNDA:2,System.String CommandDotNet.Resources::get_Command_version_description()
DA:11,2
FN:12,System.String CommandDotNet.Resources::get_CommandLogger_Original_input()
FNDA:0,System.String CommandDotNet.Resources::get_CommandLogger_Original_input()
DA:13,0
FN:13,System.String CommandDotNet.Resources::get_CommandLogger_Tool_version()
FNDA:0,System.String CommandDotNet.Resources::get_CommandLogger_Tool_version()
DA:14,0
FN:14,System.String CommandDotNet.Resources::get_CommandLogger_DotNet_version()
FNDA:0,System.String CommandDotNet.Resources::get_CommandLogger_DotNet_version()
DA:15,0
FN:15,System.String CommandDotNet.Resources::get_CommandLogger_OS_version()
FNDA:0,System.String CommandDotNet.Resources::get_CommandLogger_OS_version()
DA:16,0
FN:16,System.String CommandDotNet.Resources::get_CommandLogger_Machine()
FNDA:0,System.String CommandDotNet.Resources::get_CommandLogger_Machine()
DA:17,0
FN:17,System.String CommandDotNet.Resources::get_CommandLogger_Username()
FNDA:0,System.String CommandDotNet.Resources::get_CommandLogger_Username()
DA:18,0
FN:19,System.String CommandDotNet.Resources::get_Exceptions_Data()
FNDA:0,System.String CommandDotNet.Resources::get_Exceptions_Data()
DA:20,0
FN:20,System.String CommandDotNet.Resources::get_Exceptions_Properties()
FNDA:0,System.String CommandDotNet.Resources::get_Exceptions_Properties()
DA:21,0
FN:21,System.String CommandDotNet.Resources::get_Exceptions_StackTrace()
FNDA:0,System.String CommandDotNet.Resources::get_Exceptions_StackTrace()
DA:22,0
FN:22,System.String CommandDotNet.Resources::get_Exceptions_StackTrace_at()
FNDA:0,System.String CommandDotNet.Resources::get_Exceptions_StackTrace_at()
DA:23,0
FN:25,System.String CommandDotNet.Resources::ParseReport_Raw_command_line(System.String)
FNDA:0,System.String CommandDotNet.Resources::ParseReport_Raw_command_line(System.String)
DA:26,0
FN:27,System.String CommandDotNet.Resources::get_ParseReport_root_lc()
FNDA:0,System.String CommandDotNet.Resources::get_ParseReport_root_lc()
DA:28,0
FN:30,System.String CommandDotNet.Resources::get_ParseDirective_Help_was_requested()
FNDA:0,System.String CommandDotNet.Resources::get_ParseDirective_Help_was_requested()
DA:31,0
FN:33,System.String CommandDotNet.Resources::get_ParseDirective_Unable_to_map_tokens_to_arguments()
FNDA:0,System.String CommandDotNet.Resources::get_ParseDirective_Unable_to_map_tokens_to_arguments()
DA:34,0
FN:36,System.String CommandDotNet.Resources::ParseDirective_Usage(System.String,System.String)
FNDA:0,System.String CommandDotNet.Resources::ParseDirective_Usage(System.String,System.String)
DA:37,0
DA:38,0
DA:39,0
FN:40,System.String CommandDotNet.Resources::get_ParseDirective_parse_lc()
FNDA:2,System.String CommandDotNet.Resources::get_ParseDirective_parse_lc()
DA:41,2
FN:41,System.String CommandDotNet.Resources::get_ParseDirective_token_transformations_lc()
FNDA:0,System.String CommandDotNet.Resources::get_ParseDirective_token_transformations_lc()
DA:42,0
FN:42,System.String CommandDotNet.Resources::get_ParseDirective_from_shell_lc()
FNDA:0,System.String CommandDotNet.Resources::get_ParseDirective_from_shell_lc()
DA:43,0
FN:43,System.String CommandDotNet.Resources::ParseDirective_after(System.String)
FNDA:0,System.String CommandDotNet.Resources::ParseDirective_after(System.String)
DA:44,0
FN:44,System.String CommandDotNet.Resources::ParseDirective_after_no_changes(System.String)
FNDA:0,System.String CommandDotNet.Resources::ParseDirective_after_no_changes(System.String)
DA:45,0
FN:46,System.String CommandDotNet.Resources::get_Debugger_debug_lc()
FNDA:2,System.String CommandDotNet.Resources::get_Debugger_debug_lc()
DA:47,2
FN:49,System.String CommandDotNet.Resources::Debugger_Attach_debugger(System.String,System.String)
FNDA:0,System.String CommandDotNet.Resources::Debugger_Attach_debugger(System.String,System.String)
DA:50,0
FN:51,System.String CommandDotNet.Resources::get_Time_time()
FNDA:2,System.String CommandDotNet.Resources::get_Time_time()
DA:52,2
LF:27
LH:5
BRF:0
BRH:0
FNF:25
FNH:5
end_of_record
SF:CommandDotNet/Execution/Resources.cs
FN:5,System.String CommandDotNet.Resources::Arity_is_required(System.String)
FNDA:0,System.String CommandDotNet.Resources::Arity_is_required(System.String)
DA:6,0
FN:7,System.String CommandDotNet.Resources::Arity_min_not_reached(System.String,System.String,System.String)
FNDA:0,System.String CommandDotNet.Resources::Arity_min_not_reached(System.String,System.String,System.String)
DA:8,0
FN:9,System.String CommandDotNet.Resources::Arity_max_exceeded(System.String,System.String,System.String)
FNDA:0,System.String CommandDotNet.Resources::Arity_max_exceeded(System.String,System.String,System.String)
DA:10,0
LF:3
LH:0
BRF:0
BRH:0
FNF:3
FNH:0
end_of_record
SF:CommandDotNet/Help/Resources.cs
FN:6,System.String CommandDotNet.Resources::get_Command_help()
FNDA:74,System.String CommandDotNet.Resources::get_Command_help()
DA:7,74
FN:7,System.String CommandDotNet.Resources::get_Command_help_description()
FNDA:64,System.String CommandDotNet.Resources::get_Command_help_description()
DA:8,64
FN:9,System.String CommandDotNet.Resources::get_Help_Allowed_values()
FNDA:0,System.String CommandDotNet.Resources::get_Help_Allowed_values()
DA:10,0
FN:10,System.String CommandDotNet.Resources::get_Help_arg()
FNDA:0,System.String CommandDotNet.Resources::get_Help_arg()
DA:11,0
FN:11,System.String CommandDotNet.Resources::get_Help_Arguments()
FNDA:2,System.String CommandDotNet.Resources::get_Help_Arguments()
DA:12,2
FN:12,System.String CommandDotNet.Resources::get_Help_Commands()
FNDA:2,System.String CommandDotNet.Resources::get_Help_Commands()
DA:13,2
FN:13,System.String CommandDotNet.Resources::get_Help_for_more_information_about_a_command()
FNDA:2,System.String CommandDotNet.Resources::get_Help_for_more_information_about_a_command()
DA:14,2
FN:14,System.String CommandDotNet.Resources::get_Help_Multiple()
FNDA:0,System.String CommandDotNet.Resources::get_Help_Multiple()
DA:15,0
FN:15,System.String CommandDotNet.Resources::get_Help_Options()
FNDA:2,System.String CommandDotNet.Resources::get_Help_Options()
DA:16,2
FN:16,System.String CommandDotNet.Resources::get_Help_Options_also_available_for_subcommands()
FNDA:2,System.String CommandDotNet.Resources::get_Help_Options_also_available_for_subcommands()
DA:17,2
FN:17,System.String CommandDotNet.Resources::get_Help_Usage()
FNDA:2,System.String CommandDotNet.Resources::get_Help_Usage()
DA:18,2
FN:18,System.String CommandDotNet.Resources::get_Help_usage_lc()
FNDA:6,System.String CommandDotNet.Resources::get_Help_usage_lc()
DA:19,6
FN:19,System.String CommandDotNet.Resources::get_Help_Use()
FNDA:2,System.String CommandDotNet.Resources::get_Help_Use()
DA:20,2
LF:13
LH:10
BRF:0
BRH:0
FNF:13
FNH:10
end_of_record
SF:CommandDotNet/Parsing/Resources.cs
FN:9,System.String CommandDotNet.Resources::get_Input_inputs_lc()
FNDA:0,System.String CommandDotNet.Resources::get_Input_inputs_lc()
DA:10,0
FN:10,System.String CommandDotNet.Resources::get_Input_stream_lc()
FNDA:0,System.String CommandDotNet.Resources::get_Input_stream_lc()
DA:11,0
FN:11,System.String CommandDotNet.Resources::get_Input_piped_lc()
FNDA:2,System.String CommandDotNet.Resources::get_Input_piped_lc()
DA:12,2
FN:12,System.String CommandDotNet.Resources::get_Input_prompt_lc()
FNDA:0,System.String CommandDotNet.Resources::get_Input_prompt_lc()
DA:13,0
FN:15,System.String CommandDotNet.Resources::get_Parse_Required_command_was_not_provided()
FNDA:0,System.String CommandDotNet.Resources::get_Parse_Required_command_was_not_provided()
DA:16,0
FN:18,System.String CommandDotNet.Resources::Parse_ArgumentArity_Expected_single_value(System.String)
FNDA:0,System.String CommandDotNet.Resources::Parse_ArgumentArity_Expected_single_value(System.String)
DA:19,0
FN:21,System.String CommandDotNet.Resources::Parse_Assigning_value_to_argument(System.String,System.String)
FNDA:0,System.String CommandDotNet.Resources::Parse_Assigning_value_to_argument(System.String,System.String)
DA:22,0
FN:23,System.String CommandDotNet.Resources::get_Parse_Did_you_mean()
FNDA:0,System.String CommandDotNet.Resources::get_Parse_Did_you_mean()
DA:24,0
FN:26,System.String CommandDotNet.Resources::Parse_See_usage(System.String,System.String)
FNDA:0,System.String CommandDotNet.Resources::Parse_See_usage(System.String,System.String)
DA:27,0
FN:29,System.String CommandDotNet.Resources::Parse_Is_not_a_valid(System.String)
FNDA:0,System.String CommandDotNet.Resources::Parse_Is_not_a_valid(System.String)
DA:30,0
FN:32,System.String CommandDotNet.Resources::Parse_Missing_value_for_option(System.String)
FNDA:0,System.String CommandDotNet.Resources::Parse_Missing_value_for_option(System.String)
DA:33,0
FN:35,System.String CommandDotNet.Resources::Parse_Unrecognized_value_for(System.String,System.String,System.String)
FNDA:0,System.String CommandDotNet.Resources::Parse_Unrecognized_value_for(System.String,System.String,System.String)
DA:36,0
FN:38,System.String CommandDotNet.Resources::Parse_Unexpected_value_for_option(System.String,System.String)
FNDA:0,System.String CommandDotNet.Resources::Parse_Unexpected_value_for_option(System.String,System.String)
DA:39,0
FN:41,System.String CommandDotNet.Resources::Parse_Intended_command_instead_of_option(System.String,System.String,System.String)
FNDA:0,System.String CommandDotNet.Resources::Parse_Intended_command_instead_of_option(System.String,System.String,System.String)
DA:42,0
DA:43,0
DA:44,0
FN:46,System.String CommandDotNet.Resources::Parse_Clubbed_options_with_values_must_be_last_option(System.String,System.String)
FNDA:0,System.String CommandDotNet.Resources::Parse_Clubbed_options_with_values_must_be_last_option(System.String,System.String)
DA:47,0
FN:49,System.String CommandDotNet.Resources::Parse_Unrecognized_command_or_argument(System.String)
FNDA:0,System.String CommandDotNet.Resources::Parse_Unrecognized_command_or_argument(System.String)
DA:50,0
FN:51,System.String CommandDotNet.Resources::Parse_Unrecognized_option(System.String)
FNDA:0,System.String CommandDotNet.Resources::Parse_Unrecognized_option(System.String)
DA:52,0
FN:54,System.String CommandDotNet.Resources::Input_Piped_targetted_multiple_arguments(System.String)
FNDA:0,System.String CommandDotNet.Resources::Input_Piped_targetted_multiple_arguments(System.String)
DA:55,0
LF:20
LH:1
BRF:0
BRH:0
FNF:18
FNH:1
end_of_record
SF:CommandDotNet/Prompts/Resources.cs
FN:7,System.String CommandDotNet.Resources::get_Prompt_Enter_once_for_new_value_twice_to_finish()
FNDA:0,System.String CommandDotNet.Resources::get_Prompt_Enter_once_for_new_value_twice_to_finish()
DA:8,0
LF:1
LH:0
BRF:0
BRH:0
FNF:1
FNH:0
end_of_record
SF:CommandDotNet/Resources.cs
FN:11,System.String CommandDotNet.Resources::get_Common_default_lc()
FNDA:0,System.String CommandDotNet.Resources::get_Common_default_lc()
DA:12,0
FN:12,System.String CommandDotNet.Resources::get_Common_from_lc()
FNDA:0,System.String CommandDotNet.Resources::get_Common_from_lc()
DA:13,0
FN:13,System.String CommandDotNet.Resources::get_Common_key_lc()
FNDA:0,System.String CommandDotNet.Resources::get_Common_key_lc()
DA:14,0
FN:14,System.String CommandDotNet.Resources::get_Common_value_lc()
FNDA:0,System.String CommandDotNet.Resources::get_Common_value_lc()
DA:15,0
FN:15,System.String CommandDotNet.Resources::get_Common_source_lc()
FNDA:0,System.String CommandDotNet.Resources::get_Common_source_lc()
DA:16,0
FN:16,System.String CommandDotNet.Resources::get_Common_command_lc()
FNDA:4,System.String CommandDotNet.Resources::get_Common_command_lc()
DA:17,4
FN:17,System.String CommandDotNet.Resources::get_Common_argument_lc()
FNDA:6,System.String CommandDotNet.Resources::get_Common_argument_lc()
DA:18,6
FN:18,System.String CommandDotNet.Resources::get_Common_option_lc()
FNDA:0,System.String CommandDotNet.Resources::get_Common_option_lc()
DA:19,0
FN:19,System.String CommandDotNet.Resources::get_Common_Flag()
FNDA:0,System.String CommandDotNet.Resources::get_Common_Flag()
DA:20,0
FN:20,System.String CommandDotNet.Resources::get_Common_commands_lc()
FNDA:0,System.String CommandDotNet.Resources::get_Common_commands_lc()
DA:21,0
FN:21,System.String CommandDotNet.Resources::get_Common_arguments_lc()
FNDA:0,System.String CommandDotNet.Resources::get_Common_arguments_lc()
DA:22,0
FN:22,System.String CommandDotNet.Resources::get_Common_options_lc()
FNDA:2,System.String CommandDotNet.Resources::get_Common_options_lc()
DA:23,2
FN:24,System.String CommandDotNet.Resources::Error_File_not_found(System.String)
FNDA:0,System.String CommandDotNet.Resources::Error_File_not_found(System.String)
DA:25,0
FN:9,System.Void CommandDotNet.Resources::.cctor()
FNDA:1,System.Void CommandDotNet.Resources::.cctor()
DA:10,1
LF:14
LH:4
BRF:0
BRH:0
FNF:14
FNH:4
end_of_record
SF:CommandDotNet/TypeDescriptors/Resources.cs
FN:7,System.String CommandDotNet.Resources::get_Type_Boolean()
FNDA:2,System.String CommandDotNet.Resources::get_Type_Boolean()
DA:8,2
FN:8,System.String CommandDotNet.Resources::get_Type_Character()
FNDA:4,System.String CommandDotNet.Resources::get_Type_Character()
DA:9,4
FN:9,System.String CommandDotNet.Resources::get_Type_Decimal()
FNDA:12,System.String CommandDotNet.Resources::get_Type_Decimal()
DA:10,12
FN:10,System.String CommandDotNet.Resources::get_Type_Double()
FNDA:0,System.String CommandDotNet.Resources::get_Type_Double()
DA:11,0
FN:11,System.String CommandDotNet.Resources::get_Type_Number()
FNDA:24,System.String CommandDotNet.Resources::get_Type_Number()
DA:12,24
FN:12,System.String CommandDotNet.Resources::get_Type_Text()
FNDA:8,System.String CommandDotNet.Resources::get_Type_Text()
DA:13,8
FN:15,System.String CommandDotNet.Resources::Error_Value_is_not_valid_for_type(System.String,System.String)
FNDA:0,System.String CommandDotNet.Resources::Error_Value_is_not_valid_for_type(System.String,System.String)
DA:16,0
FN:18,System.String CommandDotNet.Resources::Error_Failed_parsing_value_for_type(System.String,System.String)
FNDA:0,System.String CommandDotNet.Resources::Error_Failed_parsing_value_for_type(System.String,System.String)
DA:19,0
LF:8
LH:5
BRF:0
BRH:0
FNF:8
FNH:5
end_of_record
SF:CommandDotNet/CharExtensions.cs
FN:4,System.Boolean CommandDotNet.CharExtensions::IsAlphaNumeric(System.Char)
FNDA:80,System.Boolean CommandDotNet.CharExtensions::IsAlphaNumeric(System.Char)
DA:5,80
LF:1
LH:1
BRF:0
BRH:0
FNF:1
FNH:1
end_of_record
SF:CommandDotNet/Command.cs
FN:60,System.Collections.Generic.IReadOnlyCollection`1<CommandDotNet.Operand> CommandDotNet.Command::get_Operands()
FNDA:58,System.Collections.Generic.IReadOnlyCollection`1<CommandDotNet.Operand> CommandDotNet.Command::get_Operands()
DA:61,58
FN:63,System.Collections.Generic.IReadOnlyCollection`1<CommandDotNet.Option> CommandDotNet.Command::get_Options()
FNDA:18,System.Collections.Generic.IReadOnlyCollection`1<CommandDotNet.Option> CommandDotNet.Command::get_Options()
DA:64,18
FN:72,CommandDotNet.Command CommandDotNet.Command::get_Parent()
FNDA:704,CommandDotNet.Command CommandDotNet.Command::get_Parent()
DA:73,704
FN:74,System.Void CommandDotNet.Command::set_Parent(CommandDotNet.Command)
FNDA:120,System.Void CommandDotNet.Command::set_Parent(CommandDotNet.Command)
DA:75,120
DA:76,120
DA:77,0
DA:78,0
DA:80,120
DA:81,60
DA:82,60
DA:83,60
DA:84,60
DA:85,0
DA:86,0
DA:88,120
BRDA:76,7,0,0
BRDA:76,7,1,120
BRDA:80,32,0,60
BRDA:80,32,1,60
BRDA:84,59,0,0
BRDA:84,59,1,120
FN:110,System.Collections.Generic.IReadOnlyCollection`1<CommandDotNet.Command> CommandDotNet.Command::get_Subcommands()
FNDA:4,System.Collections.Generic.IReadOnlyCollection`1<CommandDotNet.Command> CommandDotNet.Command::get_Subcommands()
DA:111,4
FN:119,CommandDotNet.Builders.IArgumentNode CommandDotNet.Command::FindArgumentNode(System.String)
FNDA:80,CommandDotNet.Builders.IArgumentNode CommandDotNet.Command::FindArgumentNode(System.String)
DA:120,80
BRDA:120,8,0,0
BRDA:120,8,1,80
FN:123,TArgumentNode CommandDotNet.Command::Find(System.String)
FNDA:10,TArgumentNode CommandDotNet.Command::Find(System.String)
DA:124,10
FN:126,System.Void CommandDotNet.Command::AddArgumentNode(CommandDotNet.Builders.IArgumentNode)
FNDA:190,System.Void CommandDotNet.Command::AddArgumentNode(CommandDotNet.Builders.IArgumentNode)
DA:127,190
DA:128,190
DA:130,190
DA:133,60
DA:134,60
DA:136,36
DA:137,36
DA:139,94
DA:140,94
DA:142,0
DA:143,0
DA:144,0
DA:145,0
DA:147,190
BRDA:130,27,0,130
BRDA:130,37,0,94
BRDA:130,27,1,60
BRDA:130,37,1,36
BRDA:130,47,1,94
BRDA:130,47,0,0
FN:149,System.Void CommandDotNet.Command::AddSubcommand(CommandDotNet.Command)
FNDA:60,System.Void CommandDotNet.Command::AddSubcommand(CommandDotNet.Command)
DA:150,60
DA:151,60
DA:152,60
DA:153,60
DA:154,60
DA:155,42
DA:156,42
DA:157,42
DA:158,42
DA:159,42
DA:160,60
BRDA:154,38,0,42
BRDA:154,38,1,60
FN:162,System.Void CommandDotNet.Command::AddOperand(CommandDotNet.Operand)
FNDA:36,System.Void CommandDotNet.Command::AddOperand(CommandDotNet.Operand)
DA:163,36
DA:164,36
DA:165,36
DA:166,36
DA:167,0
DA:168,0
DA:169,0
DA:170,0
DA:172,36
DA:173,36
DA:174,36
BRDA:166,22,0,8
BRDA:166,22,1,28
BRDA:166,40,0,0
BRDA:166,40,1,36
FN:176,System.Void CommandDotNet.Command::AddOption(CommandDotNet.Option)
FNDA:94,System.Void CommandDotNet.Command::AddOption(CommandDotNet.Option)
DA:177,94
DA:178,94
DA:179,94
DA:180,94
DA:181,94
DA:183,94
DA:184,0
DA:185,0
DA:186,0
DA:187,0
DA:188,0
DA:189,0
DA:190,0
DA:191,0
DA:192,0
DA:193,0
DA:194,0
DA:195,0
DA:196,0
DA:197,0
DA:199,94
DA:200,94
DA:201,94
DA:202,94
DA:203,94
BRDA:178,25,0,0
BRDA:178,25,1,94
BRDA:178,46,0,94
BRDA:178,46,1,94
BRDA:183,76,0,0
BRDA:185,101,0,0
BRDA:185,101,1,0
BRDA:192,204,0,0
BRDA:192,204,1,0
BRDA:183,76,1,94
FN:205,System.Void CommandDotNet.Command::RegisterArgumentByAliases(CommandDotNet.Builders.IArgumentNode)
FNDA:190,System.Void CommandDotNet.Command::RegisterArgumentByAliases(CommandDotNet.Builders.IArgumentNode)
DA:206,190
DA:207,1570
DA:208,500
DA:209,500
DA:210,500
DA:212,500
DA:213,0
DA:214,0
DA:215,0
DA:216,0
DA:220,500
DA:222,190
DA:223,190
BRDA:207,299,1,500
BRDA:212,105,0,0
BRDA:212,105,1,500
BRDA:212,118,0,0
BRDA:212,118,1,500
BRDA:207,299,0,190
FN:224,System.String CommandDotNet.Command::ToString()
FNDA:0,System.String CommandDotNet.Command::ToString()
DA:225,0
FN:227,System.String CommandDotNet.Command::ToString(System.Boolean)
FNDA:0,System.String CommandDotNet.Command::ToString(System.Boolean)
DA:228,0
DA:229,0
DA:230,0
DA:231,0
DA:232,0
DA:233,0
BRDA:228,1,0,0
BRDA:228,1,1,0
FN:235,System.Boolean CommandDotNet.Command::op_Equality(CommandDotNet.Command,CommandDotNet.Command)
FNDA:60,System.Boolean CommandDotNet.Command::op_Equality(CommandDotNet.Command,CommandDotNet.Command)
DA:236,60
FN:237,System.Boolean CommandDotNet.Command::op_Inequality(CommandDotNet.Command,CommandDotNet.Command)
FNDA:60,System.Boolean CommandDotNet.Command::op_Inequality(CommandDotNet.Command,CommandDotNet.Command)
DA:238,60
FN:240,System.Boolean CommandDotNet.Command::Equals(CommandDotNet.Command)
FNDA:0,System.Boolean CommandDotNet.Command::Equals(CommandDotNet.Command)
DA:241,0
BRDA:241,17,0,0
BRDA:241,17,1,0
FN:243,System.Boolean CommandDotNet.Command::Equals(System.Object)
FNDA:0,System.Boolean CommandDotNet.Command::Equals(System.Object)
DA:244,0
DA:245,0
DA:246,0
DA:247,0
BRDA:244,1,0,0
BRDA:244,5,0,0
BRDA:244,24,0,0
BRDA:244,24,1,0
BRDA:244,5,1,0
BRDA:244,1,1,0
FN:249,System.Int32 CommandDotNet.Command::GetHashCode()
FNDA:0,System.Int32 CommandDotNet.Command::GetHashCode()
DA:250,0
DA:252,0
DA:253,0
DA:255,0
BRDA:253,25,0,0
BRDA:253,25,1,0
FN:20,System.Void CommandDotNet.Command::.ctor(System.String,System.Reflection.ICustomAttributeProvider,System.Boolean,CommandDotNet.Command,System.String)
FNDA:64,System.Void CommandDotNet.Command::.ctor(System.String,System.Reflection.ICustomAttributeProvider,System.Boolean,CommandDotNet.Command,System.String)
DA:21,64
DA:22,64
DA:23,64
DA:24,64
DA:26,64
DA:29,64
DA:30,64
DA:31,64
DA:32,64
DA:33,64
DA:34,64
DA:35,64
DA:37,64
DA:38,64
DA:39,64
DA:40,64
DA:41,60
DA:42,60
DA:43,60
DA:44,64
DA:45,64
DA:46,64
BRDA:38,97,0,0
BRDA:38,97,1,64
BRDA:40,124,0,60
BRDA:40,124,1,64
LF:132
LH:86
BRF:52
BRH:26
FNF:20
FNH:15
end_of_record
SF:CommandDotNet/CommandAppSettings.cs
FN:11,System.String CommandDotNet.CommandAppSettings::ToString()
FNDA:0,System.String CommandDotNet.CommandAppSettings::ToString()
DA:12,0
FN:13,System.String CommandDotNet.CommandAppSettings::ToString(CommandDotNet.Indent)
FNDA:0,System.String CommandDotNet.CommandAppSettings::ToString(CommandDotNet.Indent)
DA:14,0
LF:2
LH:0
BRF:0
BRH:0
FNF:2
FNH:0
end_of_record
SF:CommandDotNet/CommandAttribute.cs
FN:41,System.Boolean CommandDotNet.CommandAttribute::get_IgnoreUnexpectedOperands()
FNDA:0,System.Boolean CommandDotNet.CommandAttribute::get_IgnoreUnexpectedOperands()
DA:42,0
FN:42,System.Void CommandDotNet.CommandAttribute::set_IgnoreUnexpectedOperands(System.Boolean)
FNDA:0,System.Void CommandDotNet.CommandAttribute::set_IgnoreUnexpectedOperands(System.Boolean)
DA:43,0
FN:50,CommandDotNet.ArgumentSeparatorStrategy CommandDotNet.CommandAttribute::get_ArgumentSeparatorStrategy()
FNDA:0,CommandDotNet.ArgumentSeparatorStrategy CommandDotNet.CommandAttribute::get_ArgumentSeparatorStrategy()
DA:51,0
FN:51,System.Void CommandDotNet.CommandAttribute::set_ArgumentSeparatorStrategy(CommandDotNet.ArgumentSeparatorStrategy)
FNDA:0,System.Void CommandDotNet.CommandAttribute::set_ArgumentSeparatorStrategy(CommandDotNet.ArgumentSeparatorStrategy)
DA:52,0
FN:55,System.Void CommandDotNet.CommandAttribute::.ctor()
FNDA:168,System.Void CommandDotNet.CommandAttribute::.ctor()
DA:56,168
FN:62,System.Void CommandDotNet.CommandAttribute::.ctor(System.String)
FNDA:32,System.Void CommandDotNet.CommandAttribute::.ctor(System.String)
DA:63,32
LF:6
LH:2
BRF:0
BRH:0
FNF:6
FNH:2
end_of_record
SF:CommandDotNet/CommandContext.cs
FN:83,CommandDotNet.Builders.IDependencyResolver CommandDotNet.CommandContext::get_DependencyResolver()
FNDA:0,CommandDotNet.Builders.IDependencyResolver CommandDotNet.CommandContext::get_DependencyResolver()
DA:84,0
FN:87,System.String CommandDotNet.CommandContext::ToString()
FNDA:0,System.String CommandDotNet.CommandContext::ToString()
DA:88,0
FN:93,System.String CommandDotNet.CommandContext::ToString(CommandDotNet.Indent)
FNDA:0,System.String CommandDotNet.CommandContext::ToString(CommandDotNet.Indent)
DA:94,0
FN:100,System.String CommandDotNet.CommandContext::ToString(CommandDotNet.Indent,System.Boolean)
FNDA:0,System.String CommandDotNet.CommandContext::ToString(CommandDotNet.Indent,System.Boolean)
DA:101,0
DA:106,0
DA:108,0
DA:109,0
DA:110,0
DA:111,0
DA:113,0
DA:114,0
DA:115,0
DA:116,0
DA:117,0
DA:118,0
DA:119,0
BRDA:108,10,0,0
BRDA:108,10,1,0
BRDA:113,407,0,0
BRDA:113,407,1,0
FN:13,System.Void CommandDotNet.CommandContext::.ctor(System.String[],CommandDotNet.Tokens.TokenCollection,CommandDotNet.Execution.AppConfig)
FNDA:4,System.Void CommandDotNet.CommandContext::.ctor(System.String[],CommandDotNet.Tokens.TokenCollection,CommandDotNet.Execution.AppConfig)
DA:14,4
DA:15,4
DA:16,4
DA:17,4
LF:20
LH:4
BRF:4
BRH:0
FNF:5
FNH:1
end_of_record
SF:CommandDotNet/CommandContextExtensions.cs
FN:8,System.Void CommandDotNet.CommandContextExtensions::PrintHelp(CommandDotNet.CommandContext,CommandDotNet.Command)
FNDA:2,System.Void CommandDotNet.CommandContextExtensions::PrintHelp(CommandDotNet.CommandContext,CommandDotNet.Command)
DA:9,2
DA:10,2
DA:11,2
DA:12,2
DA:13,2
BRDA:10,2,0,2
BRDA:10,11,0,0
BRDA:10,11,1,2
BRDA:10,23,0,0
BRDA:10,23,1,2
BRDA:10,2,1,2
LF:5
LH:5
BRF:6
BRH:4
FNF:1
FNH:1
end_of_record
SF:CommandDotNet/CommandExtensions.cs
FN:12,System.Boolean CommandDotNet.CommandExtensions::IsRootCommand(CommandDotNet.Command)
FNDA:60,System.Boolean CommandDotNet.CommandExtensions::IsRootCommand(CommandDotNet.Command)
DA:13,60
FN:15,CommandDotNet.Command CommandDotNet.CommandExtensions::GetRootCommand(CommandDotNet.Command)
FNDA:0,CommandDotNet.Command CommandDotNet.CommandExtensions::GetRootCommand(CommandDotNet.Command)
DA:16,0
FN:23,System.Collections.Generic.IEnumerable`1<CommandDotNet.IArgument> CommandDotNet.CommandExtensions::AllArguments(CommandDotNet.Command,System.Boolean,System.Boolean)
FNDA:6,System.Collections.Generic.IEnumerable`1<CommandDotNet.IArgument> CommandDotNet.CommandExtensions::AllArguments(CommandDotNet.Command,System.Boolean,System.Boolean)
DA:24,6
DA:25,6
FN:32,System.Collections.Generic.IEnumerable`1<CommandDotNet.Option> CommandDotNet.CommandExtensions::AllOptions(CommandDotNet.Command,System.Boolean,System.Boolean)
FNDA:6,System.Collections.Generic.IEnumerable`1<CommandDotNet.Option> CommandDotNet.CommandExtensions::AllOptions(CommandDotNet.Command,System.Boolean,System.Boolean)
DA:33,6
DA:34,6
DA:35,6
DA:36,6
DA:37,6
DA:38,6
DA:39,6
DA:40,6
DA:41,6
DA:42,0
DA:43,0
DA:44,0
DA:45,6
DA:46,6
BRDA:34,2,0,0
BRDA:34,2,1,6
BRDA:41,77,0,0
BRDA:41,77,1,6
FN:59,System.String CommandDotNet.CommandExtensions::GetPath(CommandDotNet.Command,System.String)
FNDA:18,System.String CommandDotNet.CommandExtensions::GetPath(CommandDotNet.Command,System.String)
DA:60,18
DA:61,18
DA:62,18
FN:65,TArgumentNode CommandDotNet.CommandExtensions::FindOrThrow(CommandDotNet.Command,System.String)
FNDA:0,TArgumentNode CommandDotNet.CommandExtensions::FindOrThrow(CommandDotNet.Command,System.String)
DA:66,0
DA:67,0
DA:68,0
DA:69,0
DA:70,0
DA:72,0
DA:73,0
BRDA:68,20,0,0
BRDA:68,20,1,0
FN:99,System.Boolean CommandDotNet.CommandExtensions::HelpWasRequested(CommandDotNet.Command)
FNDA:8,System.Boolean CommandDotNet.CommandExtensions::HelpWasRequested(CommandDotNet.Command)
DA:100,8
FN:103,System.Boolean CommandDotNet.CommandExtensions::ContainsArgumentNode(CommandDotNet.Command,System.String)
FNDA:66,System.Boolean CommandDotNet.CommandExtensions::ContainsArgumentNode(CommandDotNet.Command,System.String)
DA:104,66
FN:107,System.Boolean CommandDotNet.CommandExtensions::HasInputValues(CommandDotNet.Command,System.String)
FNDA:10,System.Boolean CommandDotNet.CommandExtensions::HasInputValues(CommandDotNet.Command,System.String)
DA:108,10
BRDA:108,8,0,0
BRDA:108,8,1,10
FN:111,System.Collections.Generic.ICollection`1<CommandDotNet.InputValue> CommandDotNet.CommandExtensions::FindInputValues(CommandDotNet.Command,System.String)
FNDA:10,System.Collections.Generic.ICollection`1<CommandDotNet.InputValue> CommandDotNet.CommandExtensions::FindInputValues(CommandDotNet.Command,System.String)
DA:112,10
BRDA:112,8,0,0
BRDA:112,8,1,10
LF:32
LH:21
BRF:10
BRH:4
FNF:10
FNH:8
end_of_record
SF:CommandDotNet/CommandNodeType.cs
FN:17,System.Boolean CommandDotNet.CommandNodeType::get_IsArgument()
FNDA:0,System.Boolean CommandDotNet.CommandNodeType::get_IsArgument()
DA:18,0
BRDA:18,6,0,0
BRDA:18,6,1,0
FN:21,System.String CommandDotNet.CommandNodeType::ToString()
FNDA:0,System.String CommandDotNet.CommandNodeType::ToString()
DA:22,0
FN:19,System.Void CommandDotNet.CommandNodeType::.ctor(System.String)
FNDA:6,System.Void CommandDotNet.CommandNodeType::.ctor(System.String)
DA:20,6
FN:8,System.Void CommandDotNet.CommandNodeType::.cctor()
FNDA:1,System.Void CommandDotNet.CommandNodeType::.cctor()
DA:9,1
DA:10,1
DA:11,1
LF:6
LH:4
BRF:2
BRH:0
FNF:4
FNH:2
end_of_record
SF:CommandDotNet/ConsoleExtensions.cs
FN:4,System.Void CommandDotNet.ConsoleExtensions::Write(CommandDotNet.IConsole,System.Object)
FNDA:0,System.Void CommandDotNet.ConsoleExtensions::Write(CommandDotNet.IConsole,System.Object)
DA:5,0
FN:6,System.Void CommandDotNet.ConsoleExtensions::WriteLine(CommandDotNet.IConsole,System.Object)
FNDA:4,System.Void CommandDotNet.ConsoleExtensions::WriteLine(CommandDotNet.IConsole,System.Object)
DA:7,4
LF:2
LH:1
BRF:0
BRH:0
FNF:2
FNH:1
end_of_record
SF:CommandDotNet/EnvVarAttribute.cs
FN:18,System.Void CommandDotNet.EnvVarAttribute::.ctor(System.String)
FNDA:0,System.Void CommandDotNet.EnvVarAttribute::.ctor(System.String)
DA:19,0
LF:1
LH:0
BRF:0
BRH:0
FNF:1
FNH:0
end_of_record
SF:CommandDotNet/ExitCodes.cs
FN:7,System.Int32 CommandDotNet.ExitCodes::get_Success()
FNDA:0,System.Int32 CommandDotNet.ExitCodes::get_Success()
DA:8,0
FN:8,System.Int32 CommandDotNet.ExitCodes::get_Error()
FNDA:0,System.Int32 CommandDotNet.ExitCodes::get_Error()
DA:9,0
FN:9,System.Int32 CommandDotNet.ExitCodes::get_ValidationError()
FNDA:0,System.Int32 CommandDotNet.ExitCodes::get_ValidationError()
DA:10,0
FN:11,System.Threading.Tasks.Task`1<System.Int32> CommandDotNet.ExitCodes::get_SuccessAsync()
FNDA:0,System.Threading.Tasks.Task`1<System.Int32> CommandDotNet.ExitCodes::get_SuccessAsync()
DA:12,0
FN:12,System.Threading.Tasks.Task`1<System.Int32> CommandDotNet.ExitCodes::get_ErrorAsync()
FNDA:0,System.Threading.Tasks.Task`1<System.Int32> CommandDotNet.ExitCodes::get_ErrorAsync()
DA:13,0
FN:13,System.Threading.Tasks.Task`1<System.Int32> CommandDotNet.ExitCodes::get_ValidationErrorAsync()
FNDA:0,System.Threading.Tasks.Task`1<System.Int32> CommandDotNet.ExitCodes::get_ValidationErrorAsync()
DA:14,0
LF:6
LH:0
BRF:0
BRH:0
FNF:6
FNH:0
end_of_record
SF:CommandDotNet/Indent.cs
FN:47,CommandDotNet.Indent CommandDotNet.Indent::IncrementBy(System.Int32)
FNDA:0,CommandDotNet.Indent CommandDotNet.Indent::IncrementBy(System.Int32)
DA:48,0
DA:49,0
DA:50,0
DA:51,0
DA:52,0
DA:53,0
DA:54,0
DA:55,0
BRDA:50,26,1,0
BRDA:50,26,0,0
FN:57,CommandDotNet.Indent CommandDotNet.Indent::Increment()
FNDA:0,CommandDotNet.Indent CommandDotNet.Indent::Increment()
DA:58,0
BRDA:58,7,0,0
BRDA:58,7,1,0
FN:60,CommandDotNet.Indent CommandDotNet.Indent::Decrement()
FNDA:0,CommandDotNet.Indent CommandDotNet.Indent::Decrement()
DA:61,0
BRDA:61,7,0,0
BRDA:61,7,1,0
FN:62,System.String CommandDotNet.Indent::ToString()
FNDA:0,System.String CommandDotNet.Indent::ToString()
DA:63,0
FN:29,System.Void CommandDotNet.Indent::.ctor(CommandDotNet.Indent)
FNDA:0,System.Void CommandDotNet.Indent::.ctor(CommandDotNet.Indent)
DA:30,0
DA:31,0
DA:32,0
DA:33,0
DA:34,0
DA:35,0
DA:36,0
FN:37,System.Void CommandDotNet.Indent::.ctor(System.String,System.Int32,System.String)
FNDA:0,System.Void CommandDotNet.Indent::.ctor(System.String,System.Int32,System.String)
DA:38,0
DA:39,0
DA:40,0
DA:41,0
DA:42,0
DA:43,0
DA:44,0
LF:25
LH:0
BRF:6
BRH:0
FNF:6
FNH:0
end_of_record
SF:CommandDotNet/InputValue.cs
FN:27,System.Collections.Generic.IEnumerable`1<System.String> CommandDotNet.InputValue::get_Values()
FNDA:10,System.Collections.Generic.IEnumerable`1<System.String> CommandDotNet.InputValue::get_Values()
DA:28,10
BRDA:28,7,0,6
BRDA:28,17,0,0
BRDA:28,17,1,6
BRDA:28,7,1,10
FN:28,System.Void CommandDotNet.InputValue::set_Values(System.Collections.Generic.IEnumerable`1<System.String>)
FNDA:2,System.Void CommandDotNet.InputValue::set_Values(System.Collections.Generic.IEnumerable`1<System.String>)
DA:29,2
FN:34,System.Void CommandDotNet.InputValue::.ctor(System.String,System.Boolean,System.Collections.Generic.IEnumerable`1<System.String>)
FNDA:2,System.Void CommandDotNet.InputValue::.ctor(System.String,System.Boolean,System.Collections.Generic.IEnumerable`1<System.String>)
DA:35,2
DA:36,2
DA:37,2
DA:38,2
DA:39,2
DA:40,2
FN:41,System.Void CommandDotNet.InputValue::.ctor(System.String,System.Boolean,System.Collections.Generic.IEnumerable`1<CommandDotNet.ValueFromToken>)
FNDA:2,System.Void CommandDotNet.InputValue::.ctor(System.String,System.Boolean,System.Collections.Generic.IEnumerable`1<CommandDotNet.ValueFromToken>)
DA:42,2
DA:43,2
DA:44,2
DA:45,2
DA:46,2
DA:47,2
LF:14
LH:14
BRF:4
BRH:3
FNF:4
FNH:4
end_of_record
SF:CommandDotNet/InvalidConfigurationException.cs
FN:12,System.Void CommandDotNet.InvalidConfigurationException::.ctor(System.String)
FNDA:0,System.Void CommandDotNet.InvalidConfigurationException::.ctor(System.String)
DA:13,0
DA:14,0
DA:15,0
FN:16,System.Void CommandDotNet.InvalidConfigurationException::.ctor(System.String,System.Exception)
FNDA:0,System.Void CommandDotNet.InvalidConfigurationException::.ctor(System.String,System.Exception)
DA:17,0
DA:18,0
DA:19,0
LF:6
LH:0
BRF:0
BRH:0
FNF:2
FNH:0
end_of_record
SF:CommandDotNet/LocalizationAppSettings.cs
FN:22,System.String CommandDotNet.LocalizationAppSettings::ToString()
FNDA:0,System.String CommandDotNet.LocalizationAppSettings::ToString()
DA:23,0
FN:24,System.String CommandDotNet.LocalizationAppSettings::ToString(CommandDotNet.Indent)
FNDA:0,System.String CommandDotNet.LocalizationAppSettings::ToString(CommandDotNet.Indent)
DA:25,0
LF:2
LH:0
BRF:0
BRH:0
FNF:2
FNH:0
end_of_record
SF:CommandDotNet/NamedAttribute.cs
FN:27,System.Void CommandDotNet.NamedAttribute::.ctor(System.Int32)
FNDA:0,System.Void CommandDotNet.NamedAttribute::.ctor(System.Int32)
DA:28,0
DA:29,0
DA:30,0
FN:41,System.Void CommandDotNet.NamedAttribute::.ctor(System.Char,System.Int32)
FNDA:0,System.Void CommandDotNet.NamedAttribute::.ctor(System.Char,System.Int32)
DA:42,0
DA:43,0
DA:44,0
FN:57,System.Void CommandDotNet.NamedAttribute::.ctor(System.String,System.Int32)
FNDA:0,System.Void CommandDotNet.NamedAttribute::.ctor(System.String,System.Int32)
DA:58,0
DA:59,0
DA:60,0
FN:74,System.Void CommandDotNet.NamedAttribute::.ctor(System.Char,System.String,System.Int32)
FNDA:0,System.Void CommandDotNet.NamedAttribute::.ctor(System.Char,System.String,System.Int32)
DA:75,0
DA:76,0
DA:77,0
LF:12
LH:0
BRF:0
BRH:0
FNF:4
FNH:0
end_of_record
SF:CommandDotNet/Operand.cs
FN:70,System.Object CommandDotNet.Operand::get_Value()
FNDA:2,System.Object CommandDotNet.Operand::get_Value()
DA:71,2
FN:71,System.Void CommandDotNet.Operand::set_Value(System.Object)
FNDA:2,System.Void CommandDotNet.Operand::set_Value(System.Object)
DA:72,2
FN:77,CommandDotNet.Command CommandDotNet.Operand::get_Parent()
FNDA:0,CommandDotNet.Command CommandDotNet.Operand::get_Parent()
DA:78,0
FN:79,System.Void CommandDotNet.Operand::set_Parent(CommandDotNet.Command)
FNDA:36,System.Void CommandDotNet.Operand::set_Parent(CommandDotNet.Command)
DA:80,36
DA:81,36
DA:82,0
DA:83,0
DA:85,36
DA:86,36
DA:87,36
DA:88,36
DA:89,0
DA:90,0
DA:91,0
DA:93,36
BRDA:81,7,0,0
BRDA:81,7,1,36
BRDA:85,32,0,36
BRDA:85,32,1,0
BRDA:89,59,0,0
BRDA:89,59,1,36
FN:107,System.String CommandDotNet.Operand::ToString()
FNDA:0,System.String CommandDotNet.Operand::ToString()
DA:108,0
FN:110,System.Boolean CommandDotNet.Operand::op_Equality(CommandDotNet.Operand,CommandDotNet.Operand)
FNDA:0,System.Boolean CommandDotNet.Operand::op_Equality(CommandDotNet.Operand,CommandDotNet.Operand)
DA:111,0
FN:112,System.Boolean CommandDotNet.Operand::op_Inequality(CommandDotNet.Operand,CommandDotNet.Operand)
FNDA:0,System.Boolean CommandDotNet.Operand::op_Inequality(CommandDotNet.Operand,CommandDotNet.Operand)
DA:113,0
FN:114,System.Boolean CommandDotNet.Operand::Equals(CommandDotNet.Operand)
FNDA:0,System.Boolean CommandDotNet.Operand::Equals(CommandDotNet.Operand)
DA:115,0
FN:117,System.Boolean CommandDotNet.Operand::Equals(System.Object)
FNDA:0,System.Boolean CommandDotNet.Operand::Equals(System.Object)
DA:118,0
DA:119,0
DA:120,0
DA:121,0
BRDA:118,1,0,0
BRDA:118,5,0,0
BRDA:118,24,0,0
BRDA:118,24,1,0
BRDA:118,5,1,0
BRDA:118,1,1,0
FN:122,System.Int32 CommandDotNet.Operand::GetHashCode()
FNDA:0,System.Int32 CommandDotNet.Operand::GetHashCode()
DA:123,0
FN:21,System.Void CommandDotNet.Operand::.ctor(System.String,CommandDotNet.TypeInfo,CommandDotNet.IArgumentArity,System.Nullable`1<CommandDotNet.BooleanMode>,System.String,System.Reflection.ICustomAttributeProvider,CommandDotNet.ValueProxy)
FNDA:36,System.Void CommandDotNet.Operand::.ctor(System.String,CommandDotNet.TypeInfo,CommandDotNet.IArgumentArity,System.Nullable`1<CommandDotNet.BooleanMode>,System.String,System.Reflection.ICustomAttributeProvider,CommandDotNet.ValueProxy)
DA:22,36
DA:23,36
DA:24,36
DA:25,36
DA:26,36
DA:27,36
DA:28,36
DA:29,36
DA:30,36
DA:32,36
DA:33,36
DA:34,36
DA:35,36
DA:36,36
DA:37,36
DA:38,36
DA:39,36
BRDA:31,46,0,0
BRDA:31,46,1,36
BRDA:32,86,0,0
BRDA:32,86,1,36
BRDA:33,108,0,0
BRDA:33,108,1,36
BRDA:34,131,0,0
BRDA:34,131,1,36
BRDA:38,184,0,0
BRDA:38,184,1,36
LF:41
LH:26
BRF:22
BRH:8
FNF:11
FNH:4
end_of_record
SF:CommandDotNet/OperandAttribute.cs
FN:37,System.Void CommandDotNet.OperandAttribute::.ctor(System.Int32)
FNDA:22,System.Void CommandDotNet.OperandAttribute::.ctor(System.Int32)
DA:38,22
DA:39,22
DA:40,22
DA:41,22
FN:52,System.Void CommandDotNet.OperandAttribute::.ctor(System.String,System.Int32)
FNDA:0,System.Void CommandDotNet.OperandAttribute::.ctor(System.String,System.Int32)
DA:53,0
DA:54,0
DA:55,0
DA:56,0
DA:57,0
LF:9
LH:4
BRF:0
BRH:0
FNF:2
FNH:1
end_of_record
SF:CommandDotNet/Option.cs
FN:68,System.String CommandDotNet.Option::get_Name()
FNDA:0,System.String CommandDotNet.Option::get_Name()
DA:69,0
BRDA:69,7,0,0
BRDA:69,7,1,0
FN:79,CommandDotNet.Command CommandDotNet.Option::get_Parent()
FNDA:12,CommandDotNet.Command CommandDotNet.Option::get_Parent()
DA:80,12
FN:81,System.Void CommandDotNet.Option::set_Parent(CommandDotNet.Command)
FNDA:94,System.Void CommandDotNet.Option::set_Parent(CommandDotNet.Command)
DA:82,94
DA:83,94
DA:84,0
DA:85,0
DA:87,94
DA:88,94
DA:89,94
DA:90,94
DA:91,0
DA:92,0
DA:93,0
DA:95,94
BRDA:83,7,0,0
BRDA:83,7,1,94
BRDA:87,32,0,94
BRDA:87,32,1,0
BRDA:91,59,0,0
BRDA:91,59,1,94
FN:98,System.Collections.Generic.IReadOnlyCollection`1<System.String> CommandDotNet.Option::get_Aliases()
FNDA:358,System.Collections.Generic.IReadOnlyCollection`1<System.String> CommandDotNet.Option::get_Aliases()
DA:99,358
FN:137,System.Object CommandDotNet.Option::get_Value()
FNDA:2,System.Object CommandDotNet.Option::get_Value()
DA:138,2
FN:138,System.Void CommandDotNet.Option::set_Value(System.Object)
FNDA:0,System.Void CommandDotNet.Option::set_Value(System.Object)
DA:139,0
FN:170,System.Boolean CommandDotNet.Option::get_IsFlag()
FNDA:0,System.Boolean CommandDotNet.Option::get_IsFlag()
DA:171,0
BRDA:171,16,0,0
BRDA:171,16,1,0
FN:178,System.String CommandDotNet.Option::ToString()
FNDA:0,System.String CommandDotNet.Option::ToString()
DA:179,0
FN:181,System.Boolean CommandDotNet.Option::op_Equality(CommandDotNet.Option,CommandDotNet.Option)
FNDA:0,System.Boolean CommandDotNet.Option::op_Equality(CommandDotNet.Option,CommandDotNet.Option)
DA:182,0
FN:183,System.Boolean CommandDotNet.Option::op_Inequality(CommandDotNet.Option,CommandDotNet.Option)
FNDA:0,System.Boolean CommandDotNet.Option::op_Inequality(CommandDotNet.Option,CommandDotNet.Option)
DA:184,0
FN:186,System.Boolean CommandDotNet.Option::Equals(CommandDotNet.Option)
FNDA:0,System.Boolean CommandDotNet.Option::Equals(CommandDotNet.Option)
DA:187,0
DA:188,0
BRDA:187,17,0,0
BRDA:187,17,1,0
FN:190,System.Boolean CommandDotNet.Option::Equals(System.Object)
FNDA:0,System.Boolean CommandDotNet.Option::Equals(System.Object)
DA:191,0
DA:192,0
DA:193,0
DA:194,0
BRDA:191,1,0,0
BRDA:191,5,0,0
BRDA:191,24,0,0
BRDA:191,24,1,0
BRDA:191,5,1,0
BRDA:191,1,1,0
FN:196,System.Int32 CommandDotNet.Option::GetHashCode()
FNDA:0,System.Int32 CommandDotNet.Option::GetHashCode()
DA:197,0
DA:199,0
DA:200,0
DA:201,0
DA:202,0
DA:204,0
BRDA:200,8,0,0
BRDA:200,8,1,0
BRDA:201,46,0,0
BRDA:201,46,1,0
FN:22,System.Void CommandDotNet.Option::.ctor(System.String,System.Nullable`1<System.Char>,CommandDotNet.TypeInfo,CommandDotNet.IArgumentArity,System.Nullable`1<CommandDotNet.BooleanMode>,System.String,System.Collections.Generic.IEnumerable`1<System.String>,System.Reflection.ICustomAttributeProvider,System.Boolean,System.Boolean,CommandDotNet.ValueProxy)
FNDA:94,System.Void CommandDotNet.Option::.ctor(System.String,System.Nullable`1<System.Char>,CommandDotNet.TypeInfo,CommandDotNet.IArgumentArity,System.Nullable`1<CommandDotNet.BooleanMode>,System.String,System.Collections.Generic.IEnumerable`1<System.String>,System.Reflection.ICustomAttributeProvider,System.Boolean,System.Boolean,CommandDotNet.ValueProxy)
DA:23,94
DA:24,94
DA:25,94
DA:26,94
DA:27,94
DA:28,94
DA:29,94
DA:30,94
DA:31,94
DA:32,94
DA:33,94
DA:34,94
DA:35,94
DA:36,94
DA:37,0
DA:38,0
DA:41,94
DA:42,0
DA:43,0
DA:46,94
DA:47,0
DA:48,0
DA:49,0
DA:54,94
DA:55,94
DA:56,94
DA:57,94
DA:58,94
DA:59,94
DA:60,94
DA:61,94
DA:62,94
DA:64,94
DA:65,188
DA:66,174
DA:67,94
BRDA:36,49,0,14
BRDA:36,49,1,80
BRDA:36,62,0,0
BRDA:36,62,1,94
BRDA:41,90,0,80
BRDA:41,90,1,14
BRDA:41,112,0,0
BRDA:41,112,1,94
BRDA:46,196,0,0
BRDA:52,301,0,66
BRDA:52,301,1,94
BRDA:54,341,0,0
BRDA:54,341,1,94
BRDA:55,365,0,0
BRDA:55,365,1,94
BRDA:60,422,0,66
BRDA:60,422,1,94
BRDA:64,451,0,30
BRDA:64,451,1,64
BRDA:64,506,1,64
BRDA:64,506,0,64
BRDA:65,553,0,94
BRDA:65,553,1,94
BRDA:66,592,0,80
BRDA:66,592,1,94
LF:69
LH:39
BRF:47
BRH:23
FNF:14
FNH:5
end_of_record
SF:CommandDotNet/OptionAttribute.cs
FN:35,System.String CommandDotNet.OptionAttribute::CommandDotNet.INameAndDescription.get_Name()
FNDA:26,System.String CommandDotNet.OptionAttribute::CommandDotNet.INameAndDescription.get_Name()
DA:36,26
FN:51,CommandDotNet.BooleanMode CommandDotNet.OptionAttribute::get_BooleanMode()
FNDA:0,CommandDotNet.BooleanMode CommandDotNet.OptionAttribute::get_BooleanMode()
DA:52,0
FN:52,System.Void CommandDotNet.OptionAttribute::set_BooleanMode(CommandDotNet.BooleanMode)
FNDA:0,System.Void CommandDotNet.OptionAttribute::set_BooleanMode(CommandDotNet.BooleanMode)
DA:53,0
FN:70,System.Char CommandDotNet.OptionAttribute::get_Split()
FNDA:0,System.Char CommandDotNet.OptionAttribute::get_Split()
DA:71,0
FN:71,System.Void CommandDotNet.OptionAttribute::set_Split(System.Char)
FNDA:0,System.Void CommandDotNet.OptionAttribute::set_Split(System.Char)
DA:72,0
FN:145,System.Void CommandDotNet.OptionAttribute::SetLongName(System.String)
FNDA:30,System.Void CommandDotNet.OptionAttribute::SetLongName(System.String)
DA:146,30
DA:147,30
DA:148,0
DA:149,0
DA:150,0
DA:151,0
DA:154,30
DA:155,0
DA:156,0
DA:157,0
DA:159,30
DA:160,30
DA:161,30
BRDA:147,2,0,0
BRDA:147,2,1,30
BRDA:147,18,0,0
BRDA:147,18,1,30
BRDA:154,124,0,0
BRDA:154,124,1,30
FN:85,System.Void CommandDotNet.OptionAttribute::.ctor(System.Int32)
FNDA:34,System.Void CommandDotNet.OptionAttribute::.ctor(System.Int32)
DA:86,34
DA:87,34
DA:88,34
DA:89,34
FN:100,System.Void CommandDotNet.OptionAttribute::.ctor(System.Char,System.Int32)
FNDA:32,System.Void CommandDotNet.OptionAttribute::.ctor(System.Char,System.Int32)
DA:101,32
DA:102,32
DA:103,32
DA:104,32
DA:105,32
FN:118,System.Void CommandDotNet.OptionAttribute::.ctor(System.String,System.Int32)
FNDA:10,System.Void CommandDotNet.OptionAttribute::.ctor(System.String,System.Int32)
DA:119,10
DA:120,10
DA:121,10
DA:122,10
DA:123,10
FN:137,System.Void CommandDotNet.OptionAttribute::.ctor(System.Char,System.String,System.Int32)
FNDA:20,System.Void CommandDotNet.OptionAttribute::.ctor(System.Char,System.String,System.Int32)
DA:138,20
DA:139,20
DA:140,20
DA:141,20
DA:142,20
DA:143,20
LF:38
LH:27
BRF:6
BRH:3
FNF:10
FNH:6
end_of_record
SF:CommandDotNet/OptionTemplate.cs
FN:14,System.String CommandDotNet.OptionTemplate::BuildTemplate(CommandDotNet.Option,System.String)
FNDA:0,System.String CommandDotNet.OptionTemplate::BuildTemplate(CommandDotNet.Option,System.String)
DA:15,0
FN:17,System.String CommandDotNet.OptionTemplate::Build(System.String,System.Nullable`1<System.Char>,System.String)
FNDA:4,System.String CommandDotNet.OptionTemplate::Build(System.String,System.Nullable`1<System.Char>,System.String)
DA:18,4
DA:19,4
DA:22,4
DA:23,4
DA:25,4
DA:26,0
DA:27,0
DA:28,0
DA:31,4
DA:40,4
BRDA:22,33,0,0
BRDA:22,33,1,4
BRDA:25,91,0,0
BRDA:25,91,1,4
LF:11
LH:7
BRF:4
BRH:2
FNF:2
FNH:1
end_of_record
SF:CommandDotNet/OrderByPositionInClassAttribute.cs
FN:15,System.Void CommandDotNet.OrderByPositionInClassAttribute::.ctor(System.Int32)
FNDA:0,System.Void CommandDotNet.OrderByPositionInClassAttribute::.ctor(System.Int32)
DA:16,0
LF:1
LH:0
BRF:0
BRH:0
FNF:1
FNH:0
end_of_record
SF:CommandDotNet/OriginalInput.cs
FN:7,System.Void CommandDotNet.OriginalInput::.ctor(System.String[],CommandDotNet.Tokens.TokenCollection)
FNDA:4,System.Void CommandDotNet.OriginalInput::.ctor(System.String[],CommandDotNet.Tokens.TokenCollection)
DA:8,4
LF:1
LH:1
BRF:0
BRH:0
FNF:1
FNH:1
end_of_record
SF:CommandDotNet/ParseAppSettings.cs
FN:25,System.String CommandDotNet.ParseAppSettings::ToString()
FNDA:0,System.String CommandDotNet.ParseAppSettings::ToString()
DA:26,0
FN:27,System.String CommandDotNet.ParseAppSettings::ToString(CommandDotNet.Indent)
FNDA:0,System.String CommandDotNet.ParseAppSettings::ToString(CommandDotNet.Indent)
DA:28,0
LF:2
LH:0
BRF:0
BRH:0
FNF:2
FNH:0
end_of_record
SF:CommandDotNet/Password.cs
FN:20,System.String CommandDotNet.Password::GetPassword()
FNDA:0,System.String CommandDotNet.Password::GetPassword()
DA:21,0
FN:22,System.String CommandDotNet.Password::ToString()
FNDA:0,System.String CommandDotNet.Password::ToString()
DA:23,0
BRDA:23,11,0,0
BRDA:23,11,1,0
FN:24,System.Boolean CommandDotNet.Password::Equals(CommandDotNet.Password)
FNDA:0,System.Boolean CommandDotNet.Password::Equals(CommandDotNet.Password)
DA:25,0
FN:27,System.Boolean CommandDotNet.Password::Equals(System.Object)
FNDA:0,System.Boolean CommandDotNet.Password::Equals(System.Object)
DA:28,0
DA:29,0
DA:30,0
DA:31,0
BRDA:28,1,0,0
BRDA:28,5,0,0
BRDA:28,24,0,0
BRDA:28,24,1,0
BRDA:28,5,1,0
BRDA:28,1,1,0
FN:32,System.Int32 CommandDotNet.Password::GetHashCode()
FNDA:0,System.Int32 CommandDotNet.Password::GetHashCode()
DA:33,0
FN:14,System.Void CommandDotNet.Password::.ctor(System.String)
FNDA:0,System.Void CommandDotNet.Password::.ctor(System.String)
DA:15,0
DA:19,0
FN:16,System.Void CommandDotNet.Password::.cctor()
FNDA:0,System.Void CommandDotNet.Password::.cctor()
DA:17,0
LF:11
LH:0
BRF:8
BRH:0
FNF:7
FNH:0
end_of_record
SF:CommandDotNet/PositionalAttribute.cs
FN:30,System.Void CommandDotNet.PositionalAttribute::.ctor(System.Int32)
FNDA:0,System.Void CommandDotNet.PositionalAttribute::.ctor(System.Int32)
DA:31,0
DA:32,0
DA:33,0
FN:45,System.Void CommandDotNet.PositionalAttribute::.ctor(System.String,System.Int32)
FNDA:0,System.Void CommandDotNet.PositionalAttribute::.ctor(System.String,System.Int32)
DA:46,0
DA:47,0
DA:48,0
LF:6
LH:0
BRF:0
BRH:0
FNF:2
FNH:0
end_of_record
SF:CommandDotNet/ResourcesProxy.cs
FN:14,System.String CommandDotNet.ResourcesProxy::Format(System.String,System.Object[])
FNDA:0,System.String CommandDotNet.ResourcesProxy::Format(System.String,System.Object[])
DA:15,0
BRDA:15,1,0,0
BRDA:15,1,1,0
FN:17,System.String CommandDotNet.ResourcesProxy::get_ValueSource_EnvVar()
FNDA:0,System.String CommandDotNet.ResourcesProxy::get_ValueSource_EnvVar()
DA:18,0
DA:19,0
DA:20,0
DA:21,0
BRDA:18,12,0,0
BRDA:18,12,1,0
BRDA:18,33,0,0
BRDA:18,33,1,0
FN:23,System.String CommandDotNet.ResourcesProxy::get_ValueSource_AppSetting()
FNDA:0,System.String CommandDotNet.ResourcesProxy::get_ValueSource_AppSetting()
DA:24,0
DA:25,0
DA:26,0
DA:27,0
BRDA:24,12,0,0
BRDA:24,12,1,0
BRDA:24,33,0,0
BRDA:24,33,1,0
FN:29,System.String CommandDotNet.ResourcesProxy::get_Command_version()
FNDA:0,System.String CommandDotNet.ResourcesProxy::get_Command_version()
DA:30,0
DA:31,0
DA:32,0
DA:33,0
BRDA:30,12,0,0
BRDA:30,12,1,0
BRDA:30,33,0,0
BRDA:30,33,1,0
FN:35,System.String CommandDotNet.ResourcesProxy::get_Command_version_description()
FNDA:0,System.String CommandDotNet.ResourcesProxy::get_Command_version_description()
DA:36,0
DA:37,0
DA:38,0
DA:39,0
BRDA:36,12,0,0
BRDA:36,12,1,0
BRDA:36,33,0,0
BRDA:36,33,1,0
FN:41,System.String CommandDotNet.ResourcesProxy::get_CommandLogger_Original_input()
FNDA:0,System.String CommandDotNet.ResourcesProxy::get_CommandLogger_Original_input()
DA:42,0
DA:43,0
DA:44,0
DA:45,0
BRDA:42,12,0,0
BRDA:42,12,1,0
BRDA:42,33,0,0
BRDA:42,33,1,0
FN:47,System.String CommandDotNet.ResourcesProxy::get_CommandLogger_Tool_version()
FNDA:0,System.String CommandDotNet.ResourcesProxy::get_CommandLogger_Tool_version()
DA:48,0
DA:49,0
DA:50,0
DA:51,0
BRDA:48,12,0,0
BRDA:48,12,1,0
BRDA:48,33,0,0
BRDA:48,33,1,0
FN:53,System.String CommandDotNet.ResourcesProxy::get_CommandLogger_DotNet_version()
FNDA:0,System.String CommandDotNet.ResourcesProxy::get_CommandLogger_DotNet_version()
DA:54,0
DA:55,0
DA:56,0
DA:57,0
BRDA:54,12,0,0
BRDA:54,12,1,0
BRDA:54,33,0,0
BRDA:54,33,1,0
FN:59,System.String CommandDotNet.ResourcesProxy::get_CommandLogger_OS_version()
FNDA:0,System.String CommandDotNet.ResourcesProxy::get_CommandLogger_OS_version()
DA:60,0
DA:61,0
DA:62,0
DA:63,0
BRDA:60,12,0,0
BRDA:60,12,1,0
BRDA:60,33,0,0
BRDA:60,33,1,0
FN:65,System.String CommandDotNet.ResourcesProxy::get_CommandLogger_Machine()
FNDA:0,System.String CommandDotNet.ResourcesProxy::get_CommandLogger_Machine()
DA:66,0
DA:67,0
DA:68,0
DA:69,0
BRDA:66,12,0,0
BRDA:66,12,1,0
BRDA:66,33,0,0
BRDA:66,33,1,0
FN:71,System.String CommandDotNet.ResourcesProxy::get_CommandLogger_Username()
FNDA:0,System.String CommandDotNet.ResourcesProxy::get_CommandLogger_Username()
DA:72,0
DA:73,0
DA:74,0
DA:75,0
BRDA:72,12,0,0
BRDA:72,12,1,0
BRDA:72,33,0,0
BRDA:72,33,1,0
FN:77,System.String CommandDotNet.ResourcesProxy::get_Exceptions_Data()
FNDA:0,System.String CommandDotNet.ResourcesProxy::get_Exceptions_Data()
DA:78,0
DA:79,0
DA:80,0
DA:81,0
BRDA:78,12,0,0
BRDA:78,12,1,0
BRDA:78,33,0,0
BRDA:78,33,1,0
FN:83,System.String CommandDotNet.ResourcesProxy::get_Exceptions_Properties()
FNDA:0,System.String CommandDotNet.ResourcesProxy::get_Exceptions_Properties()
DA:84,0
DA:85,0
DA:86,0
DA:87,0
BRDA:84,12,0,0
BRDA:84,12,1,0
BRDA:84,33,0,0
BRDA:84,33,1,0
FN:89,System.String CommandDotNet.ResourcesProxy::get_Exceptions_StackTrace()
FNDA:0,System.String CommandDotNet.ResourcesProxy::get_Exceptions_StackTrace()
DA:90,0
DA:91,0
DA:92,0
DA:93,0
BRDA:90,12,0,0
BRDA:90,12,1,0
BRDA:90,33,0,0
BRDA:90,33,1,0
FN:95,System.String CommandDotNet.ResourcesProxy::get_Exceptions_StackTrace_at()
FNDA:0,System.String CommandDotNet.ResourcesProxy::get_Exceptions_StackTrace_at()
DA:96,0
DA:97,0
DA:98,0
DA:99,0
BRDA:96,12,0,0
BRDA:96,12,1,0
BRDA:96,33,0,0
BRDA:96,33,1,0
FN:101,System.String CommandDotNet.ResourcesProxy::get_ParseReport_root_lc()
FNDA:0,System.String CommandDotNet.ResourcesProxy::get_ParseReport_root_lc()
DA:102,0
DA:103,0
DA:104,0
DA:105,0
BRDA:102,12,0,0
BRDA:102,12,1,0
BRDA:102,33,0,0
BRDA:102,33,1,0
FN:107,System.String CommandDotNet.ResourcesProxy::get_ParseDirective_Help_was_requested()
FNDA:0,System.String CommandDotNet.ResourcesProxy::get_ParseDirective_Help_was_requested()
DA:108,0
DA:109,0
DA:110,0
DA:111,0
BRDA:108,12,0,0
BRDA:108,12,1,0
BRDA:108,33,0,0
BRDA:108,33,1,0
FN:113,System.String CommandDotNet.ResourcesProxy::get_ParseDirective_Unable_to_map_tokens_to_arguments()
FNDA:0,System.String CommandDotNet.ResourcesProxy::get_ParseDirective_Unable_to_map_tokens_to_arguments()
DA:114,0
DA:115,0
DA:116,0
DA:117,0
BRDA:114,12,0,0
BRDA:114,12,1,0
BRDA:114,33,0,0
BRDA:114,33,1,0
FN:119,System.String CommandDotNet.ResourcesProxy::get_ParseDirective_parse_lc()
FNDA:0,System.String CommandDotNet.ResourcesProxy::get_ParseDirective_parse_lc()
DA:120,0
DA:121,0
DA:122,0
DA:123,0
BRDA:120,12,0,0
BRDA:120,12,1,0
BRDA:120,33,0,0
BRDA:120,33,1,0
FN:125,System.String CommandDotNet.ResourcesProxy::get_ParseDirective_token_transformations_lc()
FNDA:0,System.String CommandDotNet.ResourcesProxy::get_ParseDirective_token_transformations_lc()
DA:126,0
DA:127,0
DA:128,0
DA:129,0
BRDA:126,12,0,0
BRDA:126,12,1,0
BRDA:126,33,0,0
BRDA:126,33,1,0
FN:131,System.String CommandDotNet.ResourcesProxy::get_ParseDirective_from_shell_lc()
FNDA:0,System.String CommandDotNet.ResourcesProxy::get_ParseDirective_from_shell_lc()
DA:132,0
DA:133,0
DA:134,0
DA:135,0
BRDA:132,12,0,0
BRDA:132,12,1,0
BRDA:132,33,0,0
BRDA:132,33,1,0
FN:137,System.String CommandDotNet.ResourcesProxy::get_Debugger_debug_lc()
FNDA:0,System.String CommandDotNet.ResourcesProxy::get_Debugger_debug_lc()
DA:138,0
DA:139,0
DA:140,0
DA:141,0
BRDA:138,12,0,0
BRDA:138,12,1,0
BRDA:138,33,0,0
BRDA:138,33,1,0
FN:143,System.String CommandDotNet.ResourcesProxy::get_Time_time()
FNDA:0,System.String CommandDotNet.ResourcesProxy::get_Time_time()
DA:144,0
DA:145,0
DA:146,0
DA:147,0
BRDA:144,12,0,0
BRDA:144,12,1,0
BRDA:144,33,0,0
BRDA:144,33,1,0
FN:149,System.String CommandDotNet.ResourcesProxy::get_Command_help()
FNDA:0,System.String CommandDotNet.ResourcesProxy::get_Command_help()
DA:150,0
DA:151,0
DA:152,0
DA:153,0
BRDA:150,12,0,0
BRDA:150,12,1,0
BRDA:150,33,0,0
BRDA:150,33,1,0
FN:155,System.String CommandDotNet.ResourcesProxy::get_Command_help_description()
FNDA:0,System.String CommandDotNet.ResourcesProxy::get_Command_help_description()
DA:156,0
DA:157,0
DA:158,0
DA:159,0
BRDA:156,12,0,0
BRDA:156,12,1,0
BRDA:156,33,0,0
BRDA:156,33,1,0
FN:161,System.String CommandDotNet.ResourcesProxy::get_Help_Allowed_values()
FNDA:0,System.String CommandDotNet.ResourcesProxy::get_Help_Allowed_values()
DA:162,0
DA:163,0
DA:164,0
DA:165,0
BRDA:162,12,0,0
BRDA:162,12,1,0
BRDA:162,33,0,0
BRDA:162,33,1,0
FN:167,System.String CommandDotNet.ResourcesProxy::get_Help_arg()
FNDA:0,System.String CommandDotNet.ResourcesProxy::get_Help_arg()
DA:168,0
DA:169,0
DA:170,0
DA:171,0
BRDA:168,12,0,0
BRDA:168,12,1,0
BRDA:168,33,0,0
BRDA:168,33,1,0
FN:173,System.String CommandDotNet.ResourcesProxy::get_Help_Arguments()
FNDA:0,System.String CommandDotNet.ResourcesProxy::get_Help_Arguments()
DA:174,0
DA:175,0
DA:176,0
DA:177,0
BRDA:174,12,0,0
BRDA:174,12,1,0
BRDA:174,33,0,0
BRDA:174,33,1,0
FN:179,System.String CommandDotNet.ResourcesProxy::get_Help_Commands()
FNDA:0,System.String CommandDotNet.ResourcesProxy::get_Help_Commands()
DA:180,0
DA:181,0
DA:182,0
DA:183,0
BRDA:180,12,0,0
BRDA:180,12,1,0
BRDA:180,33,0,0
BRDA:180,33,1,0
FN:185,System.String CommandDotNet.ResourcesProxy::get_Help_for_more_information_about_a_command()
FNDA:0,System.String CommandDotNet.ResourcesProxy::get_Help_for_more_information_about_a_command()
DA:186,0
DA:187,0
DA:188,0
DA:189,0
BRDA:186,12,0,0
BRDA:186,12,1,0
BRDA:186,33,0,0
BRDA:186,33,1,0
FN:191,System.String CommandDotNet.ResourcesProxy::get_Help_Multiple()
FNDA:0,System.String CommandDotNet.ResourcesProxy::get_Help_Multiple()
DA:192,0
DA:193,0
DA:194,0
DA:195,0
BRDA:192,12,0,0
BRDA:192,12,1,0
BRDA:192,33,0,0
BRDA:192,33,1,0
FN:197,System.String CommandDotNet.ResourcesProxy::get_Help_Options()
FNDA:0,System.String CommandDotNet.ResourcesProxy::get_Help_Options()
DA:198,0
DA:199,0
DA:200,0
DA:201,0
BRDA:198,12,0,0
BRDA:198,12,1,0
BRDA:198,33,0,0
BRDA:198,33,1,0
FN:203,System.String CommandDotNet.ResourcesProxy::get_Help_Options_also_available_for_subcommands()
FNDA:0,System.String CommandDotNet.ResourcesProxy::get_Help_Options_also_available_for_subcommands()
DA:204,0
DA:205,0
DA:206,0
DA:207,0
BRDA:204,12,0,0
BRDA:204,12,1,0
BRDA:204,33,0,0
BRDA:204,33,1,0
FN:209,System.String CommandDotNet.ResourcesProxy::get_Help_Usage()
FNDA:0,System.String CommandDotNet.ResourcesProxy::get_Help_Usage()
DA:210,0
DA:211,0
DA:212,0
DA:213,0
BRDA:210,12,0,0
BRDA:210,12,1,0
BRDA:210,33,0,0
BRDA:210,33,1,0
FN:215,System.String CommandDotNet.ResourcesProxy::get_Help_usage_lc()
FNDA:0,System.String CommandDotNet.ResourcesProxy::get_Help_usage_lc()
DA:216,0
DA:217,0
DA:218,0
DA:219,0
BRDA:216,12,0,0
BRDA:216,12,1,0
BRDA:216,33,0,0
BRDA:216,33,1,0
FN:221,System.String CommandDotNet.ResourcesProxy::get_Help_Use()
FNDA:0,System.String CommandDotNet.ResourcesProxy::get_Help_Use()
DA:222,0
DA:223,0
DA:224,0
DA:225,0
BRDA:222,12,0,0
BRDA:222,12,1,0
BRDA:222,33,0,0
BRDA:222,33,1,0
FN:227,System.String CommandDotNet.ResourcesProxy::get_Input_inputs_lc()
FNDA:0,System.String CommandDotNet.ResourcesProxy::get_Input_inputs_lc()
DA:228,0
DA:229,0
DA:230,0
DA:231,0
BRDA:228,12,0,0
BRDA:228,12,1,0
BRDA:228,33,0,0
BRDA:228,33,1,0
FN:233,System.String CommandDotNet.ResourcesProxy::get_Input_stream_lc()
FNDA:0,System.String CommandDotNet.ResourcesProxy::get_Input_stream_lc()
DA:234,0
DA:235,0
DA:236,0
DA:237,0
BRDA:234,12,0,0
BRDA:234,12,1,0
BRDA:234,33,0,0
BRDA:234,33,1,0
FN:239,System.String CommandDotNet.ResourcesProxy::get_Input_piped_lc()
FNDA:0,System.String CommandDotNet.ResourcesProxy::get_Input_piped_lc()
DA:240,0
DA:241,0
DA:242,0
DA:243,0
BRDA:240,12,0,0
BRDA:240,12,1,0
BRDA:240,33,0,0
BRDA:240,33,1,0
FN:245,System.String CommandDotNet.ResourcesProxy::get_Input_prompt_lc()
FNDA:0,System.String CommandDotNet.ResourcesProxy::get_Input_prompt_lc()
DA:246,0
DA:247,0
DA:248,0
DA:249,0
BRDA:246,12,0,0
BRDA:246,12,1,0
BRDA:246,33,0,0
[...]
FNDA:14,System.Void CommandDotNet.ClassModeling.Definitions.PropertyArgumentDef::.ctor(System.Reflection.PropertyInfo,CommandDotNet.CommandNodeType,CommandDotNet.Execution.AppConfig,System.Object)
DA:35,14
DA:36,14
DA:37,14
DA:38,14
DA:39,14
DA:40,14
DA:41,14
DA:42,0
DA:43,0
DA:46,14
DA:48,14
DA:49,14
DA:50,14
DA:52,14
DA:53,14
DA:55,14
DA:56,14
DA:57,14
DA:58,14
DA:59,14
DA:60,14
DA:61,14
DA:62,14
DA:63,14
DA:64,14
DA:65,14
BRDA:41,40,0,0
BRDA:41,40,1,14
BRDA:46,57,0,0
BRDA:46,57,1,14
BRDA:61,216,0,10
BRDA:61,225,0,4
BRDA:61,225,1,6
BRDA:61,216,1,4
LF:31
LH:27
BRF:8
BRH:6
FNF:6
FNH:4
end_of_record
SF:CommandDotNet/ClassModeling/Definitions/ServicesContainerExtensions.cs
FN:5,CommandDotNet.ClassModeling.Definitions.ICommandDef CommandDotNet.ClassModeling.Definitions.ServicesContainerExtensions::GetCommandDef(CommandDotNet.Command)
FNDA:14,CommandDotNet.ClassModeling.Definitions.ICommandDef CommandDotNet.ClassModeling.Definitions.ServicesContainerExtensions::GetCommandDef(CommandDotNet.Command)
DA:6,14
FN:8,CommandDotNet.ClassModeling.Definitions.IArgumentDef CommandDotNet.ClassModeling.Definitions.ServicesContainerExtensions::GetArgumentDef(CommandDotNet.IArgument)
FNDA:0,CommandDotNet.ClassModeling.Definitions.IArgumentDef CommandDotNet.ClassModeling.Definitions.ServicesContainerExtensions::GetArgumentDef(CommandDotNet.IArgument)
DA:9,0
LF:2
LH:1
BRF:0
BRH:0
FNF:2
FNH:1
end_of_record
SF:CommandDotNet/Builders/AppInfo.cs
FN:37,CommandDotNet.Builders.AppInfo CommandDotNet.Builders.AppInfo::get_Instance()
FNDA:0,CommandDotNet.Builders.AppInfo CommandDotNet.Builders.AppInfo::get_Instance()
DA:38,0
BRDA:38,6,0,0
BRDA:38,6,1,0
BRDA:38,18,0,0
BRDA:38,27,0,0
BRDA:38,18,1,0
BRDA:38,27,1,0
FN:45,System.IDisposable CommandDotNet.Builders.AppInfo::SetResolver(System.Func`1<CommandDotNet.Builders.AppInfo>)
FNDA:0,System.IDisposable CommandDotNet.Builders.AppInfo::SetResolver(System.Func`1<CommandDotNet.Builders.AppInfo>)
DA:46,0
DA:47,0
DA:48,0
DA:49,0
FN:70,System.String CommandDotNet.Builders.AppInfo::get_Version()
FNDA:0,System.String CommandDotNet.Builders.AppInfo::get_Version()
DA:71,0
BRDA:71,7,0,0
BRDA:71,7,1,0
FN:73,CommandDotNet.Builders.AppInfo CommandDotNet.Builders.AppInfo::BuildAppInfo()
FNDA:0,CommandDotNet.Builders.AppInfo CommandDotNet.Builders.AppInfo::BuildAppInfo()
DA:74,0
DA:75,0
DA:76,0
DA:77,0
DA:78,0
DA:79,0
DA:80,0
DA:81,0
DA:82,0
DA:86,0
DA:87,0
DA:92,0
DA:93,0
DA:94,0
DA:96,0
DA:102,0
DA:104,0
DA:105,0
DA:107,0
DA:108,0
DA:117,0
DA:118,0
DA:119,0
DA:120,0
DA:121,0
DA:123,0
DA:124,0
DA:125,0
DA:126,0
DA:127,0
DA:128,0
DA:130,0
DA:132,0
DA:133,0
DA:134,0
DA:136,0
DA:138,0
DA:139,0
DA:140,0
DA:141,0
DA:143,0
DA:144,0
BRDA:76,18,0,0
BRDA:76,18,1,0
BRDA:87,44,0,0
BRDA:87,44,1,0
BRDA:93,73,0,0
BRDA:93,73,1,0
BRDA:120,177,0,0
BRDA:123,192,0,0
BRDA:123,192,1,0
BRDA:123,219,0,0
BRDA:123,219,1,0
BRDA:120,177,1,0
BRDA:130,259,0,0
BRDA:130,259,1,0
BRDA:132,280,0,0
BRDA:132,280,1,0
FN:146,System.String CommandDotNet.Builders.AppInfo::GetVersion(System.Reflection.Assembly)
FNDA:0,System.String CommandDotNet.Builders.AppInfo::GetVersion(System.Reflection.Assembly)
DA:147,0
DA:149,0
DA:150,0
DA:151,0
DA:152,0
DA:154,0
DA:155,0
DA:156,0
BRDA:149,8,0,0
BRDA:149,8,1,0
BRDA:150,26,0,0
BRDA:150,26,1,0
BRDA:155,44,0,0
BRDA:155,44,1,0
FN:157,System.Object CommandDotNet.Builders.AppInfo::Clone()
FNDA:0,System.Object CommandDotNet.Builders.AppInfo::Clone()
DA:158,0
FN:159,System.String CommandDotNet.Builders.AppInfo::ToString()
FNDA:0,System.String CommandDotNet.Builders.AppInfo::ToString()
DA:160,0
FN:161,System.String CommandDotNet.Builders.AppInfo::ToString(CommandDotNet.Indent)
FNDA:0,System.String CommandDotNet.Builders.AppInfo::ToString(CommandDotNet.Indent)
DA:162,0
FN:18,System.Void CommandDotNet.Builders.AppInfo::.ctor(System.Boolean,System.Boolean,System.Boolean,System.Reflection.Assembly,System.String,System.String,System.String)
FNDA:0,System.Void CommandDotNet.Builders.AppInfo::.ctor(System.Boolean,System.Boolean,System.Boolean,System.Reflection.Assembly,System.String,System.String,System.String)
DA:19,0
DA:20,0
DA:21,0
DA:22,0
DA:23,0
DA:24,0
DA:25,0
DA:26,0
DA:51,0
FN:28,System.Void CommandDotNet.Builders.AppInfo::.cctor()
FNDA:0,System.Void CommandDotNet.Builders.AppInfo::.cctor()
DA:29,0
LF:69
LH:0
BRF:30
BRH:0
FNF:10
FNH:0
end_of_record
SF:CommandDotNet/Builders/BuildEvents.cs
FN:18,System.Void CommandDotNet.Builders.BuildEvents::CommandCreated(CommandDotNet.CommandContext,CommandDotNet.Builders.ICommandBuilder)
FNDA:64,System.Void CommandDotNet.Builders.BuildEvents::CommandCreated(CommandDotNet.CommandContext,CommandDotNet.Builders.ICommandBuilder)
DA:19,64
DA:20,64
DA:21,64
BRDA:20,8,0,0
BRDA:20,8,1,64
FN:23,System.Void CommandDotNet.Builders.BuildEvents/CommandCreatedEventArgs::.ctor(CommandDotNet.CommandContext,CommandDotNet.Builders.ICommandBuilder)
FNDA:64,System.Void CommandDotNet.Builders.BuildEvents/CommandCreatedEventArgs::.ctor(CommandDotNet.CommandContext,CommandDotNet.Builders.ICommandBuilder)
DA:24,64
BRDA:27,3,0,0
BRDA:27,3,1,64
BRDA:28,25,0,0
BRDA:28,25,1,64
LF:4
LH:4
BRF:6
BRH:3
FNF:2
FNH:2
end_of_record
SF:CommandDotNet/Builders/CommandBuilder.cs
FN:9,System.Void CommandDotNet.Builders.CommandBuilder::AddSubCommand(CommandDotNet.Command)
FNDA:60,System.Void CommandDotNet.Builders.CommandBuilder::AddSubCommand(CommandDotNet.Command)
DA:10,60
FN:11,System.Void CommandDotNet.Builders.CommandBuilder::AddArgument(CommandDotNet.IArgument)
FNDA:130,System.Void CommandDotNet.Builders.CommandBuilder::AddArgument(CommandDotNet.IArgument)
DA:12,130
FN:5,System.Void CommandDotNet.Builders.CommandBuilder::.ctor(CommandDotNet.Command)
FNDA:64,System.Void CommandDotNet.Builders.CommandBuilder::.ctor(CommandDotNet.Command)
DA:6,64
LF:3
LH:3
BRF:0
BRH:0
FNF:3
FNH:3
end_of_record
SF:CommandDotNet/Builders/DependencyResolverExtensions.cs
FN:9,T CommandDotNet.Builders.DependencyResolverExtensions::Resolve(CommandDotNet.Builders.IDependencyResolver)
FNDA:0,T CommandDotNet.Builders.DependencyResolverExtensions::Resolve(CommandDotNet.Builders.IDependencyResolver)
DA:10,0
FN:14,System.Boolean CommandDotNet.Builders.DependencyResolverExtensions::TryResolve(CommandDotNet.Builders.IDependencyResolver,T&)
FNDA:0,System.Boolean CommandDotNet.Builders.DependencyResolverExtensions::TryResolve(CommandDotNet.Builders.IDependencyResolver,T&)
DA:15,0
DA:16,0
DA:17,0
DA:18,0
DA:19,0
FN:21,T CommandDotNet.Builders.DependencyResolverExtensions::ResolveOrDefault(CommandDotNet.Builders.IDependencyResolver)
FNDA:0,T CommandDotNet.Builders.DependencyResolverExtensions::ResolveOrDefault(CommandDotNet.Builders.IDependencyResolver)
DA:22,0
BRDA:22,8,0,0
BRDA:22,8,1,0
LF:7
LH:0
BRF:2
BRH:0
FNF:3
FNH:0
end_of_record
SF:CommandDotNet/Builders/DependencyResolverMiddleware.cs
FN:13,CommandDotNet.AppRunner CommandDotNet.Builders.DependencyResolverMiddleware::UseDependencyResolver(CommandDotNet.AppRunner,CommandDotNet.Builders.IDependencyResolver,System.Func`2<CommandDotNet.CommandContext,System.IDisposable>,CommandDotNet.Execution.ResolveStrategy,CommandDotNet.Execution.ResolveStrategy)
FNDA:0,CommandDotNet.AppRunner CommandDotNet.Builders.DependencyResolverMiddleware::UseDependencyResolver(CommandDotNet.AppRunner,CommandDotNet.Builders.IDependencyResolver,System.Func`2<CommandDotNet.CommandContext,System.IDisposable>,CommandDotNet.Execution.ResolveStrategy,CommandDotNet.Execution.ResolveStrategy)
DA:14,0
DA:15,0
DA:16,0
DA:17,0
DA:18,0
DA:19,0
DA:20,0
DA:21,0
DA:22,0
DA:23,0
DA:24,0
DA:25,0
DA:26,0
DA:27,0
DA:28,0
DA:29,0
FN:31,System.Threading.Tasks.Task`1<System.Int32> CommandDotNet.Builders.DependencyResolverMiddleware::RunInScope(CommandDotNet.CommandContext,CommandDotNet.Execution.ExecutionDelegate)
FNDA:0,System.Threading.Tasks.Task`1<System.Int32> CommandDotNet.Builders.DependencyResolverMiddleware::RunInScope(CommandDotNet.CommandContext,CommandDotNet.Execution.ExecutionDelegate)
DA:32,0
DA:33,0
DA:34,0
DA:35,0
DA:36,0
DA:38,0
FN:39,System.Void CommandDotNet.Builders.DependencyResolverMiddleware/Config::.ctor(System.Func`2<CommandDotNet.CommandContext,System.IDisposable>)
FNDA:0,System.Void CommandDotNet.Builders.DependencyResolverMiddleware/Config::.ctor(System.Func`2<CommandDotNet.CommandContext,System.IDisposable>)
DA:40,0
DA:42,0
BRDA:42,3,0,0
BRDA:42,3,1,0
LF:24
LH:0
BRF:2
BRH:0
FNF:3
FNH:0
end_of_record
SF:CommandDotNet/Builders/ArgumentDefaults/DefaultSources.cs
FN:153,System.Func`2<CommandDotNet.IArgument,CommandDotNet.ArgumentDefault> CommandDotNet.Builders.ArgumentDefaults.DefaultSources::GetValueFunc(System.String,System.Func`2<System.String,System.String>,CommandDotNet.Builders.ArgumentDefaults.GetArgumentKeysDelegate[])
FNDA:2,System.Func`2<CommandDotNet.IArgument,CommandDotNet.ArgumentDefault> CommandDotNet.Builders.ArgumentDefaults.DefaultSources::GetValueFunc(System.String,System.Func`2<System.String,System.String>,CommandDotNet.Builders.ArgumentDefaults.GetArgumentKeysDelegate[])
DA:154,2
DA:155,2
DA:156,0
DA:157,0
DA:160,2
DA:161,0
DA:162,0
DA:165,2
DA:166,0
DA:167,0
DA:170,2
DA:171,2
DA:172,2
DA:173,2
DA:174,2
DA:175,2
DA:176,2
DA:177,2
DA:178,2
DA:179,2
DA:180,2
DA:181,2
DA:182,2
DA:183,2
DA:184,2
DA:185,2
DA:186,2
DA:187,2
DA:188,2
DA:189,2
DA:190,2
DA:191,2
DA:192,2
DA:193,2
DA:194,2
DA:195,2
DA:196,2
DA:197,2
DA:198,2
DA:199,2
DA:200,2
DA:201,2
DA:202,2
DA:203,2
DA:204,2
BRDA:155,39,0,0
BRDA:155,39,1,2
BRDA:160,64,0,0
BRDA:160,64,1,2
BRDA:165,89,0,0
BRDA:165,89,1,2
FN:14,System.Void CommandDotNet.Builders.ArgumentDefaults.DefaultSources::.cctor()
FNDA:1,System.Void CommandDotNet.Builders.ArgumentDefaults.DefaultSources::.cctor()
DA:15,1
FN:43,System.Func`2<CommandDotNet.IArgument,CommandDotNet.ArgumentDefault> CommandDotNet.Builders.ArgumentDefaults.DefaultSources/EnvVar::GetDefaultValue(CommandDotNet.AppRunner,System.Collections.IDictionary,CommandDotNet.Builders.ArgumentDefaults.GetArgumentKeysDelegate[])
FNDA:0,System.Func`2<CommandDotNet.IArgument,CommandDotNet.ArgumentDefault> CommandDotNet.Builders.ArgumentDefaults.DefaultSources/EnvVar::GetDefaultValue(CommandDotNet.AppRunner,System.Collections.IDictionary,CommandDotNet.Builders.ArgumentDefaults.GetArgumentKeysDelegate[])
DA:44,0
DA:45,0
DA:47,0
DA:48,0
DA:49,0
DA:61,0
BRDA:47,45,0,0
BRDA:47,45,1,0
FN:109,System.Func`2<CommandDotNet.IArgument,CommandDotNet.ArgumentDefault> CommandDotNet.Builders.ArgumentDefaults.DefaultSources/AppSetting::GetDefaultValue(System.Collections.Specialized.NameValueCollection,CommandDotNet.Builders.ArgumentDefaults.GetArgumentKeysDelegate[])
FNDA:2,System.Func`2<CommandDotNet.IArgument,CommandDotNet.ArgumentDefault> CommandDotNet.Builders.ArgumentDefaults.DefaultSources/AppSetting::GetDefaultValue(System.Collections.Specialized.NameValueCollection,CommandDotNet.Builders.ArgumentDefaults.GetArgumentKeysDelegate[])
DA:110,2
DA:111,2
DA:112,2
DA:113,2
DA:114,2
BRDA:111,38,0,0
BRDA:111,38,1,2
LF:57
LH:45
BRF:10
BRH:4
FNF:4
FNH:3
end_of_record
SF:CommandDotNet/Builders/ArgumentDefaults/SetArgumentDefaultsMiddleware.cs
FN:11,CommandDotNet.AppRunner CommandDotNet.Builders.ArgumentDefaults.SetArgumentDefaultsMiddleware::SetArgumentDefaultsFrom(CommandDotNet.AppRunner,System.Func`2<CommandDotNet.IArgument,CommandDotNet.ArgumentDefault>[])
FNDA:2,CommandDotNet.AppRunner CommandDotNet.Builders.ArgumentDefaults.SetArgumentDefaultsMiddleware::SetArgumentDefaultsFrom(CommandDotNet.AppRunner,System.Func`2<CommandDotNet.IArgument,CommandDotNet.ArgumentDefault>[])
DA:12,2
DA:13,2
DA:14,0
DA:15,0
DA:19,2
DA:20,2
DA:21,2
DA:22,2
DA:23,2
DA:24,2
DA:25,2
DA:26,2
DA:27,2
DA:28,2
DA:29,2
DA:30,2
DA:31,2
DA:32,2
DA:33,2
DA:34,2
BRDA:13,25,0,0
BRDA:13,25,1,2
FN:36,System.Threading.Tasks.Task`1<System.Int32> CommandDotNet.Builders.ArgumentDefaults.SetArgumentDefaultsMiddleware::SetDefaults(CommandDotNet.CommandContext,CommandDotNet.Execution.ExecutionDelegate)
FNDA:2,System.Threading.Tasks.Task`1<System.Int32> CommandDotNet.Builders.ArgumentDefaults.SetArgumentDefaultsMiddleware::SetDefaults(CommandDotNet.CommandContext,CommandDotNet.Execution.ExecutionDelegate)
DA:37,2
DA:38,2
DA:39,0
DA:40,0
DA:43,2
DA:44,2
DA:46,18
DA:47,6
DA:48,6
DA:49,6
DA:50,6
DA:51,6
DA:52,0
DA:53,0
DA:54,0
DA:55,6
DA:57,2
DA:58,2
BRDA:38,17,0,0
BRDA:38,17,1,2
BRDA:46,200,1,6
BRDA:51,173,0,0
BRDA:51,173,1,6
BRDA:46,200,0,2
FN:59,System.Void CommandDotNet.Builders.ArgumentDefaults.SetArgumentDefaultsMiddleware/Config::.ctor(System.Func`2<CommandDotNet.IArgument,CommandDotNet.ArgumentDefault>[])
FNDA:2,System.Void CommandDotNet.Builders.ArgumentDefaults.SetArgumentDefaultsMiddleware/Config::.ctor(System.Func`2<CommandDotNet.IArgument,CommandDotNet.ArgumentDefault>[])
DA:60,2
DA:63,2
BRDA:63,3,0,0
BRDA:63,3,1,2
LF:40
LH:33
BRF:10
BRH:6
FNF:3
FNH:3
end_of_record
SF:/Users/drewburlingame/.nuget/packages/nullability.source/2.3.0/contentFiles/cs/net6.0/Nullability.Source/NullabilityInfoExtensions.cs
FN:18,System.Reflection.NullabilityInfo System.Reflection.NullabilityInfoExtensions::GetNullabilityInfo(System.Reflection.MemberInfo)
FNDA:0,System.Reflection.NullabilityInfo System.Reflection.NullabilityInfoExtensions::GetNullabilityInfo(System.Reflection.MemberInfo)
DA:19,0
DA:20,0
DA:21,0
DA:22,0
DA:25,0
DA:26,0
DA:27,0
DA:30,0
DA:31,0
DA:32,0
DA:35,0
DA:36,0
BRDA:20,14,0,0
BRDA:20,14,1,0
BRDA:25,42,0,0
BRDA:25,42,1,0
BRDA:30,70,0,0
BRDA:30,70,1,0
FN:38,System.Reflection.NullabilityState System.Reflection.NullabilityInfoExtensions::GetNullability(System.Reflection.MemberInfo)
FNDA:0,System.Reflection.NullabilityState System.Reflection.NullabilityInfoExtensions::GetNullability(System.Reflection.MemberInfo)
DA:39,0
DA:40,0
DA:41,0
FN:43,System.Boolean System.Reflection.NullabilityInfoExtensions::IsNullable(System.Reflection.MemberInfo)
FNDA:0,System.Boolean System.Reflection.NullabilityInfoExtensions::IsNullable(System.Reflection.MemberInfo)
DA:44,0
DA:45,0
DA:46,0
DA:47,0
FN:49,System.Reflection.NullabilityInfo System.Reflection.NullabilityInfoExtensions::GetNullabilityInfo(System.Reflection.FieldInfo)
FNDA:0,System.Reflection.NullabilityInfo System.Reflection.NullabilityInfoExtensions::GetNullabilityInfo(System.Reflection.FieldInfo)
DA:50,0
DA:51,0
DA:52,0
DA:53,0
DA:54,0
DA:55,0
DA:56,0
FN:58,System.Reflection.NullabilityState System.Reflection.NullabilityInfoExtensions::GetNullability(System.Reflection.FieldInfo)
FNDA:0,System.Reflection.NullabilityState System.Reflection.NullabilityInfoExtensions::GetNullability(System.Reflection.FieldInfo)
DA:59,0
DA:60,0
DA:61,0
FN:63,System.Boolean System.Reflection.NullabilityInfoExtensions::IsNullable(System.Reflection.FieldInfo)
FNDA:0,System.Boolean System.Reflection.NullabilityInfoExtensions::IsNullable(System.Reflection.FieldInfo)
DA:64,0
DA:65,0
DA:66,0
DA:67,0
FN:69,System.Reflection.NullabilityInfo System.Reflection.NullabilityInfoExtensions::GetNullabilityInfo(System.Reflection.EventInfo)
FNDA:0,System.Reflection.NullabilityInfo System.Reflection.NullabilityInfoExtensions::GetNullabilityInfo(System.Reflection.EventInfo)
DA:70,0
DA:71,0
DA:72,0
DA:73,0
DA:74,0
DA:75,0
DA:76,0
FN:78,System.Reflection.NullabilityState System.Reflection.NullabilityInfoExtensions::GetNullability(System.Reflection.EventInfo)
FNDA:0,System.Reflection.NullabilityState System.Reflection.NullabilityInfoExtensions::GetNullability(System.Reflection.EventInfo)
DA:79,0
DA:80,0
DA:81,0
FN:83,System.Boolean System.Reflection.NullabilityInfoExtensions::IsNullable(System.Reflection.EventInfo)
FNDA:0,System.Boolean System.Reflection.NullabilityInfoExtensions::IsNullable(System.Reflection.EventInfo)
DA:84,0
DA:85,0
DA:86,0
DA:87,0
FN:89,System.Reflection.NullabilityInfo System.Reflection.NullabilityInfoExtensions::GetNullabilityInfo(System.Reflection.PropertyInfo)
FNDA:10,System.Reflection.NullabilityInfo System.Reflection.NullabilityInfoExtensions::GetNullabilityInfo(System.Reflection.PropertyInfo)
DA:90,10
DA:91,10
DA:92,10
DA:93,10
DA:94,10
DA:95,10
DA:96,10
FN:98,System.Reflection.NullabilityState System.Reflection.NullabilityInfoExtensions::GetNullability(System.Reflection.PropertyInfo)
FNDA:10,System.Reflection.NullabilityState System.Reflection.NullabilityInfoExtensions::GetNullability(System.Reflection.PropertyInfo)
DA:99,10
DA:100,10
DA:101,10
FN:103,System.Boolean System.Reflection.NullabilityInfoExtensions::IsNullable(System.Reflection.PropertyInfo)
FNDA:0,System.Boolean System.Reflection.NullabilityInfoExtensions::IsNullable(System.Reflection.PropertyInfo)
DA:104,0
DA:105,0
DA:106,0
DA:107,0
FN:109,System.Reflection.NullabilityInfo System.Reflection.NullabilityInfoExtensions::GetNullabilityInfo(System.Reflection.ParameterInfo)
FNDA:38,System.Reflection.NullabilityInfo System.Reflection.NullabilityInfoExtensions::GetNullabilityInfo(System.Reflection.ParameterInfo)
DA:110,38
DA:111,38
DA:112,38
DA:113,38
DA:114,38
DA:115,38
DA:116,38
FN:118,System.Reflection.NullabilityState System.Reflection.NullabilityInfoExtensions::GetNullability(System.Reflection.ParameterInfo)
FNDA:38,System.Reflection.NullabilityState System.Reflection.NullabilityInfoExtensions::GetNullability(System.Reflection.ParameterInfo)
DA:119,38
DA:120,38
DA:121,38
FN:123,System.Boolean System.Reflection.NullabilityInfoExtensions::IsNullable(System.Reflection.ParameterInfo)
FNDA:0,System.Boolean System.Reflection.NullabilityInfoExtensions::IsNullable(System.Reflection.ParameterInfo)
DA:124,0
DA:125,0
DA:126,0
DA:127,0
FN:129,System.Reflection.NullabilityState System.Reflection.NullabilityInfoExtensions::GetReadOrWriteState(System.Reflection.NullabilityInfo)
FNDA:48,System.Reflection.NullabilityState System.Reflection.NullabilityInfoExtensions::GetReadOrWriteState(System.Reflection.NullabilityInfo)
DA:130,48
DA:131,48
DA:132,0
DA:133,0
DA:136,48
DA:137,48
BRDA:131,12,0,0
BRDA:131,12,1,48
FN:139,System.Reflection.NullabilityState System.Reflection.NullabilityInfoExtensions::GetKnownState(System.String,System.Reflection.NullabilityInfo)
FNDA:0,System.Reflection.NullabilityState System.Reflection.NullabilityInfoExtensions::GetKnownState(System.String,System.Reflection.NullabilityInfo)
DA:140,0
DA:141,0
DA:142,0
DA:143,0
DA:144,0
DA:147,0
DA:148,0
DA:149,0
DA:150,0
DA:153,0
DA:154,0
BRDA:142,14,0,0
BRDA:142,14,1,0
BRDA:148,39,0,0
BRDA:148,39,1,0
FN:156,System.Boolean System.Reflection.NullabilityInfoExtensions::IsNullable(System.String,System.Reflection.NullabilityInfo)
FNDA:0,System.Boolean System.Reflection.NullabilityInfoExtensions::IsNullable(System.String,System.Reflection.NullabilityInfo)
DA:157,0
DA:158,0
DA:159,0
FN:162,System.Reflection.MemberInfo System.Reflection.NullabilityInfoExtensions::GetMemberWithSameMetadataDefinitionAs(System.Type,System.Reflection.MemberInfo)
FNDA:0,System.Reflection.MemberInfo System.Reflection.NullabilityInfoExtensions::GetMemberWithSameMetadataDefinitionAs(System.Type,System.Reflection.MemberInfo)
DA:163,0
DA:165,0
DA:166,0
DA:167,0
DA:168,0
DA:169,0
DA:171,0
DA:173,0
DA:174,0
BRDA:165,46,1,0
BRDA:167,29,0,0
BRDA:167,29,1,0
BRDA:165,46,0,0
FN:177,System.Boolean System.Reflection.NullabilityInfoExtensions::HasSameMetadataDefinitionAs(System.Reflection.MemberInfo,System.Reflection.MemberInfo)
FNDA:0,System.Boolean System.Reflection.NullabilityInfoExtensions::HasSameMetadataDefinitionAs(System.Reflection.MemberInfo,System.Reflection.MemberInfo)
DA:178,0
DA:179,0
DA:180,0
DA:181,0
BRDA:179,13,0,0
BRDA:179,13,1,0
FN:184,System.Boolean System.Reflection.NullabilityInfoExtensions::IsGenericMethodParameter(System.Type)
FNDA:0,System.Boolean System.Reflection.NullabilityInfoExtensions::IsGenericMethodParameter(System.Type)
DA:185,0
DA:186,0
DA:187,0
DA:188,0
BRDA:186,7,0,0
BRDA:186,7,1,0
FN:12,System.Void System.Reflection.NullabilityInfoExtensions::.cctor()
FNDA:1,System.Void System.Reflection.NullabilityInfoExtensions::.cctor()
DA:13,1
DA:14,1
DA:15,1
DA:16,1
LF:116
LH:28
BRF:20
BRH:1
FNF:22
FNH:6
end_of_record